CRITICAL - 2020-10-29 00:56:51 --> mysqli_num_rows() expects parameter 1 to be mysqli_result, boolean given
#0 [internal function]: CodeIgniter\Debug\Exceptions->errorHandler(2, 'mysqli_num_rows...', 'C:\\xampp\\htdocs...', 69, Array)
#1 C:\xampp\htdocs\twinzahra\public\models\Orders_Model.php(69): mysqli_num_rows(false)
#2 C:\xampp\htdocs\twinzahra\app\Views\v1\orders.php(358): Orders_Model->getDataOrders(5, NULL, 0, 1)
#3 C:\xampp\htdocs\twinzahra\system\View\View.php(246): include('C:\\xampp\\htdocs...')
#4 C:\xampp\htdocs\twinzahra\system\Common.php(1119): CodeIgniter\View\View->render('v1/orders', Array, true)
#5 C:\xampp\htdocs\twinzahra\app\Controllers\V1.php(56): view('v1/orders')
#6 C:\xampp\htdocs\twinzahra\system\CodeIgniter.php(922): App\Controllers\v1->orders()
#7 C:\xampp\htdocs\twinzahra\system\CodeIgniter.php(408): CodeIgniter\CodeIgniter->runController(Object(App\Controllers\v1))
#8 C:\xampp\htdocs\twinzahra\system\CodeIgniter.php(316): CodeIgniter\CodeIgniter->handleRequest(NULL, Object(Config\Cache), false)
#9 C:\xampp\htdocs\twinzahra\index.php(45): CodeIgniter\CodeIgniter->run()
#10 {main}
CRITICAL - 2020-10-29 01:16:46 --> Call to undefined method Orders_Model::getDataOrderItems()
#0 C:\xampp\htdocs\twinzahra\system\View\View.php(246): include()
#1 C:\xampp\htdocs\twinzahra\system\Common.php(1119): CodeIgniter\View\View->render('v1/orders', Array, true)
#2 C:\xampp\htdocs\twinzahra\app\Controllers\V1.php(56): view('v1/orders')
#3 C:\xampp\htdocs\twinzahra\system\CodeIgniter.php(922): App\Controllers\v1->orders()
#4 C:\xampp\htdocs\twinzahra\system\CodeIgniter.php(408): CodeIgniter\CodeIgniter->runController(Object(App\Controllers\v1))
#5 C:\xampp\htdocs\twinzahra\system\CodeIgniter.php(316): CodeIgniter\CodeIgniter->handleRequest(NULL, Object(Config\Cache), false)
#6 C:\xampp\htdocs\twinzahra\index.php(45): CodeIgniter\CodeIgniter->run()
#7 {main}
CRITICAL - 2020-10-29 11:52:19 --> syntax error, unexpected ';', expecting ',' or ')'
#0 C:\xampp\htdocs\twinzahra\system\Common.php(1119): CodeIgniter\View\View->render('v1/orders', Array, true)
#1 C:\xampp\htdocs\twinzahra\app\Controllers\V1.php(56): view('v1/orders')
#2 C:\xampp\htdocs\twinzahra\system\CodeIgniter.php(922): App\Controllers\v1->orders()
#3 C:\xampp\htdocs\twinzahra\system\CodeIgniter.php(408): CodeIgniter\CodeIgniter->runController(Object(App\Controllers\v1))
#4 C:\xampp\htdocs\twinzahra\system\CodeIgniter.php(316): CodeIgniter\CodeIgniter->handleRequest(NULL, Object(Config\Cache), false)
#5 C:\xampp\htdocs\twinzahra\index.php(45): CodeIgniter\CodeIgniter->run()
#6 {main}
CRITICAL - 2020-10-29 11:52:19 --> count(): Parameter must be an array or an object that implements Countable
#0 C:\xampp\htdocs\twinzahra\app\Views\orders\view\load_pending.php(101): CodeIgniter\Debug\Exceptions->errorHandler(2, 'count(): Parame...', 'C:\\xampp\\htdocs...', 101, Array)
#1 C:\xampp\htdocs\twinzahra\system\View\View.php(246): include('C:\\xampp\\htdocs...')
#2 C:\xampp\htdocs\twinzahra\system\Common.php(1119): CodeIgniter\View\View->render('orders/view/loa...', Array, true)
#3 C:\xampp\htdocs\twinzahra\app\Controllers\Orders.php(15): view('orders/view/loa...')
#4 C:\xampp\htdocs\twinzahra\system\CodeIgniter.php(922): App\Controllers\Orders->load_pending()
#5 C:\xampp\htdocs\twinzahra\system\CodeIgniter.php(408): CodeIgniter\CodeIgniter->runController(Object(App\Controllers\Orders))
#6 C:\xampp\htdocs\twinzahra\system\CodeIgniter.php(316): CodeIgniter\CodeIgniter->handleRequest(NULL, Object(Config\Cache), false)
#7 C:\xampp\htdocs\twinzahra\index.php(45): CodeIgniter\CodeIgniter->run()
#8 {main}
CRITICAL - 2020-10-29 20:52:37 --> syntax error, unexpected ';', expecting ',' or ')'
#0 C:\xampp\htdocs\twinzahra\system\Common.php(1119): CodeIgniter\View\View->render('v1/orders', Array, true)
#1 C:\xampp\htdocs\twinzahra\app\Controllers\V1.php(56): view('v1/orders')
#2 C:\xampp\htdocs\twinzahra\system\CodeIgniter.php(922): App\Controllers\v1->orders()
#3 C:\xampp\htdocs\twinzahra\system\CodeIgniter.php(408): CodeIgniter\CodeIgniter->runController(Object(App\Controllers\v1))
#4 C:\xampp\htdocs\twinzahra\system\CodeIgniter.php(316): CodeIgniter\CodeIgniter->handleRequest(NULL, Object(Config\Cache), false)
#5 C:\xampp\htdocs\twinzahra\index.php(45): CodeIgniter\CodeIgniter->run()
#6 {main}
CRITICAL - 2020-10-29 20:52:37 --> count(): Parameter must be an array or an object that implements Countable
#0 C:\xampp\htdocs\twinzahra\app\Views\orders\view\load_pending.php(101): CodeIgniter\Debug\Exceptions->errorHandler(2, 'count(): Parame...', 'C:\\xampp\\htdocs...', 101, Array)
#1 C:\xampp\htdocs\twinzahra\system\View\View.php(246): include('C:\\xampp\\htdocs...')
#2 C:\xampp\htdocs\twinzahra\system\Common.php(1119): CodeIgniter\View\View->render('orders/view/loa...', Array, true)
#3 C:\xampp\htdocs\twinzahra\app\Controllers\Orders.php(15): view('orders/view/loa...')
#4 C:\xampp\htdocs\twinzahra\system\CodeIgniter.php(922): App\Controllers\Orders->load_pending()
#5 C:\xampp\htdocs\twinzahra\system\CodeIgniter.php(408): CodeIgniter\CodeIgniter->runController(Object(App\Controllers\Orders))
#6 C:\xampp\htdocs\twinzahra\system\CodeIgniter.php(316): CodeIgniter\CodeIgniter->handleRequest(NULL, Object(Config\Cache), false)
#7 C:\xampp\htdocs\twinzahra\index.php(45): CodeIgniter\CodeIgniter->run()
#8 {main}
CRITICAL - 2020-10-29 20:53:08 --> syntax error, unexpected ';', expecting ',' or ')'
#0 C:\xampp\htdocs\twinzahra\system\Common.php(1119): CodeIgniter\View\View->render('v1/orders', Array, true)
#1 C:\xampp\htdocs\twinzahra\app\Controllers\V1.php(56): view('v1/orders')
#2 C:\xampp\htdocs\twinzahra\system\CodeIgniter.php(922): App\Controllers\v1->orders()
#3 C:\xampp\htdocs\twinzahra\system\CodeIgniter.php(408): CodeIgniter\CodeIgniter->runController(Object(App\Controllers\v1))
#4 C:\xampp\htdocs\twinzahra\system\CodeIgniter.php(316): CodeIgniter\CodeIgniter->handleRequest(NULL, Object(Config\Cache), false)
#5 C:\xampp\htdocs\twinzahra\index.php(45): CodeIgniter\CodeIgniter->run()
#6 {main}
CRITICAL - 2020-10-29 20:53:08 --> count(): Parameter must be an array or an object that implements Countable
#0 C:\xampp\htdocs\twinzahra\app\Views\orders\view\load_pending.php(101): CodeIgniter\Debug\Exceptions->errorHandler(2, 'count(): Parame...', 'C:\\xampp\\htdocs...', 101, Array)
#1 C:\xampp\htdocs\twinzahra\system\View\View.php(246): include('C:\\xampp\\htdocs...')
#2 C:\xampp\htdocs\twinzahra\system\Common.php(1119): CodeIgniter\View\View->render('orders/view/loa...', Array, true)
#3 C:\xampp\htdocs\twinzahra\app\Controllers\Orders.php(15): view('orders/view/loa...')
#4 C:\xampp\htdocs\twinzahra\system\CodeIgniter.php(922): App\Controllers\Orders->load_pending()
#5 C:\xampp\htdocs\twinzahra\system\CodeIgniter.php(408): CodeIgniter\CodeIgniter->runController(Object(App\Controllers\Orders))
#6 C:\xampp\htdocs\twinzahra\system\CodeIgniter.php(316): CodeIgniter\CodeIgniter->handleRequest(NULL, Object(Config\Cache), false)
#7 C:\xampp\htdocs\twinzahra\index.php(45): CodeIgniter\CodeIgniter->run()
#8 {main}
CRITICAL - 2020-10-29 20:53:32 --> syntax error, unexpected ';', expecting ',' or ')'
#0 C:\xampp\htdocs\twinzahra\system\Common.php(1119): CodeIgniter\View\View->render('v1/orders', Array, true)
#1 C:\xampp\htdocs\twinzahra\app\Controllers\V1.php(56): view('v1/orders')
#2 C:\xampp\htdocs\twinzahra\system\CodeIgniter.php(922): App\Controllers\v1->orders()
#3 C:\xampp\htdocs\twinzahra\system\CodeIgniter.php(408): CodeIgniter\CodeIgniter->runController(Object(App\Controllers\v1))
#4 C:\xampp\htdocs\twinzahra\system\CodeIgniter.php(316): CodeIgniter\CodeIgniter->handleRequest(NULL, Object(Config\Cache), false)
#5 C:\xampp\htdocs\twinzahra\index.php(45): CodeIgniter\CodeIgniter->run()
#6 {main}
CRITICAL - 2020-10-29 20:53:32 --> Undefined index: data
#0 C:\xampp\htdocs\twinzahra\app\Views\orders\view\load_pending.php(101): CodeIgniter\Debug\Exceptions->errorHandler(8, 'Undefined index...', 'C:\\xampp\\htdocs...', 101, Array)
#1 C:\xampp\htdocs\twinzahra\system\View\View.php(246): include('C:\\xampp\\htdocs...')
#2 C:\xampp\htdocs\twinzahra\system\Common.php(1119): CodeIgniter\View\View->render('orders/view/loa...', Array, true)
#3 C:\xampp\htdocs\twinzahra\app\Controllers\Orders.php(15): view('orders/view/loa...')
#4 C:\xampp\htdocs\twinzahra\system\CodeIgniter.php(922): App\Controllers\Orders->load_pending()
#5 C:\xampp\htdocs\twinzahra\system\CodeIgniter.php(408): CodeIgniter\CodeIgniter->runController(Object(App\Controllers\Orders))
#6 C:\xampp\htdocs\twinzahra\system\CodeIgniter.php(316): CodeIgniter\CodeIgniter->handleRequest(NULL, Object(Config\Cache), false)
#7 C:\xampp\htdocs\twinzahra\index.php(45): CodeIgniter\CodeIgniter->run()
#8 {main}
CRITICAL - 2020-10-29 20:54:03 --> syntax error, unexpected ';', expecting ',' or ')'
#0 C:\xampp\htdocs\twinzahra\system\Common.php(1119): CodeIgniter\View\View->render('v1/orders', Array, true)
#1 C:\xampp\htdocs\twinzahra\app\Controllers\V1.php(56): view('v1/orders')
#2 C:\xampp\htdocs\twinzahra\system\CodeIgniter.php(922): App\Controllers\v1->orders()
#3 C:\xampp\htdocs\twinzahra\system\CodeIgniter.php(408): CodeIgniter\CodeIgniter->runController(Object(App\Controllers\v1))
#4 C:\xampp\htdocs\twinzahra\system\CodeIgniter.php(316): CodeIgniter\CodeIgniter->handleRequest(NULL, Object(Config\Cache), false)
#5 C:\xampp\htdocs\twinzahra\index.php(45): CodeIgniter\CodeIgniter->run()
#6 {main}
CRITICAL - 2020-10-29 20:54:50 --> syntax error, unexpected ';', expecting ',' or ')'
#0 C:\xampp\htdocs\twinzahra\system\Common.php(1119): CodeIgniter\View\View->render('v1/orders', Array, true)
#1 C:\xampp\htdocs\twinzahra\app\Controllers\V1.php(56): view('v1/orders')
#2 C:\xampp\htdocs\twinzahra\system\CodeIgniter.php(922): App\Controllers\v1->orders()
#3 C:\xampp\htdocs\twinzahra\system\CodeIgniter.php(408): CodeIgniter\CodeIgniter->runController(Object(App\Controllers\v1))
#4 C:\xampp\htdocs\twinzahra\system\CodeIgniter.php(316): CodeIgniter\CodeIgniter->handleRequest(NULL, Object(Config\Cache), false)
#5 C:\xampp\htdocs\twinzahra\index.php(45): CodeIgniter\CodeIgniter->run()
#6 {main}
CRITICAL - 2020-10-29 20:55:12 --> count(): Parameter must be an array or an object that implements Countable
#0 C:\xampp\htdocs\twinzahra\app\Views\orders\view\load_pending.php(101): CodeIgniter\Debug\Exceptions->errorHandler(2, 'count(): Parame...', 'C:\\xampp\\htdocs...', 101, Array)
#1 C:\xampp\htdocs\twinzahra\system\View\View.php(246): include('C:\\xampp\\htdocs...')
#2 C:\xampp\htdocs\twinzahra\system\Common.php(1119): CodeIgniter\View\View->render('orders/view/loa...', Array, true)
#3 C:\xampp\htdocs\twinzahra\app\Controllers\Orders.php(15): view('orders/view/loa...')
#4 C:\xampp\htdocs\twinzahra\system\CodeIgniter.php(922): App\Controllers\Orders->load_pending()
#5 C:\xampp\htdocs\twinzahra\system\CodeIgniter.php(408): CodeIgniter\CodeIgniter->runController(Object(App\Controllers\Orders))
#6 C:\xampp\htdocs\twinzahra\system\CodeIgniter.php(316): CodeIgniter\CodeIgniter->handleRequest(NULL, Object(Config\Cache), false)
#7 C:\xampp\htdocs\twinzahra\index.php(45): CodeIgniter\CodeIgniter->run()
#8 {main}
CRITICAL - 2020-10-29 20:56:10 --> count(): Parameter must be an array or an object that implements Countable
#0 C:\xampp\htdocs\twinzahra\app\Views\orders\view\load_pending.php(101): CodeIgniter\Debug\Exceptions->errorHandler(2, 'count(): Parame...', 'C:\\xampp\\htdocs...', 101, Array)
#1 C:\xampp\htdocs\twinzahra\system\View\View.php(246): include('C:\\xampp\\htdocs...')
#2 C:\xampp\htdocs\twinzahra\system\Common.php(1119): CodeIgniter\View\View->render('orders/view/loa...', Array, true)
#3 C:\xampp\htdocs\twinzahra\app\Controllers\Orders.php(15): view('orders/view/loa...')
#4 C:\xampp\htdocs\twinzahra\system\CodeIgniter.php(922): App\Controllers\Orders->load_pending()
#5 C:\xampp\htdocs\twinzahra\system\CodeIgniter.php(408): CodeIgniter\CodeIgniter->runController(Object(App\Controllers\Orders))
#6 C:\xampp\htdocs\twinzahra\system\CodeIgniter.php(316): CodeIgniter\CodeIgniter->handleRequest(NULL, Object(Config\Cache), false)
#7 C:\xampp\htdocs\twinzahra\index.php(45): CodeIgniter\CodeIgniter->run()
#8 {main}
CRITICAL - 2020-10-29 20:57:09 --> count(): Parameter must be an array or an object that implements Countable
#0 C:\xampp\htdocs\twinzahra\app\Views\orders\view\load_pending.php(101): CodeIgniter\Debug\Exceptions->errorHandler(2, 'count(): Parame...', 'C:\\xampp\\htdocs...', 101, Array)
#1 C:\xampp\htdocs\twinzahra\system\View\View.php(246): include('C:\\xampp\\htdocs...')
#2 C:\xampp\htdocs\twinzahra\system\Common.php(1119): CodeIgniter\View\View->render('orders/view/loa...', Array, true)
#3 C:\xampp\htdocs\twinzahra\app\Controllers\Orders.php(15): view('orders/view/loa...')
#4 C:\xampp\htdocs\twinzahra\system\CodeIgniter.php(922): App\Controllers\Orders->load_pending()
#5 C:\xampp\htdocs\twinzahra\system\CodeIgniter.php(408): CodeIgniter\CodeIgniter->runController(Object(App\Controllers\Orders))
#6 C:\xampp\htdocs\twinzahra\system\CodeIgniter.php(316): CodeIgniter\CodeIgniter->handleRequest(NULL, Object(Config\Cache), false)
#7 C:\xampp\htdocs\twinzahra\index.php(45): CodeIgniter\CodeIgniter->run()
#8 {main}
CRITICAL - 2020-10-29 20:57:14 --> count(): Parameter must be an array or an object that implements Countable
#0 C:\xampp\htdocs\twinzahra\app\Views\orders\view\load_pending.php(101): CodeIgniter\Debug\Exceptions->errorHandler(2, 'count(): Parame...', 'C:\\xampp\\htdocs...', 101, Array)
#1 C:\xampp\htdocs\twinzahra\system\View\View.php(246): include('C:\\xampp\\htdocs...')
#2 C:\xampp\htdocs\twinzahra\system\Common.php(1119): CodeIgniter\View\View->render('orders/view/loa...', Array, true)
#3 C:\xampp\htdocs\twinzahra\app\Controllers\Orders.php(15): view('orders/view/loa...')
#4 C:\xampp\htdocs\twinzahra\system\CodeIgniter.php(922): App\Controllers\Orders->load_pending()
#5 C:\xampp\htdocs\twinzahra\system\CodeIgniter.php(408): CodeIgniter\CodeIgniter->runController(Object(App\Controllers\Orders))
#6 C:\xampp\htdocs\twinzahra\system\CodeIgniter.php(316): CodeIgniter\CodeIgniter->handleRequest(NULL, Object(Config\Cache), false)
#7 C:\xampp\htdocs\twinzahra\index.php(45): CodeIgniter\CodeIgniter->run()
#8 {main}
CRITICAL - 2020-10-29 21:08:25 --> Undefined index: request
#0 C:\xampp\htdocs\twinzahra\app\Views\v1\orders.php(32): CodeIgniter\Debug\Exceptions->errorHandler(8, 'Undefined index...', 'C:\\xampp\\htdocs...', 32, Array)
#1 C:\xampp\htdocs\twinzahra\system\View\View.php(246): include('C:\\xampp\\htdocs...')
#2 C:\xampp\htdocs\twinzahra\system\Common.php(1119): CodeIgniter\View\View->render('v1/orders', Array, true)
#3 C:\xampp\htdocs\twinzahra\app\Controllers\V1.php(56): view('v1/orders')
#4 C:\xampp\htdocs\twinzahra\system\CodeIgniter.php(922): App\Controllers\v1->orders()
#5 C:\xampp\htdocs\twinzahra\system\CodeIgniter.php(408): CodeIgniter\CodeIgniter->runController(Object(App\Controllers\v1))
#6 C:\xampp\htdocs\twinzahra\system\CodeIgniter.php(316): CodeIgniter\CodeIgniter->handleRequest(NULL, Object(Config\Cache), false)
#7 C:\xampp\htdocs\twinzahra\index.php(45): CodeIgniter\CodeIgniter->run()
#8 {main}
CRITICAL - 2020-10-29 21:19:27 --> count(): Parameter must be an array or an object that implements Countable
#0 C:\xampp\htdocs\twinzahra\app\Views\orders\view\load_pending.php(104): CodeIgniter\Debug\Exceptions->errorHandler(2, 'count(): Parame...', 'C:\\xampp\\htdocs...', 104, Array)
#1 C:\xampp\htdocs\twinzahra\system\View\View.php(246): include('C:\\xampp\\htdocs...')
#2 C:\xampp\htdocs\twinzahra\system\Common.php(1119): CodeIgniter\View\View->render('orders/view/loa...', Array, true)
#3 C:\xampp\htdocs\twinzahra\app\Controllers\Orders.php(15): view('orders/view/loa...')
#4 C:\xampp\htdocs\twinzahra\system\CodeIgniter.php(922): App\Controllers\Orders->load_pending()
#5 C:\xampp\htdocs\twinzahra\system\CodeIgniter.php(408): CodeIgniter\CodeIgniter->runController(Object(App\Controllers\Orders))
#6 C:\xampp\htdocs\twinzahra\system\CodeIgniter.php(316): CodeIgniter\CodeIgniter->handleRequest(NULL, Object(Config\Cache), false)
#7 C:\xampp\htdocs\twinzahra\index.php(45): CodeIgniter\CodeIgniter->run()
#8 {main}
CRITICAL - 2020-10-29 21:20:22 --> Invalid argument supplied for foreach()
#0 C:\xampp\htdocs\twinzahra\app\Views\orders\view\load_pending.php(155): CodeIgniter\Debug\Exceptions->errorHandler(2, 'Invalid argumen...', 'C:\\xampp\\htdocs...', 155, Array)
#1 C:\xampp\htdocs\twinzahra\system\View\View.php(246): include('C:\\xampp\\htdocs...')
#2 C:\xampp\htdocs\twinzahra\system\Common.php(1119): CodeIgniter\View\View->render('orders/view/loa...', Array, true)
#3 C:\xampp\htdocs\twinzahra\app\Controllers\Orders.php(15): view('orders/view/loa...')
#4 C:\xampp\htdocs\twinzahra\system\CodeIgniter.php(922): App\Controllers\Orders->load_pending()
#5 C:\xampp\htdocs\twinzahra\system\CodeIgniter.php(408): CodeIgniter\CodeIgniter->runController(Object(App\Controllers\Orders))
#6 C:\xampp\htdocs\twinzahra\system\CodeIgniter.php(316): CodeIgniter\CodeIgniter->handleRequest(NULL, Object(Config\Cache), false)
#7 C:\xampp\htdocs\twinzahra\index.php(45): CodeIgniter\CodeIgniter->run()
#8 {main}
CRITICAL - 2020-10-29 21:20:47 --> Invalid argument supplied for foreach()
#0 C:\xampp\htdocs\twinzahra\app\Views\orders\view\load_pending.php(155): CodeIgniter\Debug\Exceptions->errorHandler(2, 'Invalid argumen...', 'C:\\xampp\\htdocs...', 155, Array)
#1 C:\xampp\htdocs\twinzahra\system\View\View.php(246): include('C:\\xampp\\htdocs...')
#2 C:\xampp\htdocs\twinzahra\system\Common.php(1119): CodeIgniter\View\View->render('orders/view/loa...', Array, true)
#3 C:\xampp\htdocs\twinzahra\app\Controllers\Orders.php(15): view('orders/view/loa...')
#4 C:\xampp\htdocs\twinzahra\system\CodeIgniter.php(922): App\Controllers\Orders->load_pending()
#5 C:\xampp\htdocs\twinzahra\system\CodeIgniter.php(408): CodeIgniter\CodeIgniter->runController(Object(App\Controllers\Orders))
#6 C:\xampp\htdocs\twinzahra\system\CodeIgniter.php(316): CodeIgniter\CodeIgniter->handleRequest(NULL, Object(Config\Cache), false)
#7 C:\xampp\htdocs\twinzahra\index.php(45): CodeIgniter\CodeIgniter->run()
#8 {main}
CRITICAL - 2020-10-29 21:21:59 --> Invalid argument supplied for foreach()
#0 C:\xampp\htdocs\twinzahra\app\Views\orders\view\load_pending.php(155): CodeIgniter\Debug\Exceptions->errorHandler(2, 'Invalid argumen...', 'C:\\xampp\\htdocs...', 155, Array)
#1 C:\xampp\htdocs\twinzahra\system\View\View.php(246): include('C:\\xampp\\htdocs...')
#2 C:\xampp\htdocs\twinzahra\system\Common.php(1119): CodeIgniter\View\View->render('orders/view/loa...', Array, true)
#3 C:\xampp\htdocs\twinzahra\app\Controllers\Orders.php(15): view('orders/view/loa...')
#4 C:\xampp\htdocs\twinzahra\system\CodeIgniter.php(922): App\Controllers\Orders->load_pending()
#5 C:\xampp\htdocs\twinzahra\system\CodeIgniter.php(408): CodeIgniter\CodeIgniter->runController(Object(App\Controllers\Orders))
#6 C:\xampp\htdocs\twinzahra\system\CodeIgniter.php(316): CodeIgniter\CodeIgniter->handleRequest(NULL, Object(Config\Cache), false)
#7 C:\xampp\htdocs\twinzahra\index.php(45): CodeIgniter\CodeIgniter->run()
#8 {main}
CRITICAL - 2020-10-29 21:23:18 --> Invalid argument supplied for foreach()
#0 C:\xampp\htdocs\twinzahra\app\Views\orders\view\load_pending.php(155): CodeIgniter\Debug\Exceptions->errorHandler(2, 'Invalid argumen...', 'C:\\xampp\\htdocs...', 155, Array)
#1 C:\xampp\htdocs\twinzahra\system\View\View.php(246): include('C:\\xampp\\htdocs...')
#2 C:\xampp\htdocs\twinzahra\system\Common.php(1119): CodeIgniter\View\View->render('orders/view/loa...', Array, true)
#3 C:\xampp\htdocs\twinzahra\app\Controllers\Orders.php(15): view('orders/view/loa...')
#4 C:\xampp\htdocs\twinzahra\system\CodeIgniter.php(922): App\Controllers\Orders->load_pending()
#5 C:\xampp\htdocs\twinzahra\system\CodeIgniter.php(408): CodeIgniter\CodeIgniter->runController(Object(App\Controllers\Orders))
#6 C:\xampp\htdocs\twinzahra\system\CodeIgniter.php(316): CodeIgniter\CodeIgniter->handleRequest(NULL, Object(Config\Cache), false)
#7 C:\xampp\htdocs\twinzahra\index.php(45): CodeIgniter\CodeIgniter->run()
#8 {main}
CRITICAL - 2020-10-29 21:23:48 --> Invalid argument supplied for foreach()
#0 C:\xampp\htdocs\twinzahra\app\Views\orders\view\load_pending.php(155): CodeIgniter\Debug\Exceptions->errorHandler(2, 'Invalid argumen...', 'C:\\xampp\\htdocs...', 155, Array)
#1 C:\xampp\htdocs\twinzahra\system\View\View.php(246): include('C:\\xampp\\htdocs...')
#2 C:\xampp\htdocs\twinzahra\system\Common.php(1119): CodeIgniter\View\View->render('orders/view/loa...', Array, true)
#3 C:\xampp\htdocs\twinzahra\app\Controllers\Orders.php(15): view('orders/view/loa...')
#4 C:\xampp\htdocs\twinzahra\system\CodeIgniter.php(922): App\Controllers\Orders->load_pending()
#5 C:\xampp\htdocs\twinzahra\system\CodeIgniter.php(408): CodeIgniter\CodeIgniter->runController(Object(App\Controllers\Orders))
#6 C:\xampp\htdocs\twinzahra\system\CodeIgniter.php(316): CodeIgniter\CodeIgniter->handleRequest(NULL, Object(Config\Cache), false)
#7 C:\xampp\htdocs\twinzahra\index.php(45): CodeIgniter\CodeIgniter->run()
#8 {main}
CRITICAL - 2020-10-29 21:24:58 --> syntax error, unexpected ';', expecting ',' or ')'
#0 C:\xampp\htdocs\twinzahra\system\Common.php(1119): CodeIgniter\View\View->render('v1/orders', Array, true)
#1 C:\xampp\htdocs\twinzahra\app\Controllers\V1.php(56): view('v1/orders')
#2 C:\xampp\htdocs\twinzahra\system\CodeIgniter.php(922): App\Controllers\v1->orders()
#3 C:\xampp\htdocs\twinzahra\system\CodeIgniter.php(408): CodeIgniter\CodeIgniter->runController(Object(App\Controllers\v1))
#4 C:\xampp\htdocs\twinzahra\system\CodeIgniter.php(316): CodeIgniter\CodeIgniter->handleRequest(NULL, Object(Config\Cache), false)
#5 C:\xampp\htdocs\twinzahra\index.php(45): CodeIgniter\CodeIgniter->run()
#6 {main}
CRITICAL - 2020-10-29 21:26:47 --> Invalid argument supplied for foreach()
#0 C:\xampp\htdocs\twinzahra\app\Views\orders\view\load_pending.php(155): CodeIgniter\Debug\Exceptions->errorHandler(2, 'Invalid argumen...', 'C:\\xampp\\htdocs...', 155, Array)
#1 C:\xampp\htdocs\twinzahra\system\View\View.php(246): include('C:\\xampp\\htdocs...')
#2 C:\xampp\htdocs\twinzahra\system\Common.php(1119): CodeIgniter\View\View->render('orders/view/loa...', Array, true)
#3 C:\xampp\htdocs\twinzahra\app\Controllers\Orders.php(15): view('orders/view/loa...')
#4 C:\xampp\htdocs\twinzahra\system\CodeIgniter.php(922): App\Controllers\Orders->load_pending()
#5 C:\xampp\htdocs\twinzahra\system\CodeIgniter.php(408): CodeIgniter\CodeIgniter->runController(Object(App\Controllers\Orders))
#6 C:\xampp\htdocs\twinzahra\system\CodeIgniter.php(316): CodeIgniter\CodeIgniter->handleRequest(NULL, Object(Config\Cache), false)
#7 C:\xampp\htdocs\twinzahra\index.php(45): CodeIgniter\CodeIgniter->run()
#8 {main}
CRITICAL - 2020-10-29 21:27:00 --> Invalid argument supplied for foreach()
#0 C:\xampp\htdocs\twinzahra\app\Views\orders\view\load_pending.php(155): CodeIgniter\Debug\Exceptions->errorHandler(2, 'Invalid argumen...', 'C:\\xampp\\htdocs...', 155, Array)
#1 C:\xampp\htdocs\twinzahra\system\View\View.php(246): include('C:\\xampp\\htdocs...')
#2 C:\xampp\htdocs\twinzahra\system\Common.php(1119): CodeIgniter\View\View->render('orders/view/loa...', Array, true)
#3 C:\xampp\htdocs\twinzahra\app\Controllers\Orders.php(15): view('orders/view/loa...')
#4 C:\xampp\htdocs\twinzahra\system\CodeIgniter.php(922): App\Controllers\Orders->load_pending()
#5 C:\xampp\htdocs\twinzahra\system\CodeIgniter.php(408): CodeIgniter\CodeIgniter->runController(Object(App\Controllers\Orders))
#6 C:\xampp\htdocs\twinzahra\system\CodeIgniter.php(316): CodeIgniter\CodeIgniter->handleRequest(NULL, Object(Config\Cache), false)
#7 C:\xampp\htdocs\twinzahra\index.php(45): CodeIgniter\CodeIgniter->run()
#8 {main}
CRITICAL - 2020-10-29 21:27:31 --> Invalid argument supplied for foreach()
#0 C:\xampp\htdocs\twinzahra\app\Views\orders\view\load_pending.php(155): CodeIgniter\Debug\Exceptions->errorHandler(2, 'Invalid argumen...', 'C:\\xampp\\htdocs...', 155, Array)
#1 C:\xampp\htdocs\twinzahra\system\View\View.php(246): include('C:\\xampp\\htdocs...')
#2 C:\xampp\htdocs\twinzahra\system\Common.php(1119): CodeIgniter\View\View->render('orders/view/loa...', Array, true)
#3 C:\xampp\htdocs\twinzahra\app\Controllers\Orders.php(15): view('orders/view/loa...')
#4 C:\xampp\htdocs\twinzahra\system\CodeIgniter.php(922): App\Controllers\Orders->load_pending()
#5 C:\xampp\htdocs\twinzahra\system\CodeIgniter.php(408): CodeIgniter\CodeIgniter->runController(Object(App\Controllers\Orders))
#6 C:\xampp\htdocs\twinzahra\system\CodeIgniter.php(316): CodeIgniter\CodeIgniter->handleRequest(NULL, Object(Config\Cache), false)
#7 C:\xampp\htdocs\twinzahra\index.php(45): CodeIgniter\CodeIgniter->run()
#8 {main}
CRITICAL - 2020-10-29 21:28:42 --> Undefined variable: resultStok
#0 C:\xampp\htdocs\twinzahra\app\Views\orders\view\load_pending.php(196): CodeIgniter\Debug\Exceptions->errorHandler(8, 'Undefined varia...', 'C:\\xampp\\htdocs...', 196, Array)
#1 C:\xampp\htdocs\twinzahra\system\View\View.php(246): include('C:\\xampp\\htdocs...')
#2 C:\xampp\htdocs\twinzahra\system\Common.php(1119): CodeIgniter\View\View->render('orders/view/loa...', Array, true)
#3 C:\xampp\htdocs\twinzahra\app\Controllers\Orders.php(15): view('orders/view/loa...')
#4 C:\xampp\htdocs\twinzahra\system\CodeIgniter.php(922): App\Controllers\Orders->load_pending()
#5 C:\xampp\htdocs\twinzahra\system\CodeIgniter.php(408): CodeIgniter\CodeIgniter->runController(Object(App\Controllers\Orders))
#6 C:\xampp\htdocs\twinzahra\system\CodeIgniter.php(316): CodeIgniter\CodeIgniter->handleRequest(NULL, Object(Config\Cache), false)
#7 C:\xampp\htdocs\twinzahra\index.php(45): CodeIgniter\CodeIgniter->run()
#8 {main}
CRITICAL - 2020-10-29 21:30:12 --> Undefined variable: resultStok
#0 C:\xampp\htdocs\twinzahra\app\Views\orders\view\load_pending.php(196): CodeIgniter\Debug\Exceptions->errorHandler(8, 'Undefined varia...', 'C:\\xampp\\htdocs...', 196, Array)
#1 C:\xampp\htdocs\twinzahra\system\View\View.php(246): include('C:\\xampp\\htdocs...')
#2 C:\xampp\htdocs\twinzahra\system\Common.php(1119): CodeIgniter\View\View->render('orders/view/loa...', Array, true)
#3 C:\xampp\htdocs\twinzahra\app\Controllers\Orders.php(15): view('orders/view/loa...')
#4 C:\xampp\htdocs\twinzahra\system\CodeIgniter.php(922): App\Controllers\Orders->load_pending()
#5 C:\xampp\htdocs\twinzahra\system\CodeIgniter.php(408): CodeIgniter\CodeIgniter->runController(Object(App\Controllers\Orders))
#6 C:\xampp\htdocs\twinzahra\system\CodeIgniter.php(316): CodeIgniter\CodeIgniter->handleRequest(NULL, Object(Config\Cache), false)
#7 C:\xampp\htdocs\twinzahra\index.php(45): CodeIgniter\CodeIgniter->run()
#8 {main}
CRITICAL - 2020-10-29 21:30:36 --> Undefined variable: resultStok
#0 C:\xampp\htdocs\twinzahra\app\Views\orders\view\load_pending.php(196): CodeIgniter\Debug\Exceptions->errorHandler(8, 'Undefined varia...', 'C:\\xampp\\htdocs...', 196, Array)
#1 C:\xampp\htdocs\twinzahra\system\View\View.php(246): include('C:\\xampp\\htdocs...')
#2 C:\xampp\htdocs\twinzahra\system\Common.php(1119): CodeIgniter\View\View->render('orders/view/loa...', Array, true)
#3 C:\xampp\htdocs\twinzahra\app\Controllers\Orders.php(15): view('orders/view/loa...')
#4 C:\xampp\htdocs\twinzahra\system\CodeIgniter.php(922): App\Controllers\Orders->load_pending()
#5 C:\xampp\htdocs\twinzahra\system\CodeIgniter.php(408): CodeIgniter\CodeIgniter->runController(Object(App\Controllers\Orders))
#6 C:\xampp\htdocs\twinzahra\system\CodeIgniter.php(316): CodeIgniter\CodeIgniter->handleRequest(NULL, Object(Config\Cache), false)
#7 C:\xampp\htdocs\twinzahra\index.php(45): CodeIgniter\CodeIgniter->run()
#8 {main}
CRITICAL - 2020-10-29 22:53:31 --> Unable to connect to the database.
#0 C:\xampp\htdocs\twinzahra\system\Database\BaseConnection.php(646): CodeIgniter\Database\BaseConnection->initialize()
#1 C:\xampp\htdocs\twinzahra\system\Database\BaseBuilder.php(1860): CodeIgniter\Database\BaseConnection->query('SELECT *\nFROM `...', Array, false)
#2 C:\xampp\htdocs\twinzahra\system\Model.php(462): CodeIgniter\Database\BaseBuilder->get()
#3 C:\xampp\htdocs\twinzahra\app\Controllers\Orders1.php(16): CodeIgniter\Model->findAll()
#4 C:\xampp\htdocs\twinzahra\system\CodeIgniter.php(922): App\Controllers\Orders1->index()
#5 C:\xampp\htdocs\twinzahra\system\CodeIgniter.php(408): CodeIgniter\CodeIgniter->runController(Object(App\Controllers\Orders1))
#6 C:\xampp\htdocs\twinzahra\system\CodeIgniter.php(316): CodeIgniter\CodeIgniter->handleRequest(NULL, Object(Config\Cache), false)
#7 C:\xampp\htdocs\twinzahra\index.php(45): CodeIgniter\CodeIgniter->run()
#8 {main}
CRITICAL - 2020-10-29 22:53:32 --> Uncaught ErrorException: print_r(): Property access is not allowed yet in C:\xampp\htdocs\twinzahra\app\Views\errors\html\error_exception.php:100
Stack trace:
#0 [internal function]: CodeIgniter\Debug\Exceptions->errorHandler(2, 'print_r(): Prop...', 'C:\\xampp\\htdocs...', 100, Array)
#1 C:\xampp\htdocs\twinzahra\app\Views\errors\html\error_exception.php(100): print_r(Object(App\Controllers\Orders1), true)
#2 C:\xampp\htdocs\twinzahra\system\Debug\Exceptions.php(308): include('C:\\xampp\\htdocs...')
#3 C:\xampp\htdocs\twinzahra\system\Debug\Exceptions.php(174): CodeIgniter\Debug\Exceptions->render(Object(CodeIgniter\Database\Exceptions\DatabaseException), 500)
#4 [internal function]: CodeIgniter\Debug\Exceptions->exceptionHandler(Object(CodeIgniter\Database\Exceptions\DatabaseException))
#5 {main}
  thrown
#0 [internal function]: CodeIgniter\Debug\Exceptions->shutdownHandler()
#1 {main}
CRITICAL - 2020-10-29 22:53:55 --> Unable to connect to the database.
#0 C:\xampp\htdocs\twinzahra\system\Database\BaseConnection.php(646): CodeIgniter\Database\BaseConnection->initialize()
#1 C:\xampp\htdocs\twinzahra\system\Database\BaseBuilder.php(1860): CodeIgniter\Database\BaseConnection->query('SELECT *\nFROM `...', Array, false)
#2 C:\xampp\htdocs\twinzahra\system\Model.php(462): CodeIgniter\Database\BaseBuilder->get()
#3 C:\xampp\htdocs\twinzahra\app\Controllers\Orders1.php(16): CodeIgniter\Model->findAll()
#4 C:\xampp\htdocs\twinzahra\system\CodeIgniter.php(922): App\Controllers\Orders1->index()
#5 C:\xampp\htdocs\twinzahra\system\CodeIgniter.php(408): CodeIgniter\CodeIgniter->runController(Object(App\Controllers\Orders1))
#6 C:\xampp\htdocs\twinzahra\system\CodeIgniter.php(316): CodeIgniter\CodeIgniter->handleRequest(NULL, Object(Config\Cache), false)
#7 C:\xampp\htdocs\twinzahra\index.php(45): CodeIgniter\CodeIgniter->run()
#8 {main}
CRITICAL - 2020-10-29 22:53:55 --> Uncaught ErrorException: print_r(): Property access is not allowed yet in C:\xampp\htdocs\twinzahra\app\Views\errors\html\error_exception.php:100
Stack trace:
#0 [internal function]: CodeIgniter\Debug\Exceptions->errorHandler(2, 'print_r(): Prop...', 'C:\\xampp\\htdocs...', 100, Array)
#1 C:\xampp\htdocs\twinzahra\app\Views\errors\html\error_exception.php(100): print_r(Object(App\Controllers\Orders1), true)
#2 C:\xampp\htdocs\twinzahra\system\Debug\Exceptions.php(308): include('C:\\xampp\\htdocs...')
#3 C:\xampp\htdocs\twinzahra\system\Debug\Exceptions.php(174): CodeIgniter\Debug\Exceptions->render(Object(CodeIgniter\Database\Exceptions\DatabaseException), 500)
#4 [internal function]: CodeIgniter\Debug\Exceptions->exceptionHandler(Object(CodeIgniter\Database\Exceptions\DatabaseException))
#5 {main}
  thrown
#0 [internal function]: CodeIgniter\Debug\Exceptions->shutdownHandler()
#1 {main}
CRITICAL - 2020-10-29 23:04:35 --> Unable to connect to the database.
#0 C:\xampp\htdocs\twinzahra\system\Database\BaseConnection.php(646): CodeIgniter\Database\BaseConnection->initialize()
#1 C:\xampp\htdocs\twinzahra\system\Database\BaseConnection.php(1548): CodeIgniter\Database\BaseConnection->query('SHOW TABLES FRO...')
#2 C:\xampp\htdocs\twinzahra\system\Database\BaseConnection.php(1591): CodeIgniter\Database\BaseConnection->listTables()
#3 C:\xampp\htdocs\twinzahra\system\Database\MigrationRunner.php(945): CodeIgniter\Database\BaseConnection->tableExists('migrations')
#4 C:\xampp\htdocs\twinzahra\system\Database\MigrationRunner.php(193): CodeIgniter\Database\MigrationRunner->ensureTable()
#5 C:\xampp\htdocs\twinzahra\system\Commands\Database\Migrate.php(128): CodeIgniter\Database\MigrationRunner->latest(NULL)
#6 C:\xampp\htdocs\twinzahra\system\CLI\Commands.php(100): CodeIgniter\Commands\Database\Migrate->run(Array)
#7 C:\xampp\htdocs\twinzahra\system\CLI\CommandRunner.php(107): CodeIgniter\CLI\Commands->run('migrate', Array)
#8 C:\xampp\htdocs\twinzahra\system\CLI\CommandRunner.php(85): CodeIgniter\CLI\CommandRunner->index(Array)
#9 C:\xampp\htdocs\twinzahra\system\CodeIgniter.php(918): CodeIgniter\CLI\CommandRunner->_remap('index', 'migrate')
#10 C:\xampp\htdocs\twinzahra\system\CodeIgniter.php(408): CodeIgniter\CodeIgniter->runController(Object(CodeIgniter\CLI\CommandRunner))
#11 C:\xampp\htdocs\twinzahra\system\CodeIgniter.php(316): CodeIgniter\CodeIgniter->handleRequest(NULL, Object(Config\Cache), false)
#12 C:\xampp\htdocs\twinzahra\system\CLI\Console.php(86): CodeIgniter\CodeIgniter->run()
#13 C:\xampp\htdocs\twinzahra\spark(57): CodeIgniter\CLI\Console->run()
#14 {main}
CRITICAL - 2020-10-29 23:06:07 --> Unable to connect to the database.
#0 C:\xampp\htdocs\twinzahra\system\Database\BaseConnection.php(646): CodeIgniter\Database\BaseConnection->initialize()
#1 C:\xampp\htdocs\twinzahra\system\Database\BaseConnection.php(1548): CodeIgniter\Database\BaseConnection->query('SHOW TABLES FRO...')
#2 C:\xampp\htdocs\twinzahra\system\Database\BaseConnection.php(1591): CodeIgniter\Database\BaseConnection->listTables()
#3 C:\xampp\htdocs\twinzahra\system\Database\MigrationRunner.php(945): CodeIgniter\Database\BaseConnection->tableExists('migrations')
#4 C:\xampp\htdocs\twinzahra\system\Database\MigrationRunner.php(193): CodeIgniter\Database\MigrationRunner->ensureTable()
#5 C:\xampp\htdocs\twinzahra\system\Commands\Database\Migrate.php(128): CodeIgniter\Database\MigrationRunner->latest(NULL)
#6 C:\xampp\htdocs\twinzahra\system\CLI\Commands.php(100): CodeIgniter\Commands\Database\Migrate->run(Array)
#7 C:\xampp\htdocs\twinzahra\system\CLI\CommandRunner.php(107): CodeIgniter\CLI\Commands->run('migrate', Array)
#8 C:\xampp\htdocs\twinzahra\system\CLI\CommandRunner.php(85): CodeIgniter\CLI\CommandRunner->index(Array)
#9 C:\xampp\htdocs\twinzahra\system\CodeIgniter.php(918): CodeIgniter\CLI\CommandRunner->_remap('index', 'migrate')
#10 C:\xampp\htdocs\twinzahra\system\CodeIgniter.php(408): CodeIgniter\CodeIgniter->runController(Object(CodeIgniter\CLI\CommandRunner))
#11 C:\xampp\htdocs\twinzahra\system\CodeIgniter.php(316): CodeIgniter\CodeIgniter->handleRequest(NULL, Object(Config\Cache), false)
#12 C:\xampp\htdocs\twinzahra\system\CLI\Console.php(86): CodeIgniter\CodeIgniter->run()
#13 C:\xampp\htdocs\twinzahra\spark(57): CodeIgniter\CLI\Console->run()
#14 {main}
CRITICAL - 2020-10-29 23:07:19 --> Unable to connect to the database.
#0 C:\xampp\htdocs\twinzahra\system\Database\BaseConnection.php(646): CodeIgniter\Database\BaseConnection->initialize()
#1 C:\xampp\htdocs\twinzahra\system\Database\BaseBuilder.php(1860): CodeIgniter\Database\BaseConnection->query('SELECT *\nFROM `...', Array, false)
#2 C:\xampp\htdocs\twinzahra\system\Model.php(462): CodeIgniter\Database\BaseBuilder->get()
#3 C:\xampp\htdocs\twinzahra\app\Controllers\Orders1.php(16): CodeIgniter\Model->findAll()
#4 C:\xampp\htdocs\twinzahra\system\CodeIgniter.php(922): App\Controllers\Orders1->index()
#5 C:\xampp\htdocs\twinzahra\system\CodeIgniter.php(408): CodeIgniter\CodeIgniter->runController(Object(App\Controllers\Orders1))
#6 C:\xampp\htdocs\twinzahra\system\CodeIgniter.php(316): CodeIgniter\CodeIgniter->handleRequest(NULL, Object(Config\Cache), false)
#7 C:\xampp\htdocs\twinzahra\index.php(45): CodeIgniter\CodeIgniter->run()
#8 {main}
CRITICAL - 2020-10-29 23:07:19 --> Uncaught ErrorException: print_r(): Property access is not allowed yet in C:\xampp\htdocs\twinzahra\app\Views\errors\html\error_exception.php:100
Stack trace:
#0 [internal function]: CodeIgniter\Debug\Exceptions->errorHandler(2, 'print_r(): Prop...', 'C:\\xampp\\htdocs...', 100, Array)
#1 C:\xampp\htdocs\twinzahra\app\Views\errors\html\error_exception.php(100): print_r(Object(App\Controllers\Orders1), true)
#2 C:\xampp\htdocs\twinzahra\system\Debug\Exceptions.php(308): include('C:\\xampp\\htdocs...')
#3 C:\xampp\htdocs\twinzahra\system\Debug\Exceptions.php(174): CodeIgniter\Debug\Exceptions->render(Object(CodeIgniter\Database\Exceptions\DatabaseException), 500)
#4 [internal function]: CodeIgniter\Debug\Exceptions->exceptionHandler(Object(CodeIgniter\Database\Exceptions\DatabaseException))
#5 {main}
  thrown
#0 [internal function]: CodeIgniter\Debug\Exceptions->shutdownHandler()
#1 {main}
CRITICAL - 2020-10-29 23:08:08 --> Unable to connect to the database.
#0 C:\xampp\htdocs\twinzahra\system\Database\BaseConnection.php(646): CodeIgniter\Database\BaseConnection->initialize()
#1 C:\xampp\htdocs\twinzahra\system\Database\BaseConnection.php(1548): CodeIgniter\Database\BaseConnection->query('SHOW TABLES FRO...')
#2 C:\xampp\htdocs\twinzahra\system\Database\BaseConnection.php(1591): CodeIgniter\Database\BaseConnection->listTables()
#3 C:\xampp\htdocs\twinzahra\system\Database\MigrationRunner.php(945): CodeIgniter\Database\BaseConnection->tableExists('migrations')
#4 C:\xampp\htdocs\twinzahra\system\Database\MigrationRunner.php(193): CodeIgniter\Database\MigrationRunner->ensureTable()
#5 C:\xampp\htdocs\twinzahra\system\Commands\Database\Migrate.php(128): CodeIgniter\Database\MigrationRunner->latest(NULL)
#6 C:\xampp\htdocs\twinzahra\system\CLI\Commands.php(100): CodeIgniter\Commands\Database\Migrate->run(Array)
#7 C:\xampp\htdocs\twinzahra\system\CLI\CommandRunner.php(107): CodeIgniter\CLI\Commands->run('migrate', Array)
#8 C:\xampp\htdocs\twinzahra\system\CLI\CommandRunner.php(85): CodeIgniter\CLI\CommandRunner->index(Array)
#9 C:\xampp\htdocs\twinzahra\system\CodeIgniter.php(918): CodeIgniter\CLI\CommandRunner->_remap('index', 'migrate')
#10 C:\xampp\htdocs\twinzahra\system\CodeIgniter.php(408): CodeIgniter\CodeIgniter->runController(Object(CodeIgniter\CLI\CommandRunner))
#11 C:\xampp\htdocs\twinzahra\system\CodeIgniter.php(316): CodeIgniter\CodeIgniter->handleRequest(NULL, Object(Config\Cache), false)
#12 C:\xampp\htdocs\twinzahra\system\CLI\Console.php(86): CodeIgniter\CodeIgniter->run()
#13 C:\xampp\htdocs\twinzahra\spark(57): CodeIgniter\CLI\Console->run()
#14 {main}
CRITICAL - 2020-10-29 23:11:24 --> Unable to connect to the database.
#0 C:\xampp\htdocs\twinzahra\system\Database\BaseConnection.php(646): CodeIgniter\Database\BaseConnection->initialize()
#1 C:\xampp\htdocs\twinzahra\system\Database\BaseConnection.php(1548): CodeIgniter\Database\BaseConnection->query('SHOW TABLES FRO...')
#2 C:\xampp\htdocs\twinzahra\system\Database\BaseConnection.php(1591): CodeIgniter\Database\BaseConnection->listTables()
#3 C:\xampp\htdocs\twinzahra\system\Database\MigrationRunner.php(945): CodeIgniter\Database\BaseConnection->tableExists('migrations')
#4 C:\xampp\htdocs\twinzahra\system\Database\MigrationRunner.php(193): CodeIgniter\Database\MigrationRunner->ensureTable()
#5 C:\xampp\htdocs\twinzahra\system\Commands\Database\Migrate.php(128): CodeIgniter\Database\MigrationRunner->latest(NULL)
#6 C:\xampp\htdocs\twinzahra\system\CLI\Commands.php(100): CodeIgniter\Commands\Database\Migrate->run(Array)
#7 C:\xampp\htdocs\twinzahra\system\CLI\CommandRunner.php(107): CodeIgniter\CLI\Commands->run('migrate', Array)
#8 C:\xampp\htdocs\twinzahra\system\CLI\CommandRunner.php(85): CodeIgniter\CLI\CommandRunner->index(Array)
#9 C:\xampp\htdocs\twinzahra\system\CodeIgniter.php(918): CodeIgniter\CLI\CommandRunner->_remap('index', 'migrate')
#10 C:\xampp\htdocs\twinzahra\system\CodeIgniter.php(408): CodeIgniter\CodeIgniter->runController(Object(CodeIgniter\CLI\CommandRunner))
#11 C:\xampp\htdocs\twinzahra\system\CodeIgniter.php(316): CodeIgniter\CodeIgniter->handleRequest(NULL, Object(Config\Cache), false)
#12 C:\xampp\htdocs\twinzahra\system\CLI\Console.php(86): CodeIgniter\CodeIgniter->run()
#13 C:\xampp\htdocs\twinzahra\spark(57): CodeIgniter\CLI\Console->run()
#14 {main}
CRITICAL - 2020-10-29 23:12:45 --> Table 'twinzahra1.orders' doesn't exist
#0 C:\xampp\htdocs\twinzahra\system\Database\MySQLi\Connection.php(331): mysqli->query('SELECT *\nFROM `...')
#1 C:\xampp\htdocs\twinzahra\system\Database\BaseConnection.php(741): CodeIgniter\Database\MySQLi\Connection->execute('SELECT *\nFROM `...')
#2 C:\xampp\htdocs\twinzahra\system\Database\BaseConnection.php(669): CodeIgniter\Database\BaseConnection->simpleQuery('SELECT *\nFROM `...')
#3 C:\xampp\htdocs\twinzahra\system\Database\BaseBuilder.php(1860): CodeIgniter\Database\BaseConnection->query('SELECT *\nFROM `...', Array, false)
#4 C:\xampp\htdocs\twinzahra\system\Model.php(462): CodeIgniter\Database\BaseBuilder->get()
#5 C:\xampp\htdocs\twinzahra\app\Controllers\Orders1.php(16): CodeIgniter\Model->findAll()
#6 C:\xampp\htdocs\twinzahra\system\CodeIgniter.php(922): App\Controllers\Orders1->index()
#7 C:\xampp\htdocs\twinzahra\system\CodeIgniter.php(408): CodeIgniter\CodeIgniter->runController(Object(App\Controllers\Orders1))
#8 C:\xampp\htdocs\twinzahra\system\CodeIgniter.php(316): CodeIgniter\CodeIgniter->handleRequest(NULL, Object(Config\Cache), false)
#9 C:\xampp\htdocs\twinzahra\index.php(45): CodeIgniter\CodeIgniter->run()
#10 {main}
CRITICAL - 2020-10-29 23:14:05 --> Class 'Locale' not found
#0 C:\xampp\htdocs\twinzahra\system\I18n\Time.php(174): CodeIgniter\I18n\Time->__construct('2020-10-29 00:2...', NULL, NULL)
#1 C:\xampp\htdocs\twinzahra\system\Entity.php(500): CodeIgniter\I18n\Time::parse('2020-10-29 00:2...')
#2 C:\xampp\htdocs\twinzahra\system\Entity.php(301): CodeIgniter\Entity->mutateDate('2020-10-29 00:2...')
#3 C:\xampp\htdocs\twinzahra\system\Entity.php(166): CodeIgniter\Entity->__get('created_at')
#4 C:\xampp\htdocs\twinzahra\system\Entity.php(612): CodeIgniter\Entity->toArray()
#5 [internal function]: CodeIgniter\Entity->jsonSerialize()
#6 C:\xampp\htdocs\twinzahra\system\Format\JSONFormatter.php(67): json_encode(Array, 960, 512)
#7 C:\xampp\htdocs\twinzahra\system\API\ResponseTrait.php(414): CodeIgniter\Format\JSONFormatter->format(Array)
#8 C:\xampp\htdocs\twinzahra\system\API\ResponseTrait.php(134): CodeIgniter\RESTful\ResourceController->format(Array)
#9 C:\xampp\htdocs\twinzahra\app\Controllers\Orders1.php(16): CodeIgniter\RESTful\ResourceController->respond(Array)
#10 C:\xampp\htdocs\twinzahra\system\CodeIgniter.php(922): App\Controllers\Orders1->index()
#11 C:\xampp\htdocs\twinzahra\system\CodeIgniter.php(408): CodeIgniter\CodeIgniter->runController(Object(App\Controllers\Orders1))
#12 C:\xampp\htdocs\twinzahra\system\CodeIgniter.php(316): CodeIgniter\CodeIgniter->handleRequest(NULL, Object(Config\Cache), false)
#13 C:\xampp\htdocs\twinzahra\index.php(45): CodeIgniter\CodeIgniter->run()
#14 {main}
CRITICAL - 2020-10-29 23:15:24 --> Class 'Locale' not found
#0 C:\xampp\htdocs\twinzahra\system\I18n\Time.php(174): CodeIgniter\I18n\Time->__construct('2020-10-29 00:2...', NULL, NULL)
#1 C:\xampp\htdocs\twinzahra\system\Entity.php(500): CodeIgniter\I18n\Time::parse('2020-10-29 00:2...')
#2 C:\xampp\htdocs\twinzahra\system\Entity.php(301): CodeIgniter\Entity->mutateDate('2020-10-29 00:2...')
#3 C:\xampp\htdocs\twinzahra\system\Entity.php(166): CodeIgniter\Entity->__get('created_at')
#4 C:\xampp\htdocs\twinzahra\system\Entity.php(612): CodeIgniter\Entity->toArray()
#5 [internal function]: CodeIgniter\Entity->jsonSerialize()
#6 C:\xampp\htdocs\twinzahra\system\Format\JSONFormatter.php(67): json_encode(Array, 960, 512)
#7 C:\xampp\htdocs\twinzahra\system\API\ResponseTrait.php(414): CodeIgniter\Format\JSONFormatter->format(Array)
#8 C:\xampp\htdocs\twinzahra\system\API\ResponseTrait.php(134): CodeIgniter\RESTful\ResourceController->format(Array)
#9 C:\xampp\htdocs\twinzahra\app\Controllers\Orders1.php(16): CodeIgniter\RESTful\ResourceController->respond(Array)
#10 C:\xampp\htdocs\twinzahra\system\CodeIgniter.php(922): App\Controllers\Orders1->index()
#11 C:\xampp\htdocs\twinzahra\system\CodeIgniter.php(408): CodeIgniter\CodeIgniter->runController(Object(App\Controllers\Orders1))
#12 C:\xampp\htdocs\twinzahra\system\CodeIgniter.php(316): CodeIgniter\CodeIgniter->handleRequest(NULL, Object(Config\Cache), false)
#13 C:\xampp\htdocs\twinzahra\index.php(45): CodeIgniter\CodeIgniter->run()
#14 {main}
CRITICAL - 2020-10-29 23:15:58 --> Class 'Locale' not found
#0 C:\xampp\htdocs\twinzahra\system\I18n\Time.php(174): CodeIgniter\I18n\Time->__construct('2020-10-29 00:2...', NULL, NULL)
#1 C:\xampp\htdocs\twinzahra\system\Entity.php(500): CodeIgniter\I18n\Time::parse('2020-10-29 00:2...')
#2 C:\xampp\htdocs\twinzahra\system\Entity.php(301): CodeIgniter\Entity->mutateDate('2020-10-29 00:2...')
#3 C:\xampp\htdocs\twinzahra\system\Entity.php(166): CodeIgniter\Entity->__get('created_at')
#4 C:\xampp\htdocs\twinzahra\system\Entity.php(612): CodeIgniter\Entity->toArray()
#5 [internal function]: CodeIgniter\Entity->jsonSerialize()
#6 C:\xampp\htdocs\twinzahra\system\Format\JSONFormatter.php(67): json_encode(Array, 960, 512)
#7 C:\xampp\htdocs\twinzahra\system\API\ResponseTrait.php(414): CodeIgniter\Format\JSONFormatter->format(Array)
#8 C:\xampp\htdocs\twinzahra\system\API\ResponseTrait.php(134): CodeIgniter\RESTful\ResourceController->format(Array)
#9 C:\xampp\htdocs\twinzahra\app\Controllers\Orders1.php(16): CodeIgniter\RESTful\ResourceController->respond(Array)
#10 C:\xampp\htdocs\twinzahra\system\CodeIgniter.php(922): App\Controllers\Orders1->index()
#11 C:\xampp\htdocs\twinzahra\system\CodeIgniter.php(408): CodeIgniter\CodeIgniter->runController(Object(App\Controllers\Orders1))
#12 C:\xampp\htdocs\twinzahra\system\CodeIgniter.php(316): CodeIgniter\CodeIgniter->handleRequest(NULL, Object(Config\Cache), false)
#13 C:\xampp\htdocs\twinzahra\index.php(45): CodeIgniter\CodeIgniter->run()
#14 {main}
CRITICAL - 2020-10-29 23:17:50 --> Class 'Locale' not found
#0 C:\xampp\htdocs\twinzahra\system\I18n\Time.php(174): CodeIgniter\I18n\Time->__construct('2020-10-29 00:2...', NULL, NULL)
#1 C:\xampp\htdocs\twinzahra\system\Entity.php(500): CodeIgniter\I18n\Time::parse('2020-10-29 00:2...')
#2 C:\xampp\htdocs\twinzahra\system\Entity.php(301): CodeIgniter\Entity->mutateDate('2020-10-29 00:2...')
#3 C:\xampp\htdocs\twinzahra\system\Entity.php(166): CodeIgniter\Entity->__get('created_at')
#4 C:\xampp\htdocs\twinzahra\system\Entity.php(612): CodeIgniter\Entity->toArray()
#5 [internal function]: CodeIgniter\Entity->jsonSerialize()
#6 C:\xampp\htdocs\twinzahra\system\Format\JSONFormatter.php(67): json_encode(Array, 960, 512)
#7 C:\xampp\htdocs\twinzahra\system\API\ResponseTrait.php(414): CodeIgniter\Format\JSONFormatter->format(Array)
#8 C:\xampp\htdocs\twinzahra\system\API\ResponseTrait.php(134): CodeIgniter\RESTful\ResourceController->format(Array)
#9 C:\xampp\htdocs\twinzahra\app\Controllers\Orders1.php(16): CodeIgniter\RESTful\ResourceController->respond(Array)
#10 C:\xampp\htdocs\twinzahra\system\CodeIgniter.php(922): App\Controllers\Orders1->index()
#11 C:\xampp\htdocs\twinzahra\system\CodeIgniter.php(408): CodeIgniter\CodeIgniter->runController(Object(App\Controllers\Orders1))
#12 C:\xampp\htdocs\twinzahra\system\CodeIgniter.php(316): CodeIgniter\CodeIgniter->handleRequest(NULL, Object(Config\Cache), false)
#13 C:\xampp\htdocs\twinzahra\index.php(45): CodeIgniter\CodeIgniter->run()
#14 {main}
CRITICAL - 2020-10-29 23:20:15 --> Class 'Locale' not found
#0 C:\xampp\htdocs\twinzahra\system\I18n\Time.php(174): CodeIgniter\I18n\Time->__construct('2020-10-29 00:2...', NULL, NULL)
#1 C:\xampp\htdocs\twinzahra\system\Entity.php(500): CodeIgniter\I18n\Time::parse('2020-10-29 00:2...')
#2 C:\xampp\htdocs\twinzahra\system\Entity.php(301): CodeIgniter\Entity->mutateDate('2020-10-29 00:2...')
#3 C:\xampp\htdocs\twinzahra\system\Entity.php(166): CodeIgniter\Entity->__get('created_at')
#4 C:\xampp\htdocs\twinzahra\system\Entity.php(612): CodeIgniter\Entity->toArray()
#5 [internal function]: CodeIgniter\Entity->jsonSerialize()
#6 C:\xampp\htdocs\twinzahra\system\Format\JSONFormatter.php(67): json_encode(Array, 960, 512)
#7 C:\xampp\htdocs\twinzahra\system\API\ResponseTrait.php(414): CodeIgniter\Format\JSONFormatter->format(Array)
#8 C:\xampp\htdocs\twinzahra\system\API\ResponseTrait.php(134): CodeIgniter\RESTful\ResourceController->format(Array)
#9 C:\xampp\htdocs\twinzahra\app\Controllers\Orders1.php(86): CodeIgniter\RESTful\ResourceController->respond(Array)
#10 C:\xampp\htdocs\twinzahra\system\CodeIgniter.php(922): App\Controllers\Orders1->show()
#11 C:\xampp\htdocs\twinzahra\system\CodeIgniter.php(408): CodeIgniter\CodeIgniter->runController(Object(App\Controllers\Orders1))
#12 C:\xampp\htdocs\twinzahra\system\CodeIgniter.php(316): CodeIgniter\CodeIgniter->handleRequest(NULL, Object(Config\Cache), false)
#13 C:\xampp\htdocs\twinzahra\index.php(45): CodeIgniter\CodeIgniter->run()
#14 {main}
CRITICAL - 2020-10-29 23:21:06 --> Class 'Locale' not found
#0 C:\xampp\htdocs\twinzahra\system\I18n\Time.php(174): CodeIgniter\I18n\Time->__construct('2020-10-29 00:2...', NULL, NULL)
#1 C:\xampp\htdocs\twinzahra\system\Entity.php(500): CodeIgniter\I18n\Time::parse('2020-10-29 00:2...')
#2 C:\xampp\htdocs\twinzahra\system\Entity.php(301): CodeIgniter\Entity->mutateDate('2020-10-29 00:2...')
#3 C:\xampp\htdocs\twinzahra\system\Entity.php(166): CodeIgniter\Entity->__get('created_at')
#4 C:\xampp\htdocs\twinzahra\system\Entity.php(612): CodeIgniter\Entity->toArray()
#5 [internal function]: CodeIgniter\Entity->jsonSerialize()
#6 C:\xampp\htdocs\twinzahra\system\Format\JSONFormatter.php(67): json_encode(Array, 960, 512)
#7 C:\xampp\htdocs\twinzahra\system\API\ResponseTrait.php(414): CodeIgniter\Format\JSONFormatter->format(Array)
#8 C:\xampp\htdocs\twinzahra\system\API\ResponseTrait.php(134): CodeIgniter\RESTful\ResourceController->format(Array)
#9 C:\xampp\htdocs\twinzahra\app\Controllers\Orders1.php(39): CodeIgniter\RESTful\ResourceController->respond(Array)
#10 C:\xampp\htdocs\twinzahra\system\CodeIgniter.php(922): App\Controllers\Orders1->show()
#11 C:\xampp\htdocs\twinzahra\system\CodeIgniter.php(408): CodeIgniter\CodeIgniter->runController(Object(App\Controllers\Orders1))
#12 C:\xampp\htdocs\twinzahra\system\CodeIgniter.php(316): CodeIgniter\CodeIgniter->handleRequest(NULL, Object(Config\Cache), false)
#13 C:\xampp\htdocs\twinzahra\index.php(45): CodeIgniter\CodeIgniter->run()
#14 {main}
CRITICAL - 2020-10-29 23:21:37 --> Class 'Locale' not found
#0 C:\xampp\htdocs\twinzahra\system\I18n\Time.php(174): CodeIgniter\I18n\Time->__construct('2020-10-29 00:2...', NULL, NULL)
#1 C:\xampp\htdocs\twinzahra\system\Entity.php(500): CodeIgniter\I18n\Time::parse('2020-10-29 00:2...')
#2 C:\xampp\htdocs\twinzahra\system\Entity.php(301): CodeIgniter\Entity->mutateDate('2020-10-29 00:2...')
#3 C:\xampp\htdocs\twinzahra\system\Entity.php(166): CodeIgniter\Entity->__get('created_at')
#4 C:\xampp\htdocs\twinzahra\system\Entity.php(612): CodeIgniter\Entity->toArray()
#5 [internal function]: CodeIgniter\Entity->jsonSerialize()
#6 C:\xampp\htdocs\twinzahra\system\Format\JSONFormatter.php(67): json_encode(Array, 960, 512)
#7 C:\xampp\htdocs\twinzahra\system\API\ResponseTrait.php(414): CodeIgniter\Format\JSONFormatter->format(Array)
#8 C:\xampp\htdocs\twinzahra\system\API\ResponseTrait.php(134): CodeIgniter\RESTful\ResourceController->format(Array)
#9 C:\xampp\htdocs\twinzahra\app\Controllers\Orders1.php(86): CodeIgniter\RESTful\ResourceController->respond(Array)
#10 C:\xampp\htdocs\twinzahra\system\CodeIgniter.php(922): App\Controllers\Orders1->show()
#11 C:\xampp\htdocs\twinzahra\system\CodeIgniter.php(408): CodeIgniter\CodeIgniter->runController(Object(App\Controllers\Orders1))
#12 C:\xampp\htdocs\twinzahra\system\CodeIgniter.php(316): CodeIgniter\CodeIgniter->handleRequest(NULL, Object(Config\Cache), false)
#13 C:\xampp\htdocs\twinzahra\index.php(45): CodeIgniter\CodeIgniter->run()
#14 {main}
CRITICAL - 2020-10-29 23:23:38 --> Class 'Locale' not found
#0 C:\xampp\htdocs\twinzahra\system\I18n\Time.php(174): CodeIgniter\I18n\Time->__construct('2020-10-29 00:2...', NULL, NULL)
#1 C:\xampp\htdocs\twinzahra\system\Entity.php(500): CodeIgniter\I18n\Time::parse('2020-10-29 00:2...')
#2 C:\xampp\htdocs\twinzahra\system\Entity.php(301): CodeIgniter\Entity->mutateDate('2020-10-29 00:2...')
#3 C:\xampp\htdocs\twinzahra\system\Entity.php(166): CodeIgniter\Entity->__get('created_at')
#4 C:\xampp\htdocs\twinzahra\system\Entity.php(612): CodeIgniter\Entity->toArray()
#5 [internal function]: CodeIgniter\Entity->jsonSerialize()
#6 C:\xampp\htdocs\twinzahra\system\Format\JSONFormatter.php(67): json_encode(Array, 960, 512)
#7 C:\xampp\htdocs\twinzahra\system\API\ResponseTrait.php(414): CodeIgniter\Format\JSONFormatter->format(Array)
#8 C:\xampp\htdocs\twinzahra\system\API\ResponseTrait.php(134): CodeIgniter\RESTful\ResourceController->format(Array)
#9 C:\xampp\htdocs\twinzahra\app\Controllers\Orders1.php(86): CodeIgniter\RESTful\ResourceController->respond(Array)
#10 C:\xampp\htdocs\twinzahra\system\CodeIgniter.php(922): App\Controllers\Orders1->show()
#11 C:\xampp\htdocs\twinzahra\system\CodeIgniter.php(408): CodeIgniter\CodeIgniter->runController(Object(App\Controllers\Orders1))
#12 C:\xampp\htdocs\twinzahra\system\CodeIgniter.php(316): CodeIgniter\CodeIgniter->handleRequest(NULL, Object(Config\Cache), false)
#13 C:\xampp\htdocs\twinzahra\index.php(45): CodeIgniter\CodeIgniter->run()
#14 {main}
CRITICAL - 2020-10-29 23:23:39 --> Class 'Locale' not found
#0 C:\xampp\htdocs\twinzahra\system\I18n\Time.php(174): CodeIgniter\I18n\Time->__construct('2020-10-29 00:2...', NULL, NULL)
#1 C:\xampp\htdocs\twinzahra\system\Entity.php(500): CodeIgniter\I18n\Time::parse('2020-10-29 00:2...')
#2 C:\xampp\htdocs\twinzahra\system\Entity.php(301): CodeIgniter\Entity->mutateDate('2020-10-29 00:2...')
#3 C:\xampp\htdocs\twinzahra\system\Entity.php(166): CodeIgniter\Entity->__get('created_at')
#4 C:\xampp\htdocs\twinzahra\system\Entity.php(612): CodeIgniter\Entity->toArray()
#5 [internal function]: CodeIgniter\Entity->jsonSerialize()
#6 C:\xampp\htdocs\twinzahra\system\Format\JSONFormatter.php(67): json_encode(Array, 960, 512)
#7 C:\xampp\htdocs\twinzahra\system\API\ResponseTrait.php(414): CodeIgniter\Format\JSONFormatter->format(Array)
#8 C:\xampp\htdocs\twinzahra\system\API\ResponseTrait.php(134): CodeIgniter\RESTful\ResourceController->format(Array)
#9 C:\xampp\htdocs\twinzahra\app\Controllers\Orders1.php(86): CodeIgniter\RESTful\ResourceController->respond(Array)
#10 C:\xampp\htdocs\twinzahra\system\CodeIgniter.php(922): App\Controllers\Orders1->show()
#11 C:\xampp\htdocs\twinzahra\system\CodeIgniter.php(408): CodeIgniter\CodeIgniter->runController(Object(App\Controllers\Orders1))
#12 C:\xampp\htdocs\twinzahra\system\CodeIgniter.php(316): CodeIgniter\CodeIgniter->handleRequest(NULL, Object(Config\Cache), false)
#13 C:\xampp\htdocs\twinzahra\index.php(45): CodeIgniter\CodeIgniter->run()
#14 {main}
CRITICAL - 2020-10-29 23:23:39 --> Class 'Locale' not found
#0 C:\xampp\htdocs\twinzahra\system\I18n\Time.php(174): CodeIgniter\I18n\Time->__construct('2020-10-29 00:2...', NULL, NULL)
#1 C:\xampp\htdocs\twinzahra\system\Entity.php(500): CodeIgniter\I18n\Time::parse('2020-10-29 00:2...')
#2 C:\xampp\htdocs\twinzahra\system\Entity.php(301): CodeIgniter\Entity->mutateDate('2020-10-29 00:2...')
#3 C:\xampp\htdocs\twinzahra\system\Entity.php(166): CodeIgniter\Entity->__get('created_at')
#4 C:\xampp\htdocs\twinzahra\system\Entity.php(612): CodeIgniter\Entity->toArray()
#5 [internal function]: CodeIgniter\Entity->jsonSerialize()
#6 C:\xampp\htdocs\twinzahra\system\Format\JSONFormatter.php(67): json_encode(Array, 960, 512)
#7 C:\xampp\htdocs\twinzahra\system\API\ResponseTrait.php(414): CodeIgniter\Format\JSONFormatter->format(Array)
#8 C:\xampp\htdocs\twinzahra\system\API\ResponseTrait.php(134): CodeIgniter\RESTful\ResourceController->format(Array)
#9 C:\xampp\htdocs\twinzahra\app\Controllers\Orders1.php(86): CodeIgniter\RESTful\ResourceController->respond(Array)
#10 C:\xampp\htdocs\twinzahra\system\CodeIgniter.php(922): App\Controllers\Orders1->show()
#11 C:\xampp\htdocs\twinzahra\system\CodeIgniter.php(408): CodeIgniter\CodeIgniter->runController(Object(App\Controllers\Orders1))
#12 C:\xampp\htdocs\twinzahra\system\CodeIgniter.php(316): CodeIgniter\CodeIgniter->handleRequest(NULL, Object(Config\Cache), false)
#13 C:\xampp\htdocs\twinzahra\index.php(45): CodeIgniter\CodeIgniter->run()
#14 {main}
CRITICAL - 2020-10-29 23:24:01 --> Class 'Locale' not found
#0 C:\xampp\htdocs\twinzahra\system\I18n\Time.php(174): CodeIgniter\I18n\Time->__construct('2020-10-29 00:2...', NULL, NULL)
#1 C:\xampp\htdocs\twinzahra\system\Entity.php(500): CodeIgniter\I18n\Time::parse('2020-10-29 00:2...')
#2 C:\xampp\htdocs\twinzahra\system\Entity.php(301): CodeIgniter\Entity->mutateDate('2020-10-29 00:2...')
#3 C:\xampp\htdocs\twinzahra\system\Entity.php(166): CodeIgniter\Entity->__get('created_at')
#4 C:\xampp\htdocs\twinzahra\system\Entity.php(612): CodeIgniter\Entity->toArray()
#5 [internal function]: CodeIgniter\Entity->jsonSerialize()
#6 C:\xampp\htdocs\twinzahra\system\Format\JSONFormatter.php(67): json_encode(Array, 960, 512)
#7 C:\xampp\htdocs\twinzahra\system\API\ResponseTrait.php(414): CodeIgniter\Format\JSONFormatter->format(Array)
#8 C:\xampp\htdocs\twinzahra\system\API\ResponseTrait.php(134): CodeIgniter\RESTful\ResourceController->format(Array)
#9 C:\xampp\htdocs\twinzahra\app\Controllers\Orders1.php(86): CodeIgniter\RESTful\ResourceController->respond(Array)
#10 C:\xampp\htdocs\twinzahra\system\CodeIgniter.php(922): App\Controllers\Orders1->show()
#11 C:\xampp\htdocs\twinzahra\system\CodeIgniter.php(408): CodeIgniter\CodeIgniter->runController(Object(App\Controllers\Orders1))
#12 C:\xampp\htdocs\twinzahra\system\CodeIgniter.php(316): CodeIgniter\CodeIgniter->handleRequest(NULL, Object(Config\Cache), false)
#13 C:\xampp\htdocs\twinzahra\index.php(45): CodeIgniter\CodeIgniter->run()
#14 {main}
CRITICAL - 2020-10-29 23:24:03 --> Class 'Locale' not found
#0 C:\xampp\htdocs\twinzahra\system\I18n\Time.php(174): CodeIgniter\I18n\Time->__construct('2020-10-29 00:2...', NULL, NULL)
#1 C:\xampp\htdocs\twinzahra\system\Entity.php(500): CodeIgniter\I18n\Time::parse('2020-10-29 00:2...')
#2 C:\xampp\htdocs\twinzahra\system\Entity.php(301): CodeIgniter\Entity->mutateDate('2020-10-29 00:2...')
#3 C:\xampp\htdocs\twinzahra\system\Entity.php(166): CodeIgniter\Entity->__get('created_at')
#4 C:\xampp\htdocs\twinzahra\system\Entity.php(612): CodeIgniter\Entity->toArray()
#5 [internal function]: CodeIgniter\Entity->jsonSerialize()
#6 C:\xampp\htdocs\twinzahra\system\Format\JSONFormatter.php(67): json_encode(Array, 960, 512)
#7 C:\xampp\htdocs\twinzahra\system\API\ResponseTrait.php(414): CodeIgniter\Format\JSONFormatter->format(Array)
#8 C:\xampp\htdocs\twinzahra\system\API\ResponseTrait.php(134): CodeIgniter\RESTful\ResourceController->format(Array)
#9 C:\xampp\htdocs\twinzahra\app\Controllers\Orders1.php(86): CodeIgniter\RESTful\ResourceController->respond(Array)
#10 C:\xampp\htdocs\twinzahra\system\CodeIgniter.php(922): App\Controllers\Orders1->show()
#11 C:\xampp\htdocs\twinzahra\system\CodeIgniter.php(408): CodeIgniter\CodeIgniter->runController(Object(App\Controllers\Orders1))
#12 C:\xampp\htdocs\twinzahra\system\CodeIgniter.php(316): CodeIgniter\CodeIgniter->handleRequest(NULL, Object(Config\Cache), false)
#13 C:\xampp\htdocs\twinzahra\index.php(45): CodeIgniter\CodeIgniter->run()
#14 {main}
CRITICAL - 2020-10-29 23:25:01 --> Class 'Locale' not found
#0 C:\xampp\htdocs\twinzahra\system\I18n\Time.php(174): CodeIgniter\I18n\Time->__construct('2020-10-29 00:2...', NULL, NULL)
#1 C:\xampp\htdocs\twinzahra\system\Entity.php(500): CodeIgniter\I18n\Time::parse('2020-10-29 00:2...')
#2 C:\xampp\htdocs\twinzahra\system\Entity.php(301): CodeIgniter\Entity->mutateDate('2020-10-29 00:2...')
#3 C:\xampp\htdocs\twinzahra\system\Entity.php(166): CodeIgniter\Entity->__get('created_at')
#4 C:\xampp\htdocs\twinzahra\system\Entity.php(612): CodeIgniter\Entity->toArray()
#5 [internal function]: CodeIgniter\Entity->jsonSerialize()
#6 C:\xampp\htdocs\twinzahra\system\Format\JSONFormatter.php(67): json_encode(Array, 960, 512)
#7 C:\xampp\htdocs\twinzahra\system\API\ResponseTrait.php(414): CodeIgniter\Format\JSONFormatter->format(Array)
#8 C:\xampp\htdocs\twinzahra\system\API\ResponseTrait.php(134): CodeIgniter\RESTful\ResourceController->format(Array)
#9 C:\xampp\htdocs\twinzahra\app\Controllers\Orders1.php(16): CodeIgniter\RESTful\ResourceController->respond(Array)
#10 C:\xampp\htdocs\twinzahra\system\CodeIgniter.php(922): App\Controllers\Orders1->index()
#11 C:\xampp\htdocs\twinzahra\system\CodeIgniter.php(408): CodeIgniter\CodeIgniter->runController(Object(App\Controllers\Orders1))
#12 C:\xampp\htdocs\twinzahra\system\CodeIgniter.php(316): CodeIgniter\CodeIgniter->handleRequest(NULL, Object(Config\Cache), false)
#13 C:\xampp\htdocs\twinzahra\index.php(45): CodeIgniter\CodeIgniter->run()
#14 {main}
CRITICAL - 2020-10-29 23:25:27 --> Class 'Locale' not found
#0 C:\xampp\htdocs\twinzahra\system\I18n\Time.php(174): CodeIgniter\I18n\Time->__construct('2020-10-29 00:2...', NULL, NULL)
#1 C:\xampp\htdocs\twinzahra\system\Entity.php(500): CodeIgniter\I18n\Time::parse('2020-10-29 00:2...')
#2 C:\xampp\htdocs\twinzahra\system\Entity.php(301): CodeIgniter\Entity->mutateDate('2020-10-29 00:2...')
#3 C:\xampp\htdocs\twinzahra\system\Entity.php(166): CodeIgniter\Entity->__get('created_at')
#4 C:\xampp\htdocs\twinzahra\system\Entity.php(612): CodeIgniter\Entity->toArray()
#5 [internal function]: CodeIgniter\Entity->jsonSerialize()
#6 C:\xampp\htdocs\twinzahra\system\Format\JSONFormatter.php(67): json_encode(Array, 960, 512)
#7 C:\xampp\htdocs\twinzahra\system\API\ResponseTrait.php(414): CodeIgniter\Format\JSONFormatter->format(Array)
#8 C:\xampp\htdocs\twinzahra\system\API\ResponseTrait.php(134): CodeIgniter\RESTful\ResourceController->format(Array)
#9 C:\xampp\htdocs\twinzahra\app\Controllers\Orders1.php(16): CodeIgniter\RESTful\ResourceController->respond(Array)
#10 C:\xampp\htdocs\twinzahra\system\CodeIgniter.php(922): App\Controllers\Orders1->index()
#11 C:\xampp\htdocs\twinzahra\system\CodeIgniter.php(408): CodeIgniter\CodeIgniter->runController(Object(App\Controllers\Orders1))
#12 C:\xampp\htdocs\twinzahra\system\CodeIgniter.php(316): CodeIgniter\CodeIgniter->handleRequest(NULL, Object(Config\Cache), false)
#13 C:\xampp\htdocs\twinzahra\index.php(45): CodeIgniter\CodeIgniter->run()
#14 {main}
CRITICAL - 2020-10-29 23:25:29 --> Class 'Locale' not found
#0 C:\xampp\htdocs\twinzahra\system\I18n\Time.php(174): CodeIgniter\I18n\Time->__construct('2020-10-29 00:2...', NULL, NULL)
#1 C:\xampp\htdocs\twinzahra\system\Entity.php(500): CodeIgniter\I18n\Time::parse('2020-10-29 00:2...')
#2 C:\xampp\htdocs\twinzahra\system\Entity.php(301): CodeIgniter\Entity->mutateDate('2020-10-29 00:2...')
#3 C:\xampp\htdocs\twinzahra\system\Entity.php(166): CodeIgniter\Entity->__get('created_at')
#4 C:\xampp\htdocs\twinzahra\system\Entity.php(612): CodeIgniter\Entity->toArray()
#5 [internal function]: CodeIgniter\Entity->jsonSerialize()
#6 C:\xampp\htdocs\twinzahra\system\Format\JSONFormatter.php(67): json_encode(Array, 960, 512)
#7 C:\xampp\htdocs\twinzahra\system\API\ResponseTrait.php(414): CodeIgniter\Format\JSONFormatter->format(Array)
#8 C:\xampp\htdocs\twinzahra\system\API\ResponseTrait.php(134): CodeIgniter\RESTful\ResourceController->format(Array)
#9 C:\xampp\htdocs\twinzahra\app\Controllers\Orders1.php(16): CodeIgniter\RESTful\ResourceController->respond(Array)
#10 C:\xampp\htdocs\twinzahra\system\CodeIgniter.php(922): App\Controllers\Orders1->index()
#11 C:\xampp\htdocs\twinzahra\system\CodeIgniter.php(408): CodeIgniter\CodeIgniter->runController(Object(App\Controllers\Orders1))
#12 C:\xampp\htdocs\twinzahra\system\CodeIgniter.php(316): CodeIgniter\CodeIgniter->handleRequest(NULL, Object(Config\Cache), false)
#13 C:\xampp\htdocs\twinzahra\index.php(45): CodeIgniter\CodeIgniter->run()
#14 {main}
CRITICAL - 2020-10-29 23:30:21 --> Cannot redeclare App\Controllers\Orders1::index()
#0 [internal function]: CodeIgniter\Debug\Exceptions->shutdownHandler()
#1 {main}
CRITICAL - 2020-10-29 23:33:05 --> Deletes are not allowed unless they contain a "where" or "like" clause.
#0 C:\xampp\htdocs\twinzahra\system\Model.php(977): CodeIgniter\Database\BaseBuilder->delete()
#1 C:\xampp\htdocs\twinzahra\app\Controllers\Orders1.php(75): CodeIgniter\Model->delete(NULL)
#2 C:\xampp\htdocs\twinzahra\system\CodeIgniter.php(922): App\Controllers\Orders1->delete()
#3 C:\xampp\htdocs\twinzahra\system\CodeIgniter.php(408): CodeIgniter\CodeIgniter->runController(Object(App\Controllers\Orders1))
#4 C:\xampp\htdocs\twinzahra\system\CodeIgniter.php(316): CodeIgniter\CodeIgniter->handleRequest(NULL, Object(Config\Cache), false)
#5 C:\xampp\htdocs\twinzahra\index.php(45): CodeIgniter\CodeIgniter->run()
#6 {main}
CRITICAL - 2020-10-29 23:37:34 --> syntax error, unexpected 'BaseController' (T_STRING), expecting '{'
#0 C:\xampp\htdocs\twinzahra\system\Autoloader\Autoloader.php(296): CodeIgniter\Autoloader\Autoloader->requireFile('C:\\xampp\\htdocs...')
#1 C:\xampp\htdocs\twinzahra\system\Autoloader\Autoloader.php(258): CodeIgniter\Autoloader\Autoloader->loadInNamespace('App\\Controllers...')
#2 [internal function]: CodeIgniter\Autoloader\Autoloader->loadClass('App\\Controllers...')
#3 [internal function]: spl_autoload_call('App\\Controllers...')
#4 C:\xampp\htdocs\twinzahra\system\CodeIgniter.php(873): class_exists('\\App\\Controller...', true)
#5 C:\xampp\htdocs\twinzahra\system\CodeIgniter.php(398): CodeIgniter\CodeIgniter->startController()
#6 C:\xampp\htdocs\twinzahra\system\CodeIgniter.php(316): CodeIgniter\CodeIgniter->handleRequest(NULL, Object(Config\Cache), false)
#7 C:\xampp\htdocs\twinzahra\index.php(45): CodeIgniter\CodeIgniter->run()
#8 {main}
