CRITICAL - 2020-11-16 04:55:03 --> Undefined index: delivery_type
#0 /home/twinzahr/public_html/app/Views/orders/view/load_pending.php(301): CodeIgniter\Debug\Exceptions->errorHandler(8, 'Undefined index...', '/home/twinzahr/...', 301, Array)
#1 /home/twinzahr/public_html/system/View/View.php(246): include('/home/twinzahr/...')
#2 /home/twinzahr/public_html/system/Common.php(1119): CodeIgniter\View\View->render('orders/view/loa...', Array, true)
#3 /home/twinzahr/public_html/app/Controllers/Orders.php(23): view('orders/view/loa...')
#4 /home/twinzahr/public_html/system/CodeIgniter.php(922): App\Controllers\Orders->load_pending()
#5 /home/twinzahr/public_html/system/CodeIgniter.php(408): CodeIgniter\CodeIgniter->runController(Object(App\Controllers\Orders))
#6 /home/twinzahr/public_html/system/CodeIgniter.php(316): CodeIgniter\CodeIgniter->handleRequest(NULL, Object(Config\Cache), false)
#7 /home/twinzahr/public_html/index.php(45): CodeIgniter\CodeIgniter->run()
#8 {main}
CRITICAL - 2020-11-16 05:00:14 --> Array to string conversion
#0 /home/twinzahr/public_html/app/Views/orders/view/load_pending.php(301): CodeIgniter\Debug\Exceptions->errorHandler(8, 'Array to string...', '/home/twinzahr/...', 301, Array)
#1 /home/twinzahr/public_html/system/View/View.php(246): include('/home/twinzahr/...')
#2 /home/twinzahr/public_html/system/Common.php(1119): CodeIgniter\View\View->render('orders/view/loa...', Array, true)
#3 /home/twinzahr/public_html/app/Controllers/Orders.php(23): view('orders/view/loa...')
#4 /home/twinzahr/public_html/system/CodeIgniter.php(922): App\Controllers\Orders->load_pending()
#5 /home/twinzahr/public_html/system/CodeIgniter.php(408): CodeIgniter\CodeIgniter->runController(Object(App\Controllers\Orders))
#6 /home/twinzahr/public_html/system/CodeIgniter.php(316): CodeIgniter\CodeIgniter->handleRequest(NULL, Object(Config\Cache), false)
#7 /home/twinzahr/public_html/index.php(45): CodeIgniter\CodeIgniter->run()
#8 {main}
CRITICAL - 2020-11-16 05:00:25 --> Array to string conversion
#0 /home/twinzahr/public_html/app/Views/orders/view/load_pending.php(301): CodeIgniter\Debug\Exceptions->errorHandler(8, 'Array to string...', '/home/twinzahr/...', 301, Array)
#1 /home/twinzahr/public_html/system/View/View.php(246): include('/home/twinzahr/...')
#2 /home/twinzahr/public_html/system/Common.php(1119): CodeIgniter\View\View->render('orders/view/loa...', Array, true)
#3 /home/twinzahr/public_html/app/Controllers/Orders.php(23): view('orders/view/loa...')
#4 /home/twinzahr/public_html/system/CodeIgniter.php(922): App\Controllers\Orders->load_pending()
#5 /home/twinzahr/public_html/system/CodeIgniter.php(408): CodeIgniter\CodeIgniter->runController(Object(App\Controllers\Orders))
#6 /home/twinzahr/public_html/system/CodeIgniter.php(316): CodeIgniter\CodeIgniter->handleRequest(NULL, Object(Config\Cache), false)
#7 /home/twinzahr/public_html/index.php(45): CodeIgniter\CodeIgniter->run()
#8 {main}
CRITICAL - 2020-11-16 05:38:53 --> Undefined variable: DataOrderItems
#0 /home/twinzahr/public_html/app/Views/orders/view/load_pending.php(305): CodeIgniter\Debug\Exceptions->errorHandler(8, 'Undefined varia...', '/home/twinzahr/...', 305, Array)
#1 /home/twinzahr/public_html/system/View/View.php(246): include('/home/twinzahr/...')
#2 /home/twinzahr/public_html/system/Common.php(1119): CodeIgniter\View\View->render('orders/view/loa...', Array, true)
#3 /home/twinzahr/public_html/app/Controllers/Orders.php(23): view('orders/view/loa...')
#4 /home/twinzahr/public_html/system/CodeIgniter.php(922): App\Controllers\Orders->load_pending()
#5 /home/twinzahr/public_html/system/CodeIgniter.php(408): CodeIgniter\CodeIgniter->runController(Object(App\Controllers\Orders))
#6 /home/twinzahr/public_html/system/CodeIgniter.php(316): CodeIgniter\CodeIgniter->handleRequest(NULL, Object(Config\Cache), false)
#7 /home/twinzahr/public_html/index.php(45): CodeIgniter\CodeIgniter->run()
#8 {main}
CRITICAL - 2020-11-16 05:38:55 --> Undefined variable: DataOrderItems
#0 /home/twinzahr/public_html/app/Views/orders/view/load_pending.php(305): CodeIgniter\Debug\Exceptions->errorHandler(8, 'Undefined varia...', '/home/twinzahr/...', 305, Array)
#1 /home/twinzahr/public_html/system/View/View.php(246): include('/home/twinzahr/...')
#2 /home/twinzahr/public_html/system/Common.php(1119): CodeIgniter\View\View->render('orders/view/loa...', Array, true)
#3 /home/twinzahr/public_html/app/Controllers/Orders.php(23): view('orders/view/loa...')
#4 /home/twinzahr/public_html/system/CodeIgniter.php(922): App\Controllers\Orders->load_pending()
#5 /home/twinzahr/public_html/system/CodeIgniter.php(408): CodeIgniter\CodeIgniter->runController(Object(App\Controllers\Orders))
#6 /home/twinzahr/public_html/system/CodeIgniter.php(316): CodeIgniter\CodeIgniter->handleRequest(NULL, Object(Config\Cache), false)
#7 /home/twinzahr/public_html/index.php(45): CodeIgniter\CodeIgniter->run()
#8 {main}
CRITICAL - 2020-11-16 05:39:59 --> syntax error, unexpected 'else' (T_ELSE)
#0 /home/twinzahr/public_html/system/Common.php(1119): CodeIgniter\View\View->render('orders/view/loa...', Array, true)
#1 /home/twinzahr/public_html/app/Controllers/Orders.php(23): view('orders/view/loa...')
#2 /home/twinzahr/public_html/system/CodeIgniter.php(922): App\Controllers\Orders->load_pending()
#3 /home/twinzahr/public_html/system/CodeIgniter.php(408): CodeIgniter\CodeIgniter->runController(Object(App\Controllers\Orders))
#4 /home/twinzahr/public_html/system/CodeIgniter.php(316): CodeIgniter\CodeIgniter->handleRequest(NULL, Object(Config\Cache), false)
#5 /home/twinzahr/public_html/index.php(45): CodeIgniter\CodeIgniter->run()
#6 {main}
CRITICAL - 2020-11-16 05:57:06 --> Undefined index: tracking_code
#0 /home/twinzahr/public_html/app/Views/orders/view/load_rts.php(148): CodeIgniter\Debug\Exceptions->errorHandler(8, 'Undefined index...', '/home/twinzahr/...', 148, Array)
#1 /home/twinzahr/public_html/system/View/View.php(246): include('/home/twinzahr/...')
#2 /home/twinzahr/public_html/system/Common.php(1119): CodeIgniter\View\View->render('orders/view/loa...', Array, true)
#3 /home/twinzahr/public_html/app/Controllers/Orders.php(31): view('orders/view/loa...')
#4 /home/twinzahr/public_html/system/CodeIgniter.php(922): App\Controllers\Orders->load_rts()
#5 /home/twinzahr/public_html/system/CodeIgniter.php(408): CodeIgniter\CodeIgniter->runController(Object(App\Controllers\Orders))
#6 /home/twinzahr/public_html/system/CodeIgniter.php(316): CodeIgniter\CodeIgniter->handleRequest(NULL, Object(Config\Cache), false)
#7 /home/twinzahr/public_html/index.php(45): CodeIgniter\CodeIgniter->run()
#8 {main}
CRITICAL - 2020-11-16 05:57:33 --> Undefined index: order_items
#0 /home/twinzahr/public_html/app/Views/orders/view/load_rts.php(147): CodeIgniter\Debug\Exceptions->errorHandler(8, 'Undefined index...', '/home/twinzahr/...', 147, Array)
#1 /home/twinzahr/public_html/system/View/View.php(246): include('/home/twinzahr/...')
#2 /home/twinzahr/public_html/system/Common.php(1119): CodeIgniter\View\View->render('orders/view/loa...', Array, true)
#3 /home/twinzahr/public_html/app/Controllers/Orders.php(31): view('orders/view/loa...')
#4 /home/twinzahr/public_html/system/CodeIgniter.php(922): App\Controllers\Orders->load_rts()
#5 /home/twinzahr/public_html/system/CodeIgniter.php(408): CodeIgniter\CodeIgniter->runController(Object(App\Controllers\Orders))
#6 /home/twinzahr/public_html/system/CodeIgniter.php(316): CodeIgniter\CodeIgniter->handleRequest(NULL, Object(Config\Cache), false)
#7 /home/twinzahr/public_html/index.php(45): CodeIgniter\CodeIgniter->run()
#8 {main}
CRITICAL - 2020-11-16 05:58:17 --> Array to string conversion
#0 /home/twinzahr/public_html/app/Views/orders/view/load_rts.php(246): CodeIgniter\Debug\Exceptions->errorHandler(8, 'Array to string...', '/home/twinzahr/...', 246, Array)
#1 /home/twinzahr/public_html/system/View/View.php(246): include('/home/twinzahr/...')
#2 /home/twinzahr/public_html/system/Common.php(1119): CodeIgniter\View\View->render('orders/view/loa...', Array, true)
#3 /home/twinzahr/public_html/app/Controllers/Orders.php(31): view('orders/view/loa...')
#4 /home/twinzahr/public_html/system/CodeIgniter.php(922): App\Controllers\Orders->load_rts()
#5 /home/twinzahr/public_html/system/CodeIgniter.php(408): CodeIgniter\CodeIgniter->runController(Object(App\Controllers\Orders))
#6 /home/twinzahr/public_html/system/CodeIgniter.php(316): CodeIgniter\CodeIgniter->handleRequest(NULL, Object(Config\Cache), false)
#7 /home/twinzahr/public_html/index.php(45): CodeIgniter\CodeIgniter->run()
#8 {main}
CRITICAL - 2020-11-16 06:30:01 --> base64_encode() expects parameter 1 to be string, array given
#0 [internal function]: CodeIgniter\Debug\Exceptions->errorHandler(2, 'base64_encode()...', '/home/twinzahr/...', 246, Array)
#1 /home/twinzahr/public_html/app/Views/orders/view/load_rts.php(246): base64_encode(Array)
#2 /home/twinzahr/public_html/system/View/View.php(246): include('/home/twinzahr/...')
#3 /home/twinzahr/public_html/system/Common.php(1119): CodeIgniter\View\View->render('orders/view/loa...', Array, true)
#4 /home/twinzahr/public_html/app/Controllers/Orders.php(31): view('orders/view/loa...')
#5 /home/twinzahr/public_html/system/CodeIgniter.php(922): App\Controllers\Orders->load_rts()
#6 /home/twinzahr/public_html/system/CodeIgniter.php(408): CodeIgniter\CodeIgniter->runController(Object(App\Controllers\Orders))
#7 /home/twinzahr/public_html/system/CodeIgniter.php(316): CodeIgniter\CodeIgniter->handleRequest(NULL, Object(Config\Cache), false)
#8 /home/twinzahr/public_html/index.php(45): CodeIgniter\CodeIgniter->run()
#9 {main}
CRITICAL - 2020-11-16 06:30:48 --> md5() expects parameter 1 to be string, array given
#0 [internal function]: CodeIgniter\Debug\Exceptions->errorHandler(2, 'md5() expects p...', '/home/twinzahr/...', 246, Array)
#1 /home/twinzahr/public_html/app/Views/orders/view/load_rts.php(246): md5(Array)
#2 /home/twinzahr/public_html/system/View/View.php(246): include('/home/twinzahr/...')
#3 /home/twinzahr/public_html/system/Common.php(1119): CodeIgniter\View\View->render('orders/view/loa...', Array, true)
#4 /home/twinzahr/public_html/app/Controllers/Orders.php(31): view('orders/view/loa...')
#5 /home/twinzahr/public_html/system/CodeIgniter.php(922): App\Controllers\Orders->load_rts()
#6 /home/twinzahr/public_html/system/CodeIgniter.php(408): CodeIgniter\CodeIgniter->runController(Object(App\Controllers\Orders))
#7 /home/twinzahr/public_html/system/CodeIgniter.php(316): CodeIgniter\CodeIgniter->handleRequest(NULL, Object(Config\Cache), false)
#8 /home/twinzahr/public_html/index.php(45): CodeIgniter\CodeIgniter->run()
#9 {main}
CRITICAL - 2020-11-16 06:34:36 --> syntax error, unexpected ';', expecting ')'
#0 /home/twinzahr/public_html/system/Common.php(1119): CodeIgniter\View\View->render('orders/view/loa...', Array, true)
#1 /home/twinzahr/public_html/app/Controllers/Orders.php(31): view('orders/view/loa...')
#2 /home/twinzahr/public_html/system/CodeIgniter.php(922): App\Controllers\Orders->load_rts()
#3 /home/twinzahr/public_html/system/CodeIgniter.php(408): CodeIgniter\CodeIgniter->runController(Object(App\Controllers\Orders))
#4 /home/twinzahr/public_html/system/CodeIgniter.php(316): CodeIgniter\CodeIgniter->handleRequest(NULL, Object(Config\Cache), false)
#5 /home/twinzahr/public_html/index.php(45): CodeIgniter\CodeIgniter->run()
#6 {main}
CRITICAL - 2020-11-16 06:49:14 --> htmlentities() expects parameter 1 to be string, array given
#0 [internal function]: CodeIgniter\Debug\Exceptions->errorHandler(2, 'htmlentities() ...', '/home/twinzahr/...', 248, Array)
#1 /home/twinzahr/public_html/app/Views/orders/view/load_rts.php(248): htmlentities(Array)
#2 /home/twinzahr/public_html/system/View/View.php(246): include('/home/twinzahr/...')
#3 /home/twinzahr/public_html/system/Common.php(1119): CodeIgniter\View\View->render('orders/view/loa...', Array, true)
#4 /home/twinzahr/public_html/app/Controllers/Orders.php(31): view('orders/view/loa...')
#5 /home/twinzahr/public_html/system/CodeIgniter.php(922): App\Controllers\Orders->load_rts()
#6 /home/twinzahr/public_html/system/CodeIgniter.php(408): CodeIgniter\CodeIgniter->runController(Object(App\Controllers\Orders))
#7 /home/twinzahr/public_html/system/CodeIgniter.php(316): CodeIgniter\CodeIgniter->handleRequest(NULL, Object(Config\Cache), false)
#8 /home/twinzahr/public_html/index.php(45): CodeIgniter\CodeIgniter->run()
#9 {main}
CRITICAL - 2020-11-16 07:18:50 --> Array to string conversion
#0 /home/twinzahr/public_html/app/Views/orders/view/load_rts.php(248): CodeIgniter\Debug\Exceptions->errorHandler(8, 'Array to string...', '/home/twinzahr/...', 248, Array)
#1 /home/twinzahr/public_html/system/View/View.php(246): include('/home/twinzahr/...')
#2 /home/twinzahr/public_html/system/Common.php(1119): CodeIgniter\View\View->render('orders/view/loa...', Array, true)
#3 /home/twinzahr/public_html/app/Controllers/Orders.php(31): view('orders/view/loa...')
#4 /home/twinzahr/public_html/system/CodeIgniter.php(922): App\Controllers\Orders->load_rts()
#5 /home/twinzahr/public_html/system/CodeIgniter.php(408): CodeIgniter\CodeIgniter->runController(Object(App\Controllers\Orders))
#6 /home/twinzahr/public_html/system/CodeIgniter.php(316): CodeIgniter\CodeIgniter->handleRequest(NULL, Object(Config\Cache), false)
#7 /home/twinzahr/public_html/index.php(45): CodeIgniter\CodeIgniter->run()
#8 {main}
CRITICAL - 2020-11-16 07:18:53 --> Array to string conversion
#0 /home/twinzahr/public_html/app/Views/orders/view/load_rts.php(248): CodeIgniter\Debug\Exceptions->errorHandler(8, 'Array to string...', '/home/twinzahr/...', 248, Array)
#1 /home/twinzahr/public_html/system/View/View.php(246): include('/home/twinzahr/...')
#2 /home/twinzahr/public_html/system/Common.php(1119): CodeIgniter\View\View->render('orders/view/loa...', Array, true)
#3 /home/twinzahr/public_html/app/Controllers/Orders.php(31): view('orders/view/loa...')
#4 /home/twinzahr/public_html/system/CodeIgniter.php(922): App\Controllers\Orders->load_rts()
#5 /home/twinzahr/public_html/system/CodeIgniter.php(408): CodeIgniter\CodeIgniter->runController(Object(App\Controllers\Orders))
#6 /home/twinzahr/public_html/system/CodeIgniter.php(316): CodeIgniter\CodeIgniter->handleRequest(NULL, Object(Config\Cache), false)
#7 /home/twinzahr/public_html/index.php(45): CodeIgniter\CodeIgniter->run()
#8 {main}
CRITICAL - 2020-11-16 08:01:23 --> Trying to access array offset on value of type null
#0 /home/twinzahr/public_html/app/Views/orders/view/load_rts.php(72): CodeIgniter\Debug\Exceptions->errorHandler(8, 'Trying to acces...', '/home/twinzahr/...', 72, Array)
#1 /home/twinzahr/public_html/app/Views/orders/view/load_rts.php(136): getHistory('201110KR8YR4ME')
#2 /home/twinzahr/public_html/system/View/View.php(246): include('/home/twinzahr/...')
#3 /home/twinzahr/public_html/system/Common.php(1119): CodeIgniter\View\View->render('orders/view/loa...', Array, true)
#4 /home/twinzahr/public_html/app/Controllers/Orders.php(31): view('orders/view/loa...')
#5 /home/twinzahr/public_html/system/CodeIgniter.php(922): App\Controllers\Orders->load_rts()
#6 /home/twinzahr/public_html/system/CodeIgniter.php(408): CodeIgniter\CodeIgniter->runController(Object(App\Controllers\Orders))
#7 /home/twinzahr/public_html/system/CodeIgniter.php(316): CodeIgniter\CodeIgniter->handleRequest(NULL, Object(Config\Cache), false)
#8 /home/twinzahr/public_html/index.php(45): CodeIgniter\CodeIgniter->run()
#9 {main}
CRITICAL - 2020-11-16 08:01:23 --> Uncaught CodeIgniter\Format\Exceptions\FormatException: Failed to parse json string, error: "Type is not supported". in /home/twinzahr/public_html/system/Format/Exceptions/FormatException.php:9
Stack trace:
#0 /home/twinzahr/public_html/system/Format/JSONFormatter.php(71): CodeIgniter\Format\Exceptions\FormatException::forInvalidJSON('Type is not sup...')
#1 /home/twinzahr/public_html/system/API/ResponseTrait.php(414): CodeIgniter\Format\JSONFormatter->format(Array)
#2 /home/twinzahr/public_html/system/API/ResponseTrait.php(134): CodeIgniter\Debug\Exceptions->format(Array)
#3 /home/twinzahr/public_html/system/Debug/Exceptions.php(168): CodeIgniter\Debug\Exceptions->respond(Array, 500)
#4 [internal function]: CodeIgniter\Debug\Exceptions->exceptionHandler(Object(ErrorException))
#5 {main}
  thrown
#0 [internal function]: CodeIgniter\Debug\Exceptions->shutdownHandler()
#1 {main}
CRITICAL - 2020-11-16 08:13:57 --> Trying to access array offset on value of type null
#0 /home/twinzahr/public_html/app/Views/orders/view/load_pending.php(85): CodeIgniter\Debug\Exceptions->errorHandler(8, 'Trying to acces...', '/home/twinzahr/...', 85, Array)
#1 /home/twinzahr/public_html/system/View/View.php(246): include('/home/twinzahr/...')
#2 /home/twinzahr/public_html/system/Common.php(1119): CodeIgniter\View\View->render('orders/view/loa...', Array, true)
#3 /home/twinzahr/public_html/app/Controllers/Orders.php(23): view('orders/view/loa...')
#4 /home/twinzahr/public_html/system/CodeIgniter.php(922): App\Controllers\Orders->load_pending()
#5 /home/twinzahr/public_html/system/CodeIgniter.php(408): CodeIgniter\CodeIgniter->runController(Object(App\Controllers\Orders))
#6 /home/twinzahr/public_html/system/CodeIgniter.php(316): CodeIgniter\CodeIgniter->handleRequest(NULL, Object(Config\Cache), false)
#7 /home/twinzahr/public_html/index.php(45): CodeIgniter\CodeIgniter->run()
#8 {main}
CRITICAL - 2020-11-16 08:14:03 --> Trying to access array offset on value of type null
#0 /home/twinzahr/public_html/app/Views/orders/view/load_rts.php(85): CodeIgniter\Debug\Exceptions->errorHandler(8, 'Trying to acces...', '/home/twinzahr/...', 85, Array)
#1 /home/twinzahr/public_html/system/View/View.php(246): include('/home/twinzahr/...')
#2 /home/twinzahr/public_html/system/Common.php(1119): CodeIgniter\View\View->render('orders/view/loa...', Array, true)
#3 /home/twinzahr/public_html/app/Controllers/Orders.php(31): view('orders/view/loa...')
#4 /home/twinzahr/public_html/system/CodeIgniter.php(922): App\Controllers\Orders->load_rts()
#5 /home/twinzahr/public_html/system/CodeIgniter.php(408): CodeIgniter\CodeIgniter->runController(Object(App\Controllers\Orders))
#6 /home/twinzahr/public_html/system/CodeIgniter.php(316): CodeIgniter\CodeIgniter->handleRequest(NULL, Object(Config\Cache), false)
#7 /home/twinzahr/public_html/index.php(45): CodeIgniter\CodeIgniter->run()
#8 {main}
CRITICAL - 2020-11-16 08:35:55 --> Trying to access array offset on value of type null
#0 /home/twinzahr/public_html/app/Views/orders/view/load_pending.php(85): CodeIgniter\Debug\Exceptions->errorHandler(8, 'Trying to acces...', '/home/twinzahr/...', 85, Array)
#1 /home/twinzahr/public_html/system/View/View.php(246): include('/home/twinzahr/...')
#2 /home/twinzahr/public_html/system/Common.php(1119): CodeIgniter\View\View->render('orders/view/loa...', Array, true)
#3 /home/twinzahr/public_html/app/Controllers/Orders.php(23): view('orders/view/loa...')
#4 /home/twinzahr/public_html/system/CodeIgniter.php(922): App\Controllers\Orders->load_pending()
#5 /home/twinzahr/public_html/system/CodeIgniter.php(408): CodeIgniter\CodeIgniter->runController(Object(App\Controllers\Orders))
#6 /home/twinzahr/public_html/system/CodeIgniter.php(316): CodeIgniter\CodeIgniter->handleRequest(NULL, Object(Config\Cache), false)
#7 /home/twinzahr/public_html/index.php(45): CodeIgniter\CodeIgniter->run()
#8 {main}
CRITICAL - 2020-11-16 08:36:17 --> Trying to access array offset on value of type null
#0 /home/twinzahr/public_html/app/Views/orders/view/load_pending.php(85): CodeIgniter\Debug\Exceptions->errorHandler(8, 'Trying to acces...', '/home/twinzahr/...', 85, Array)
#1 /home/twinzahr/public_html/system/View/View.php(246): include('/home/twinzahr/...')
#2 /home/twinzahr/public_html/system/Common.php(1119): CodeIgniter\View\View->render('orders/view/loa...', Array, true)
#3 /home/twinzahr/public_html/app/Controllers/Orders.php(23): view('orders/view/loa...')
#4 /home/twinzahr/public_html/system/CodeIgniter.php(922): App\Controllers\Orders->load_pending()
#5 /home/twinzahr/public_html/system/CodeIgniter.php(408): CodeIgniter\CodeIgniter->runController(Object(App\Controllers\Orders))
#6 /home/twinzahr/public_html/system/CodeIgniter.php(316): CodeIgniter\CodeIgniter->handleRequest(NULL, Object(Config\Cache), false)
#7 /home/twinzahr/public_html/index.php(45): CodeIgniter\CodeIgniter->run()
#8 {main}
CRITICAL - 2020-11-16 09:20:52 --> Trying to access array offset on value of type null
#0 /home/twinzahr/public_html/app/Views/orders/view/load_rts.php(85): CodeIgniter\Debug\Exceptions->errorHandler(8, 'Trying to acces...', '/home/twinzahr/...', 85, Array)
#1 /home/twinzahr/public_html/system/View/View.php(246): include('/home/twinzahr/...')
#2 /home/twinzahr/public_html/system/Common.php(1119): CodeIgniter\View\View->render('orders/view/loa...', Array, true)
#3 /home/twinzahr/public_html/app/Controllers/Orders.php(31): view('orders/view/loa...')
#4 /home/twinzahr/public_html/system/CodeIgniter.php(922): App\Controllers\Orders->load_rts()
#5 /home/twinzahr/public_html/system/CodeIgniter.php(408): CodeIgniter\CodeIgniter->runController(Object(App\Controllers\Orders))
#6 /home/twinzahr/public_html/system/CodeIgniter.php(316): CodeIgniter\CodeIgniter->handleRequest(NULL, Object(Config\Cache), false)
#7 /home/twinzahr/public_html/index.php(45): CodeIgniter\CodeIgniter->run()
#8 {main}
CRITICAL - 2020-11-16 09:21:37 --> Trying to access array offset on value of type null
#0 /home/twinzahr/public_html/app/Views/orders/view/load_rts.php(85): CodeIgniter\Debug\Exceptions->errorHandler(8, 'Trying to acces...', '/home/twinzahr/...', 85, Array)
#1 /home/twinzahr/public_html/system/View/View.php(246): include('/home/twinzahr/...')
#2 /home/twinzahr/public_html/system/Common.php(1119): CodeIgniter\View\View->render('orders/view/loa...', Array, true)
#3 /home/twinzahr/public_html/app/Controllers/Orders.php(31): view('orders/view/loa...')
#4 /home/twinzahr/public_html/system/CodeIgniter.php(922): App\Controllers\Orders->load_rts()
#5 /home/twinzahr/public_html/system/CodeIgniter.php(408): CodeIgniter\CodeIgniter->runController(Object(App\Controllers\Orders))
#6 /home/twinzahr/public_html/system/CodeIgniter.php(316): CodeIgniter\CodeIgniter->handleRequest(NULL, Object(Config\Cache), false)
#7 /home/twinzahr/public_html/index.php(45): CodeIgniter\CodeIgniter->run()
#8 {main}
CRITICAL - 2020-11-16 09:21:39 --> Trying to access array offset on value of type null
#0 /home/twinzahr/public_html/app/Views/orders/view/load_pending.php(85): CodeIgniter\Debug\Exceptions->errorHandler(8, 'Trying to acces...', '/home/twinzahr/...', 85, Array)
#1 /home/twinzahr/public_html/system/View/View.php(246): include('/home/twinzahr/...')
#2 /home/twinzahr/public_html/system/Common.php(1119): CodeIgniter\View\View->render('orders/view/loa...', Array, true)
#3 /home/twinzahr/public_html/app/Controllers/Orders.php(23): view('orders/view/loa...')
#4 /home/twinzahr/public_html/system/CodeIgniter.php(922): App\Controllers\Orders->load_pending()
#5 /home/twinzahr/public_html/system/CodeIgniter.php(408): CodeIgniter\CodeIgniter->runController(Object(App\Controllers\Orders))
#6 /home/twinzahr/public_html/system/CodeIgniter.php(316): CodeIgniter\CodeIgniter->handleRequest(NULL, Object(Config\Cache), false)
#7 /home/twinzahr/public_html/index.php(45): CodeIgniter\CodeIgniter->run()
#8 {main}
CRITICAL - 2020-11-16 09:22:12 --> Trying to access array offset on value of type null
#0 /home/twinzahr/public_html/app/Views/orders/view/load_pending.php(85): CodeIgniter\Debug\Exceptions->errorHandler(8, 'Trying to acces...', '/home/twinzahr/...', 85, Array)
#1 /home/twinzahr/public_html/system/View/View.php(246): include('/home/twinzahr/...')
#2 /home/twinzahr/public_html/system/Common.php(1119): CodeIgniter\View\View->render('orders/view/loa...', Array, true)
#3 /home/twinzahr/public_html/app/Controllers/Orders.php(23): view('orders/view/loa...')
#4 /home/twinzahr/public_html/system/CodeIgniter.php(922): App\Controllers\Orders->load_pending()
#5 /home/twinzahr/public_html/system/CodeIgniter.php(408): CodeIgniter\CodeIgniter->runController(Object(App\Controllers\Orders))
#6 /home/twinzahr/public_html/system/CodeIgniter.php(316): CodeIgniter\CodeIgniter->handleRequest(NULL, Object(Config\Cache), false)
#7 /home/twinzahr/public_html/index.php(45): CodeIgniter\CodeIgniter->run()
#8 {main}
CRITICAL - 2020-11-16 09:22:22 --> Trying to access array offset on value of type null
#0 /home/twinzahr/public_html/app/Views/orders/view/load_rts.php(85): CodeIgniter\Debug\Exceptions->errorHandler(8, 'Trying to acces...', '/home/twinzahr/...', 85, Array)
#1 /home/twinzahr/public_html/system/View/View.php(246): include('/home/twinzahr/...')
#2 /home/twinzahr/public_html/system/Common.php(1119): CodeIgniter\View\View->render('orders/view/loa...', Array, true)
#3 /home/twinzahr/public_html/app/Controllers/Orders.php(31): view('orders/view/loa...')
#4 /home/twinzahr/public_html/system/CodeIgniter.php(922): App\Controllers\Orders->load_rts()
#5 /home/twinzahr/public_html/system/CodeIgniter.php(408): CodeIgniter\CodeIgniter->runController(Object(App\Controllers\Orders))
#6 /home/twinzahr/public_html/system/CodeIgniter.php(316): CodeIgniter\CodeIgniter->handleRequest(NULL, Object(Config\Cache), false)
#7 /home/twinzahr/public_html/index.php(45): CodeIgniter\CodeIgniter->run()
#8 {main}
CRITICAL - 2020-11-16 09:22:43 --> Trying to access array offset on value of type null
#0 /home/twinzahr/public_html/app/Views/orders/view/load_rts.php(85): CodeIgniter\Debug\Exceptions->errorHandler(8, 'Trying to acces...', '/home/twinzahr/...', 85, Array)
#1 /home/twinzahr/public_html/system/View/View.php(246): include('/home/twinzahr/...')
#2 /home/twinzahr/public_html/system/Common.php(1119): CodeIgniter\View\View->render('orders/view/loa...', Array, true)
#3 /home/twinzahr/public_html/app/Controllers/Orders.php(31): view('orders/view/loa...')
#4 /home/twinzahr/public_html/system/CodeIgniter.php(922): App\Controllers\Orders->load_rts()
#5 /home/twinzahr/public_html/system/CodeIgniter.php(408): CodeIgniter\CodeIgniter->runController(Object(App\Controllers\Orders))
#6 /home/twinzahr/public_html/system/CodeIgniter.php(316): CodeIgniter\CodeIgniter->handleRequest(NULL, Object(Config\Cache), false)
#7 /home/twinzahr/public_html/index.php(45): CodeIgniter\CodeIgniter->run()
#8 {main}
CRITICAL - 2020-11-16 09:23:14 --> Trying to access array offset on value of type null
#0 /home/twinzahr/public_html/app/Views/orders/view/load_rts.php(85): CodeIgniter\Debug\Exceptions->errorHandler(8, 'Trying to acces...', '/home/twinzahr/...', 85, Array)
#1 /home/twinzahr/public_html/system/View/View.php(246): include('/home/twinzahr/...')
#2 /home/twinzahr/public_html/system/Common.php(1119): CodeIgniter\View\View->render('orders/view/loa...', Array, true)
#3 /home/twinzahr/public_html/app/Controllers/Orders.php(31): view('orders/view/loa...')
#4 /home/twinzahr/public_html/system/CodeIgniter.php(922): App\Controllers\Orders->load_rts()
#5 /home/twinzahr/public_html/system/CodeIgniter.php(408): CodeIgniter\CodeIgniter->runController(Object(App\Controllers\Orders))
#6 /home/twinzahr/public_html/system/CodeIgniter.php(316): CodeIgniter\CodeIgniter->handleRequest(NULL, Object(Config\Cache), false)
#7 /home/twinzahr/public_html/index.php(45): CodeIgniter\CodeIgniter->run()
#8 {main}
CRITICAL - 2020-11-16 09:23:16 --> Trying to access array offset on value of type null
#0 /home/twinzahr/public_html/app/Views/orders/view/load_rts.php(85): CodeIgniter\Debug\Exceptions->errorHandler(8, 'Trying to acces...', '/home/twinzahr/...', 85, Array)
#1 /home/twinzahr/public_html/system/View/View.php(246): include('/home/twinzahr/...')
#2 /home/twinzahr/public_html/system/Common.php(1119): CodeIgniter\View\View->render('orders/view/loa...', Array, true)
#3 /home/twinzahr/public_html/app/Controllers/Orders.php(31): view('orders/view/loa...')
#4 /home/twinzahr/public_html/system/CodeIgniter.php(922): App\Controllers\Orders->load_rts()
#5 /home/twinzahr/public_html/system/CodeIgniter.php(408): CodeIgniter\CodeIgniter->runController(Object(App\Controllers\Orders))
#6 /home/twinzahr/public_html/system/CodeIgniter.php(316): CodeIgniter\CodeIgniter->handleRequest(NULL, Object(Config\Cache), false)
#7 /home/twinzahr/public_html/index.php(45): CodeIgniter\CodeIgniter->run()
#8 {main}
CRITICAL - 2020-11-16 09:26:43 --> Trying to access array offset on value of type null
#0 /home/twinzahr/public_html/app/Views/orders/view/load_rts.php(85): CodeIgniter\Debug\Exceptions->errorHandler(8, 'Trying to acces...', '/home/twinzahr/...', 85, Array)
#1 /home/twinzahr/public_html/system/View/View.php(246): include('/home/twinzahr/...')
#2 /home/twinzahr/public_html/system/Common.php(1119): CodeIgniter\View\View->render('orders/view/loa...', Array, true)
#3 /home/twinzahr/public_html/app/Controllers/Orders.php(31): view('orders/view/loa...')
#4 /home/twinzahr/public_html/system/CodeIgniter.php(922): App\Controllers\Orders->load_rts()
#5 /home/twinzahr/public_html/system/CodeIgniter.php(408): CodeIgniter\CodeIgniter->runController(Object(App\Controllers\Orders))
#6 /home/twinzahr/public_html/system/CodeIgniter.php(316): CodeIgniter\CodeIgniter->handleRequest(NULL, Object(Config\Cache), false)
#7 /home/twinzahr/public_html/index.php(45): CodeIgniter\CodeIgniter->run()
#8 {main}
CRITICAL - 2020-11-16 09:26:53 --> Trying to access array offset on value of type null
#0 /home/twinzahr/public_html/app/Views/orders/view/load_rts.php(85): CodeIgniter\Debug\Exceptions->errorHandler(8, 'Trying to acces...', '/home/twinzahr/...', 85, Array)
#1 /home/twinzahr/public_html/system/View/View.php(246): include('/home/twinzahr/...')
#2 /home/twinzahr/public_html/system/Common.php(1119): CodeIgniter\View\View->render('orders/view/loa...', Array, true)
#3 /home/twinzahr/public_html/app/Controllers/Orders.php(31): view('orders/view/loa...')
#4 /home/twinzahr/public_html/system/CodeIgniter.php(922): App\Controllers\Orders->load_rts()
#5 /home/twinzahr/public_html/system/CodeIgniter.php(408): CodeIgniter\CodeIgniter->runController(Object(App\Controllers\Orders))
#6 /home/twinzahr/public_html/system/CodeIgniter.php(316): CodeIgniter\CodeIgniter->handleRequest(NULL, Object(Config\Cache), false)
#7 /home/twinzahr/public_html/index.php(45): CodeIgniter\CodeIgniter->run()
#8 {main}
CRITICAL - 2020-11-16 12:14:40 --> Undefined variable: order_item_id
#0 /home/twinzahr/public_html/app/Views/orders/view/load_rts.php(252): CodeIgniter\Debug\Exceptions->errorHandler(8, 'Undefined varia...', '/home/twinzahr/...', 252, Array)
#1 /home/twinzahr/public_html/system/View/View.php(246): include('/home/twinzahr/...')
#2 /home/twinzahr/public_html/system/Common.php(1119): CodeIgniter\View\View->render('orders/view/loa...', Array, true)
#3 /home/twinzahr/public_html/app/Controllers/Orders.php(31): view('orders/view/loa...')
#4 /home/twinzahr/public_html/system/CodeIgniter.php(922): App\Controllers\Orders->load_rts()
#5 /home/twinzahr/public_html/system/CodeIgniter.php(408): CodeIgniter\CodeIgniter->runController(Object(App\Controllers\Orders))
#6 /home/twinzahr/public_html/system/CodeIgniter.php(316): CodeIgniter\CodeIgniter->handleRequest(NULL, Object(Config\Cache), false)
#7 /home/twinzahr/public_html/index.php(45): CodeIgniter\CodeIgniter->run()
#8 {main}
CRITICAL - 2020-11-16 12:14:56 --> base64_encode() expects parameter 1 to be string, array given
#0 [internal function]: CodeIgniter\Debug\Exceptions->errorHandler(2, 'base64_encode()...', '/home/twinzahr/...', 252, Array)
#1 /home/twinzahr/public_html/app/Views/orders/view/load_rts.php(252): base64_encode(Array)
#2 /home/twinzahr/public_html/system/View/View.php(246): include('/home/twinzahr/...')
#3 /home/twinzahr/public_html/system/Common.php(1119): CodeIgniter\View\View->render('orders/view/loa...', Array, true)
#4 /home/twinzahr/public_html/app/Controllers/Orders.php(31): view('orders/view/loa...')
#5 /home/twinzahr/public_html/system/CodeIgniter.php(922): App\Controllers\Orders->load_rts()
#6 /home/twinzahr/public_html/system/CodeIgniter.php(408): CodeIgniter\CodeIgniter->runController(Object(App\Controllers\Orders))
#7 /home/twinzahr/public_html/system/CodeIgniter.php(316): CodeIgniter\CodeIgniter->handleRequest(NULL, Object(Config\Cache), false)
#8 /home/twinzahr/public_html/index.php(45): CodeIgniter\CodeIgniter->run()
#9 {main}
CRITICAL - 2020-11-16 22:55:07 --> Trying to access array offset on value of type null
#0 /home/twinzahr/public_html/app/Views/kasir/view/load_item_products.php(42): CodeIgniter\Debug\Exceptions->errorHandler(8, 'Trying to acces...', '/home/twinzahr/...', 42, Array)
#1 /home/twinzahr/public_html/system/View/View.php(246): include('/home/twinzahr/...')
#2 /home/twinzahr/public_html/system/Common.php(1119): CodeIgniter\View\View->render('kasir/view/load...', Array, true)
#3 /home/twinzahr/public_html/app/Controllers/Kasir.php(15): view('kasir/view/load...')
#4 /home/twinzahr/public_html/system/CodeIgniter.php(922): App\Controllers\Kasir->load_item_products()
#5 /home/twinzahr/public_html/system/CodeIgniter.php(408): CodeIgniter\CodeIgniter->runController(Object(App\Controllers\Kasir))
#6 /home/twinzahr/public_html/system/CodeIgniter.php(316): CodeIgniter\CodeIgniter->handleRequest(NULL, Object(Config\Cache), false)
#7 /home/twinzahr/public_html/index.php(45): CodeIgniter\CodeIgniter->run()
#8 {main}
CRITICAL - 2020-11-16 22:55:07 --> Uncaught CodeIgniter\Format\Exceptions\FormatException: Failed to parse json string, error: "Type is not supported". in /home/twinzahr/public_html/system/Format/Exceptions/FormatException.php:9
Stack trace:
#0 /home/twinzahr/public_html/system/Format/JSONFormatter.php(71): CodeIgniter\Format\Exceptions\FormatException::forInvalidJSON('Type is not sup...')
#1 /home/twinzahr/public_html/system/API/ResponseTrait.php(414): CodeIgniter\Format\JSONFormatter->format(Array)
#2 /home/twinzahr/public_html/system/API/ResponseTrait.php(134): CodeIgniter\Debug\Exceptions->format(Array)
#3 /home/twinzahr/public_html/system/Debug/Exceptions.php(168): CodeIgniter\Debug\Exceptions->respond(Array, 500)
#4 [internal function]: CodeIgniter\Debug\Exceptions->exceptionHandler(Object(ErrorException))
#5 {main}
  thrown
#0 [internal function]: CodeIgniter\Debug\Exceptions->shutdownHandler()
#1 {main}
CRITICAL - 2020-11-16 23:28:28 --> syntax error, unexpected 'echo' (T_ECHO)
#0 /home/twinzahr/public_html/system/Common.php(1119): CodeIgniter\View\View->render('orders/view/loa...', Array, true)
#1 /home/twinzahr/public_html/app/Controllers/Orders.php(31): view('orders/view/loa...')
#2 /home/twinzahr/public_html/system/CodeIgniter.php(922): App\Controllers\Orders->load_rts()
#3 /home/twinzahr/public_html/system/CodeIgniter.php(408): CodeIgniter\CodeIgniter->runController(Object(App\Controllers\Orders))
#4 /home/twinzahr/public_html/system/CodeIgniter.php(316): CodeIgniter\CodeIgniter->handleRequest(NULL, Object(Config\Cache), false)
#5 /home/twinzahr/public_html/index.php(45): CodeIgniter\CodeIgniter->run()
#6 {main}
CRITICAL - 2020-11-16 23:28:46 --> syntax error, unexpected 'echo' (T_ECHO)
#0 /home/twinzahr/public_html/system/Common.php(1119): CodeIgniter\View\View->render('orders/view/loa...', Array, true)
#1 /home/twinzahr/public_html/app/Controllers/Orders.php(31): view('orders/view/loa...')
#2 /home/twinzahr/public_html/system/CodeIgniter.php(922): App\Controllers\Orders->load_rts()
#3 /home/twinzahr/public_html/system/CodeIgniter.php(408): CodeIgniter\CodeIgniter->runController(Object(App\Controllers\Orders))
#4 /home/twinzahr/public_html/system/CodeIgniter.php(316): CodeIgniter\CodeIgniter->handleRequest(NULL, Object(Config\Cache), false)
#5 /home/twinzahr/public_html/index.php(45): CodeIgniter\CodeIgniter->run()
#6 {main}
