CRITICAL - 2020-11-18 03:06:29 --> Call to undefined function getOrders()
#0 C:\xampp\htdocs\twinzahra_sellercenter\system\View\View.php(246): include()
#1 C:\xampp\htdocs\twinzahra_sellercenter\system\Common.php(1119): CodeIgniter\View\View->render('marketplace/vie...', Array, true)
#2 C:\xampp\htdocs\twinzahra_sellercenter\app\Controllers\Marketplace.php(16): view('marketplace/vie...')
#3 C:\xampp\htdocs\twinzahra_sellercenter\system\CodeIgniter.php(922): App\Controllers\Marketplace->load_data()
#4 C:\xampp\htdocs\twinzahra_sellercenter\system\CodeIgniter.php(408): CodeIgniter\CodeIgniter->runController(Object(App\Controllers\Marketplace))
#5 C:\xampp\htdocs\twinzahra_sellercenter\system\CodeIgniter.php(316): CodeIgniter\CodeIgniter->handleRequest(NULL, Object(Config\Cache), false)
#6 C:\xampp\htdocs\twinzahra_sellercenter\index.php(45): CodeIgniter\CodeIgniter->run()
#7 {main}
CRITICAL - 2020-11-18 03:08:11 --> Call to undefined function getOrders()
#0 C:\xampp\htdocs\twinzahra_sellercenter\system\View\View.php(246): include()
#1 C:\xampp\htdocs\twinzahra_sellercenter\system\Common.php(1119): CodeIgniter\View\View->render('marketplace/vie...', Array, true)
#2 C:\xampp\htdocs\twinzahra_sellercenter\app\Controllers\Marketplace.php(16): view('marketplace/vie...')
#3 C:\xampp\htdocs\twinzahra_sellercenter\system\CodeIgniter.php(922): App\Controllers\Marketplace->load_data()
#4 C:\xampp\htdocs\twinzahra_sellercenter\system\CodeIgniter.php(408): CodeIgniter\CodeIgniter->runController(Object(App\Controllers\Marketplace))
#5 C:\xampp\htdocs\twinzahra_sellercenter\system\CodeIgniter.php(316): CodeIgniter\CodeIgniter->handleRequest(NULL, Object(Config\Cache), false)
#6 C:\xampp\htdocs\twinzahra_sellercenter\index.php(45): CodeIgniter\CodeIgniter->run()
#7 {main}
CRITICAL - 2020-11-18 03:08:15 --> Call to undefined function getOrders()
#0 C:\xampp\htdocs\twinzahra_sellercenter\system\View\View.php(246): include()
#1 C:\xampp\htdocs\twinzahra_sellercenter\system\Common.php(1119): CodeIgniter\View\View->render('marketplace/vie...', Array, true)
#2 C:\xampp\htdocs\twinzahra_sellercenter\app\Controllers\Marketplace.php(16): view('marketplace/vie...')
#3 C:\xampp\htdocs\twinzahra_sellercenter\system\CodeIgniter.php(922): App\Controllers\Marketplace->load_data()
#4 C:\xampp\htdocs\twinzahra_sellercenter\system\CodeIgniter.php(408): CodeIgniter\CodeIgniter->runController(Object(App\Controllers\Marketplace))
#5 C:\xampp\htdocs\twinzahra_sellercenter\system\CodeIgniter.php(316): CodeIgniter\CodeIgniter->handleRequest(NULL, Object(Config\Cache), false)
#6 C:\xampp\htdocs\twinzahra_sellercenter\index.php(45): CodeIgniter\CodeIgniter->run()
#7 {main}
CRITICAL - 2020-11-18 03:08:39 --> Call to undefined function getOrders()
#0 C:\xampp\htdocs\twinzahra_sellercenter\system\View\View.php(246): include()
#1 C:\xampp\htdocs\twinzahra_sellercenter\system\Common.php(1119): CodeIgniter\View\View->render('marketplace/vie...', Array, true)
#2 C:\xampp\htdocs\twinzahra_sellercenter\app\Controllers\Marketplace.php(16): view('marketplace/vie...')
#3 C:\xampp\htdocs\twinzahra_sellercenter\system\CodeIgniter.php(922): App\Controllers\Marketplace->load_data()
#4 C:\xampp\htdocs\twinzahra_sellercenter\system\CodeIgniter.php(408): CodeIgniter\CodeIgniter->runController(Object(App\Controllers\Marketplace))
#5 C:\xampp\htdocs\twinzahra_sellercenter\system\CodeIgniter.php(316): CodeIgniter\CodeIgniter->handleRequest(NULL, Object(Config\Cache), false)
#6 C:\xampp\htdocs\twinzahra_sellercenter\index.php(45): CodeIgniter\CodeIgniter->run()
#7 {main}
CRITICAL - 2020-11-18 03:08:58 --> Call to undefined function getOrders()
#0 C:\xampp\htdocs\twinzahra_sellercenter\system\View\View.php(246): include()
#1 C:\xampp\htdocs\twinzahra_sellercenter\system\Common.php(1119): CodeIgniter\View\View->render('marketplace/vie...', Array, true)
#2 C:\xampp\htdocs\twinzahra_sellercenter\app\Controllers\Marketplace.php(16): view('marketplace/vie...')
#3 C:\xampp\htdocs\twinzahra_sellercenter\system\CodeIgniter.php(922): App\Controllers\Marketplace->load_data()
#4 C:\xampp\htdocs\twinzahra_sellercenter\system\CodeIgniter.php(408): CodeIgniter\CodeIgniter->runController(Object(App\Controllers\Marketplace))
#5 C:\xampp\htdocs\twinzahra_sellercenter\system\CodeIgniter.php(316): CodeIgniter\CodeIgniter->handleRequest(NULL, Object(Config\Cache), false)
#6 C:\xampp\htdocs\twinzahra_sellercenter\index.php(45): CodeIgniter\CodeIgniter->run()
#7 {main}
CRITICAL - 2020-11-18 03:14:52 --> Call to undefined function getOrders()
#0 C:\xampp\htdocs\twinzahra_sellercenter\system\View\View.php(246): include()
#1 C:\xampp\htdocs\twinzahra_sellercenter\system\Common.php(1119): CodeIgniter\View\View->render('marketplace/vie...', Array, true)
#2 C:\xampp\htdocs\twinzahra_sellercenter\app\Controllers\Marketplace.php(16): view('marketplace/vie...')
#3 C:\xampp\htdocs\twinzahra_sellercenter\system\CodeIgniter.php(922): App\Controllers\Marketplace->load_data()
#4 C:\xampp\htdocs\twinzahra_sellercenter\system\CodeIgniter.php(408): CodeIgniter\CodeIgniter->runController(Object(App\Controllers\Marketplace))
#5 C:\xampp\htdocs\twinzahra_sellercenter\system\CodeIgniter.php(316): CodeIgniter\CodeIgniter->handleRequest(NULL, Object(Config\Cache), false)
#6 C:\xampp\htdocs\twinzahra_sellercenter\index.php(45): CodeIgniter\CodeIgniter->run()
#7 {main}
CRITICAL - 2020-11-18 03:15:19 --> Call to undefined function getOrders()
#0 C:\xampp\htdocs\twinzahra_sellercenter\system\View\View.php(246): include()
#1 C:\xampp\htdocs\twinzahra_sellercenter\system\Common.php(1119): CodeIgniter\View\View->render('marketplace/vie...', Array, true)
#2 C:\xampp\htdocs\twinzahra_sellercenter\app\Controllers\Marketplace.php(16): view('marketplace/vie...')
#3 C:\xampp\htdocs\twinzahra_sellercenter\system\CodeIgniter.php(922): App\Controllers\Marketplace->load_data()
#4 C:\xampp\htdocs\twinzahra_sellercenter\system\CodeIgniter.php(408): CodeIgniter\CodeIgniter->runController(Object(App\Controllers\Marketplace))
#5 C:\xampp\htdocs\twinzahra_sellercenter\system\CodeIgniter.php(316): CodeIgniter\CodeIgniter->handleRequest(NULL, Object(Config\Cache), false)
#6 C:\xampp\htdocs\twinzahra_sellercenter\index.php(45): CodeIgniter\CodeIgniter->run()
#7 {main}
CRITICAL - 2020-11-18 03:19:53 --> Call to undefined function getOrders()
#0 C:\xampp\htdocs\twinzahra_sellercenter\system\View\View.php(246): include()
#1 C:\xampp\htdocs\twinzahra_sellercenter\system\Common.php(1119): CodeIgniter\View\View->render('marketplace/vie...', Array, true)
#2 C:\xampp\htdocs\twinzahra_sellercenter\app\Controllers\Marketplace.php(16): view('marketplace/vie...')
#3 C:\xampp\htdocs\twinzahra_sellercenter\system\CodeIgniter.php(922): App\Controllers\Marketplace->load_data()
#4 C:\xampp\htdocs\twinzahra_sellercenter\system\CodeIgniter.php(408): CodeIgniter\CodeIgniter->runController(Object(App\Controllers\Marketplace))
#5 C:\xampp\htdocs\twinzahra_sellercenter\system\CodeIgniter.php(316): CodeIgniter\CodeIgniter->handleRequest(NULL, Object(Config\Cache), false)
#6 C:\xampp\htdocs\twinzahra_sellercenter\index.php(45): CodeIgniter\CodeIgniter->run()
#7 {main}
