CRITICAL - 2020-10-22 00:19:21 --> Invalid file: {0}
#0 C:\xampp\htdocs\twinzahra\system\View\View.php(228): CodeIgniter\Exceptions\FrameworkException::forInvalidFile('products/loadPr...')
#1 C:\xampp\htdocs\twinzahra\system\Common.php(1119): CodeIgniter\View\View->render('products/loadPr...', Array, true)
#2 C:\xampp\htdocs\twinzahra\app\Views\products\index.php(196): view('products/loadPr...')
#3 C:\xampp\htdocs\twinzahra\system\View\View.php(246): include('C:\\xampp\\htdocs...')
#4 C:\xampp\htdocs\twinzahra\system\Common.php(1119): CodeIgniter\View\View->render('products/index', Array, true)
#5 C:\xampp\htdocs\twinzahra\app\Controllers\Products.php(7): view('products/index')
#6 C:\xampp\htdocs\twinzahra\system\CodeIgniter.php(922): App\Controllers\Products->index()
#7 C:\xampp\htdocs\twinzahra\system\CodeIgniter.php(408): CodeIgniter\CodeIgniter->runController(Object(App\Controllers\Products))
#8 C:\xampp\htdocs\twinzahra\system\CodeIgniter.php(316): CodeIgniter\CodeIgniter->handleRequest(NULL, Object(Config\Cache), false)
#9 C:\xampp\htdocs\twinzahra\index.php(45): CodeIgniter\CodeIgniter->run()
#10 {main}
CRITICAL - 2020-10-22 00:26:23 --> Trying to get property 'total_rows' of non-object
#0 C:\xampp\htdocs\twinzahra\app\Views\products\load_products.php(110): CodeIgniter\Debug\Exceptions->errorHandler(8, 'Trying to get p...', 'C:\\xampp\\htdocs...', 110, Array)
#1 C:\xampp\htdocs\twinzahra\system\View\View.php(246): include('C:\\xampp\\htdocs...')
#2 C:\xampp\htdocs\twinzahra\system\View\View.php(525): CodeIgniter\View\View->render('products/load_p...', NULL, true)
#3 C:\xampp\htdocs\twinzahra\app\Views\products\index.php(196): CodeIgniter\View\View->include('products/load_p...')
#4 C:\xampp\htdocs\twinzahra\system\View\View.php(246): include('C:\\xampp\\htdocs...')
#5 C:\xampp\htdocs\twinzahra\system\Common.php(1119): CodeIgniter\View\View->render('products/index', Array, true)
#6 C:\xampp\htdocs\twinzahra\app\Controllers\Products.php(7): view('products/index')
#7 C:\xampp\htdocs\twinzahra\system\CodeIgniter.php(922): App\Controllers\Products->index()
#8 C:\xampp\htdocs\twinzahra\system\CodeIgniter.php(408): CodeIgniter\CodeIgniter->runController(Object(App\Controllers\Products))
#9 C:\xampp\htdocs\twinzahra\system\CodeIgniter.php(316): CodeIgniter\CodeIgniter->handleRequest(NULL, Object(Config\Cache), false)
#10 C:\xampp\htdocs\twinzahra\index.php(45): CodeIgniter\CodeIgniter->run()
#11 {main}
CRITICAL - 2020-10-22 00:28:06 --> Call to undefined method CodeIgniter\View\View::base_url()
#0 C:\xampp\htdocs\twinzahra\system\View\View.php(246): include()
#1 C:\xampp\htdocs\twinzahra\system\Common.php(1119): CodeIgniter\View\View->render('products/index', Array, true)
#2 C:\xampp\htdocs\twinzahra\app\Controllers\Products.php(7): view('products/index')
#3 C:\xampp\htdocs\twinzahra\system\CodeIgniter.php(922): App\Controllers\Products->index()
#4 C:\xampp\htdocs\twinzahra\system\CodeIgniter.php(408): CodeIgniter\CodeIgniter->runController(Object(App\Controllers\Products))
#5 C:\xampp\htdocs\twinzahra\system\CodeIgniter.php(316): CodeIgniter\CodeIgniter->handleRequest(NULL, Object(Config\Cache), false)
#6 C:\xampp\htdocs\twinzahra\index.php(45): CodeIgniter\CodeIgniter->run()
#7 {main}
CRITICAL - 2020-10-22 00:29:45 --> Trying to get property 'total_rows' of non-object
#0 C:\xampp\htdocs\twinzahra\app\Views\products\load_products.php(110): CodeIgniter\Debug\Exceptions->errorHandler(8, 'Trying to get p...', 'C:\\xampp\\htdocs...', 110, Array)
#1 C:\xampp\htdocs\twinzahra\system\View\View.php(246): include('C:\\xampp\\htdocs...')
#2 C:\xampp\htdocs\twinzahra\system\Common.php(1119): CodeIgniter\View\View->render('products/load_p...', Array, true)
#3 C:\xampp\htdocs\twinzahra\app\Controllers\Products.php(7): view('products/load_p...')
#4 C:\xampp\htdocs\twinzahra\system\CodeIgniter.php(922): App\Controllers\Products->index()
#5 C:\xampp\htdocs\twinzahra\system\CodeIgniter.php(408): CodeIgniter\CodeIgniter->runController(Object(App\Controllers\Products))
#6 C:\xampp\htdocs\twinzahra\system\CodeIgniter.php(316): CodeIgniter\CodeIgniter->handleRequest(NULL, Object(Config\Cache), false)
#7 C:\xampp\htdocs\twinzahra\index.php(45): CodeIgniter\CodeIgniter->run()
#8 {main}
CRITICAL - 2020-10-22 00:30:23 --> Trying to get property 'data' of non-object
#0 C:\xampp\htdocs\twinzahra\app\Views\products\load_products.php(112): CodeIgniter\Debug\Exceptions->errorHandler(8, 'Trying to get p...', 'C:\\xampp\\htdocs...', 112, Array)
#1 C:\xampp\htdocs\twinzahra\system\View\View.php(246): include('C:\\xampp\\htdocs...')
#2 C:\xampp\htdocs\twinzahra\system\Common.php(1119): CodeIgniter\View\View->render('products/load_p...', Array, true)
#3 C:\xampp\htdocs\twinzahra\app\Controllers\Products.php(7): view('products/load_p...')
#4 C:\xampp\htdocs\twinzahra\system\CodeIgniter.php(922): App\Controllers\Products->index()
#5 C:\xampp\htdocs\twinzahra\system\CodeIgniter.php(408): CodeIgniter\CodeIgniter->runController(Object(App\Controllers\Products))
#6 C:\xampp\htdocs\twinzahra\system\CodeIgniter.php(316): CodeIgniter\CodeIgniter->handleRequest(NULL, Object(Config\Cache), false)
#7 C:\xampp\htdocs\twinzahra\index.php(45): CodeIgniter\CodeIgniter->run()
#8 {main}
CRITICAL - 2020-10-22 00:31:14 --> Call to undefined method CodeIgniter\View\View::base_url()
#0 C:\xampp\htdocs\twinzahra\system\View\View.php(246): include()
#1 C:\xampp\htdocs\twinzahra\system\Common.php(1119): CodeIgniter\View\View->render('products/index', Array, true)
#2 C:\xampp\htdocs\twinzahra\app\Controllers\Products.php(7): view('products/index')
#3 C:\xampp\htdocs\twinzahra\system\CodeIgniter.php(922): App\Controllers\Products->index()
#4 C:\xampp\htdocs\twinzahra\system\CodeIgniter.php(408): CodeIgniter\CodeIgniter->runController(Object(App\Controllers\Products))
#5 C:\xampp\htdocs\twinzahra\system\CodeIgniter.php(316): CodeIgniter\CodeIgniter->handleRequest(NULL, Object(Config\Cache), false)
#6 C:\xampp\htdocs\twinzahra\index.php(45): CodeIgniter\CodeIgniter->run()
#7 {main}
CRITICAL - 2020-10-22 01:41:41 --> Undefined index: http://localhost/twinzahra/ImageProductName
#0 C:\xampp\htdocs\twinzahra\app\Views\products\view\load_products.php(52): CodeIgniter\Debug\Exceptions->errorHandler(8, 'Undefined index...', 'C:\\xampp\\htdocs...', 52, Array)
#1 C:\xampp\htdocs\twinzahra\system\View\View.php(246): include('C:\\xampp\\htdocs...')
#2 C:\xampp\htdocs\twinzahra\system\Common.php(1119): CodeIgniter\View\View->render('products/view/l...', Array, true)
#3 C:\xampp\htdocs\twinzahra\app\Controllers\Products.php(13): view('products/view/l...')
#4 C:\xampp\htdocs\twinzahra\system\CodeIgniter.php(922): App\Controllers\Products->load_products()
#5 C:\xampp\htdocs\twinzahra\system\CodeIgniter.php(408): CodeIgniter\CodeIgniter->runController(Object(App\Controllers\Products))
#6 C:\xampp\htdocs\twinzahra\system\CodeIgniter.php(316): CodeIgniter\CodeIgniter->handleRequest(NULL, Object(Config\Cache), false)
#7 C:\xampp\htdocs\twinzahra\index.php(45): CodeIgniter\CodeIgniter->run()
#8 {main}
CRITICAL - 2020-10-22 01:41:41 --> Uncaught CodeIgniter\Format\Exceptions\FormatException: Failed to parse json string, error: "{0}". in C:\xampp\htdocs\twinzahra\system\Format\Exceptions\FormatException.php:9
Stack trace:
#0 C:\xampp\htdocs\twinzahra\system\Format\JSONFormatter.php(71): CodeIgniter\Format\Exceptions\FormatException::forInvalidJSON('Type is not sup...')
#1 C:\xampp\htdocs\twinzahra\system\API\ResponseTrait.php(414): CodeIgniter\Format\JSONFormatter->format(Array)
#2 C:\xampp\htdocs\twinzahra\system\API\ResponseTrait.php(134): CodeIgniter\Debug\Exceptions->format(Array)
#3 C:\xampp\htdocs\twinzahra\system\Debug\Exceptions.php(168): CodeIgniter\Debug\Exceptions->respond(Array, 500)
#4 [internal function]: CodeIgniter\Debug\Exceptions->exceptionHandler(Object(ErrorException))
#5 {main}
  thrown
#0 [internal function]: CodeIgniter\Debug\Exceptions->shutdownHandler()
#1 {main}
CRITICAL - 2020-10-22 01:43:29 --> Undefined index: http://localhost/twinzahra/ImageProductName
#0 C:\xampp\htdocs\twinzahra\app\Views\products\view\load_products.php(52): CodeIgniter\Debug\Exceptions->errorHandler(8, 'Undefined index...', 'C:\\xampp\\htdocs...', 52, Array)
#1 C:\xampp\htdocs\twinzahra\system\View\View.php(246): include('C:\\xampp\\htdocs...')
#2 C:\xampp\htdocs\twinzahra\system\Common.php(1119): CodeIgniter\View\View->render('products/view/l...', Array, true)
#3 C:\xampp\htdocs\twinzahra\app\Controllers\Products.php(13): view('products/view/l...')
#4 C:\xampp\htdocs\twinzahra\system\CodeIgniter.php(922): App\Controllers\Products->load_products()
#5 C:\xampp\htdocs\twinzahra\system\CodeIgniter.php(408): CodeIgniter\CodeIgniter->runController(Object(App\Controllers\Products))
#6 C:\xampp\htdocs\twinzahra\system\CodeIgniter.php(316): CodeIgniter\CodeIgniter->handleRequest(NULL, Object(Config\Cache), false)
#7 C:\xampp\htdocs\twinzahra\index.php(45): CodeIgniter\CodeIgniter->run()
#8 {main}
CRITICAL - 2020-10-22 01:43:29 --> Uncaught CodeIgniter\Format\Exceptions\FormatException: Failed to parse json string, error: "{0}". in C:\xampp\htdocs\twinzahra\system\Format\Exceptions\FormatException.php:9
Stack trace:
#0 C:\xampp\htdocs\twinzahra\system\Format\JSONFormatter.php(71): CodeIgniter\Format\Exceptions\FormatException::forInvalidJSON('Type is not sup...')
#1 C:\xampp\htdocs\twinzahra\system\API\ResponseTrait.php(414): CodeIgniter\Format\JSONFormatter->format(Array)
#2 C:\xampp\htdocs\twinzahra\system\API\ResponseTrait.php(134): CodeIgniter\Debug\Exceptions->format(Array)
#3 C:\xampp\htdocs\twinzahra\system\Debug\Exceptions.php(168): CodeIgniter\Debug\Exceptions->respond(Array, 500)
#4 [internal function]: CodeIgniter\Debug\Exceptions->exceptionHandler(Object(ErrorException))
#5 {main}
  thrown
#0 [internal function]: CodeIgniter\Debug\Exceptions->shutdownHandler()
#1 {main}
CRITICAL - 2020-10-22 01:44:12 --> syntax error, unexpected 'base_url' (T_STRING), expecting ',' or ';'
#0 C:\xampp\htdocs\twinzahra\system\Common.php(1119): CodeIgniter\View\View->render('products/view/l...', Array, true)
#1 C:\xampp\htdocs\twinzahra\app\Controllers\Products.php(13): view('products/view/l...')
#2 C:\xampp\htdocs\twinzahra\system\CodeIgniter.php(922): App\Controllers\Products->load_products()
#3 C:\xampp\htdocs\twinzahra\system\CodeIgniter.php(408): CodeIgniter\CodeIgniter->runController(Object(App\Controllers\Products))
#4 C:\xampp\htdocs\twinzahra\system\CodeIgniter.php(316): CodeIgniter\CodeIgniter->handleRequest(NULL, Object(Config\Cache), false)
#5 C:\xampp\htdocs\twinzahra\index.php(45): CodeIgniter\CodeIgniter->run()
#6 {main}
CRITICAL - 2020-10-22 01:44:35 --> syntax error, unexpected '?'
#0 C:\xampp\htdocs\twinzahra\system\Common.php(1119): CodeIgniter\View\View->render('products/view/l...', Array, true)
#1 C:\xampp\htdocs\twinzahra\app\Controllers\Products.php(13): view('products/view/l...')
#2 C:\xampp\htdocs\twinzahra\system\CodeIgniter.php(922): App\Controllers\Products->load_products()
#3 C:\xampp\htdocs\twinzahra\system\CodeIgniter.php(408): CodeIgniter\CodeIgniter->runController(Object(App\Controllers\Products))
#4 C:\xampp\htdocs\twinzahra\system\CodeIgniter.php(316): CodeIgniter\CodeIgniter->handleRequest(NULL, Object(Config\Cache), false)
#5 C:\xampp\htdocs\twinzahra\index.php(45): CodeIgniter\CodeIgniter->run()
#6 {main}
CRITICAL - 2020-10-22 01:45:08 --> syntax error, unexpected 'base_url' (T_STRING), expecting ',' or ';'
#0 C:\xampp\htdocs\twinzahra\system\Common.php(1119): CodeIgniter\View\View->render('products/view/l...', Array, true)
#1 C:\xampp\htdocs\twinzahra\app\Controllers\Products.php(13): view('products/view/l...')
#2 C:\xampp\htdocs\twinzahra\system\CodeIgniter.php(922): App\Controllers\Products->load_products()
#3 C:\xampp\htdocs\twinzahra\system\CodeIgniter.php(408): CodeIgniter\CodeIgniter->runController(Object(App\Controllers\Products))
#4 C:\xampp\htdocs\twinzahra\system\CodeIgniter.php(316): CodeIgniter\CodeIgniter->handleRequest(NULL, Object(Config\Cache), false)
#5 C:\xampp\htdocs\twinzahra\index.php(45): CodeIgniter\CodeIgniter->run()
#6 {main}
CRITICAL - 2020-10-22 01:45:45 --> syntax error, unexpected 'base_url' (T_STRING), expecting ',' or ';'
#0 C:\xampp\htdocs\twinzahra\system\Common.php(1119): CodeIgniter\View\View->render('products/view/l...', Array, true)
#1 C:\xampp\htdocs\twinzahra\app\Controllers\Products.php(13): view('products/view/l...')
#2 C:\xampp\htdocs\twinzahra\system\CodeIgniter.php(922): App\Controllers\Products->load_products()
#3 C:\xampp\htdocs\twinzahra\system\CodeIgniter.php(408): CodeIgniter\CodeIgniter->runController(Object(App\Controllers\Products))
#4 C:\xampp\htdocs\twinzahra\system\CodeIgniter.php(316): CodeIgniter\CodeIgniter->handleRequest(NULL, Object(Config\Cache), false)
#5 C:\xampp\htdocs\twinzahra\index.php(45): CodeIgniter\CodeIgniter->run()
#6 {main}
CRITICAL - 2020-10-22 01:46:10 --> syntax error, unexpected '$DataProduct' (T_VARIABLE), expecting ',' or ';'
#0 C:\xampp\htdocs\twinzahra\system\Common.php(1119): CodeIgniter\View\View->render('products/view/l...', Array, true)
#1 C:\xampp\htdocs\twinzahra\app\Controllers\Products.php(13): view('products/view/l...')
#2 C:\xampp\htdocs\twinzahra\system\CodeIgniter.php(922): App\Controllers\Products->load_products()
#3 C:\xampp\htdocs\twinzahra\system\CodeIgniter.php(408): CodeIgniter\CodeIgniter->runController(Object(App\Controllers\Products))
#4 C:\xampp\htdocs\twinzahra\system\CodeIgniter.php(316): CodeIgniter\CodeIgniter->handleRequest(NULL, Object(Config\Cache), false)
#5 C:\xampp\htdocs\twinzahra\index.php(45): CodeIgniter\CodeIgniter->run()
#6 {main}
CRITICAL - 2020-10-22 01:51:46 --> syntax error, unexpected 'ImageProductName' (T_STRING), expecting ',' or ';'
#0 C:\xampp\htdocs\twinzahra\system\Common.php(1119): CodeIgniter\View\View->render('products/view/l...', Array, true)
#1 C:\xampp\htdocs\twinzahra\app\Controllers\Products.php(13): view('products/view/l...')
#2 C:\xampp\htdocs\twinzahra\system\CodeIgniter.php(922): App\Controllers\Products->load_products()
#3 C:\xampp\htdocs\twinzahra\system\CodeIgniter.php(408): CodeIgniter\CodeIgniter->runController(Object(App\Controllers\Products))
#4 C:\xampp\htdocs\twinzahra\system\CodeIgniter.php(316): CodeIgniter\CodeIgniter->handleRequest(NULL, Object(Config\Cache), false)
#5 C:\xampp\htdocs\twinzahra\index.php(45): CodeIgniter\CodeIgniter->run()
#6 {main}
CRITICAL - 2020-10-22 10:09:35 --> syntax error, unexpected end of file, expecting ',' or ')'
#0 C:\xampp\htdocs\twinzahra\system\Common.php(1119): CodeIgniter\View\View->render('products/index', Array, true)
#1 C:\xampp\htdocs\twinzahra\app\Controllers\Products.php(7): view('products/index')
#2 C:\xampp\htdocs\twinzahra\system\CodeIgniter.php(922): App\Controllers\Products->index()
#3 C:\xampp\htdocs\twinzahra\system\CodeIgniter.php(408): CodeIgniter\CodeIgniter->runController(Object(App\Controllers\Products))
#4 C:\xampp\htdocs\twinzahra\system\CodeIgniter.php(316): CodeIgniter\CodeIgniter->handleRequest(NULL, Object(Config\Cache), false)
#5 C:\xampp\htdocs\twinzahra\index.php(45): CodeIgniter\CodeIgniter->run()
#6 {main}
CRITICAL - 2020-10-22 10:12:27 --> syntax error, unexpected 'public' (T_PUBLIC)
#0 C:\xampp\htdocs\twinzahra\system\Router\Router.php(195): CodeIgniter\Router\Router->autoRoute('api/v1/products...')
#1 C:\xampp\htdocs\twinzahra\system\CodeIgniter.php(797): CodeIgniter\Router\Router->handle('api/v1/products...')
#2 C:\xampp\htdocs\twinzahra\system\CodeIgniter.php(368): CodeIgniter\CodeIgniter->tryToRouteIt(Object(CodeIgniter\Router\RouteCollection))
#3 C:\xampp\htdocs\twinzahra\system\CodeIgniter.php(316): CodeIgniter\CodeIgniter->handleRequest(NULL, Object(Config\Cache), false)
#4 C:\xampp\htdocs\twinzahra\index.php(45): CodeIgniter\CodeIgniter->run()
#5 {main}
CRITICAL - 2020-10-22 10:17:59 --> syntax error, unexpected 'return' (T_RETURN), expecting ';' or '{'
#0 C:\xampp\htdocs\twinzahra\system\Router\Router.php(195): CodeIgniter\Router\Router->autoRoute('v1/products')
#1 C:\xampp\htdocs\twinzahra\system\CodeIgniter.php(797): CodeIgniter\Router\Router->handle('v1/products')
#2 C:\xampp\htdocs\twinzahra\system\CodeIgniter.php(368): CodeIgniter\CodeIgniter->tryToRouteIt(Object(CodeIgniter\Router\RouteCollection))
#3 C:\xampp\htdocs\twinzahra\system\CodeIgniter.php(316): CodeIgniter\CodeIgniter->handleRequest(NULL, Object(Config\Cache), false)
#4 C:\xampp\htdocs\twinzahra\index.php(45): CodeIgniter\CodeIgniter->run()
#5 {main}
CRITICAL - 2020-10-22 10:18:59 --> include(../config/db_connection.php): failed to open stream: No such file or directory
#0 C:\xampp\htdocs\twinzahra\app\Views\v1\products.php(3): CodeIgniter\Debug\Exceptions->errorHandler(2, 'include(../conf...', 'C:\\xampp\\htdocs...', 3, Array)
#1 C:\xampp\htdocs\twinzahra\app\Views\v1\products.php(3): include()
#2 C:\xampp\htdocs\twinzahra\system\View\View.php(246): include('C:\\xampp\\htdocs...')
#3 C:\xampp\htdocs\twinzahra\system\Common.php(1119): CodeIgniter\View\View->render('v1/products', Array, true)
#4 C:\xampp\htdocs\twinzahra\app\Controllers\V1.php(22): view('v1/products')
#5 C:\xampp\htdocs\twinzahra\system\CodeIgniter.php(922): App\Controllers\v1->products()
#6 C:\xampp\htdocs\twinzahra\system\CodeIgniter.php(408): CodeIgniter\CodeIgniter->runController(Object(App\Controllers\v1))
#7 C:\xampp\htdocs\twinzahra\system\CodeIgniter.php(316): CodeIgniter\CodeIgniter->handleRequest(NULL, Object(Config\Cache), false)
#8 C:\xampp\htdocs\twinzahra\index.php(45): CodeIgniter\CodeIgniter->run()
#9 {main}
CRITICAL - 2020-10-22 10:19:21 --> include(../config/db_connection.php): failed to open stream: No such file or directory
#0 C:\xampp\htdocs\twinzahra\app\Views\v1\products.php(3): CodeIgniter\Debug\Exceptions->errorHandler(2, 'include(../conf...', 'C:\\xampp\\htdocs...', 3, Array)
#1 C:\xampp\htdocs\twinzahra\app\Views\v1\products.php(3): include()
#2 C:\xampp\htdocs\twinzahra\system\View\View.php(246): include('C:\\xampp\\htdocs...')
#3 C:\xampp\htdocs\twinzahra\system\Common.php(1119): CodeIgniter\View\View->render('v1/products', Array, true)
#4 C:\xampp\htdocs\twinzahra\app\Controllers\V1.php(22): view('v1/products')
#5 C:\xampp\htdocs\twinzahra\system\CodeIgniter.php(922): App\Controllers\v1->products()
#6 C:\xampp\htdocs\twinzahra\system\CodeIgniter.php(408): CodeIgniter\CodeIgniter->runController(Object(App\Controllers\v1))
#7 C:\xampp\htdocs\twinzahra\system\CodeIgniter.php(316): CodeIgniter\CodeIgniter->handleRequest(NULL, Object(Config\Cache), false)
#8 C:\xampp\htdocs\twinzahra\index.php(45): CodeIgniter\CodeIgniter->run()
#9 {main}
CRITICAL - 2020-10-22 10:22:48 --> include(../config/db_connection.php): failed to open stream: No such file or directory
#0 C:\xampp\htdocs\twinzahra\app\Views\v1\products.php(3): CodeIgniter\Debug\Exceptions->errorHandler(2, 'include(../conf...', 'C:\\xampp\\htdocs...', 3, Array)
#1 C:\xampp\htdocs\twinzahra\app\Views\v1\products.php(3): include()
#2 C:\xampp\htdocs\twinzahra\system\View\View.php(246): include('C:\\xampp\\htdocs...')
#3 C:\xampp\htdocs\twinzahra\system\Common.php(1119): CodeIgniter\View\View->render('v1/products', Array, true)
#4 C:\xampp\htdocs\twinzahra\app\Controllers\V1.php(22): view('v1/products')
#5 C:\xampp\htdocs\twinzahra\system\CodeIgniter.php(922): App\Controllers\v1->products('sync_marketplac...')
#6 C:\xampp\htdocs\twinzahra\system\CodeIgniter.php(408): CodeIgniter\CodeIgniter->runController(Object(App\Controllers\v1))
#7 C:\xampp\htdocs\twinzahra\system\CodeIgniter.php(316): CodeIgniter\CodeIgniter->handleRequest(NULL, Object(Config\Cache), false)
#8 C:\xampp\htdocs\twinzahra\index.php(45): CodeIgniter\CodeIgniter->run()
#9 {main}
CRITICAL - 2020-10-22 10:22:52 --> include(../config/db_connection.php): failed to open stream: No such file or directory
#0 C:\xampp\htdocs\twinzahra\app\Views\v1\products.php(3): CodeIgniter\Debug\Exceptions->errorHandler(2, 'include(../conf...', 'C:\\xampp\\htdocs...', 3, Array)
#1 C:\xampp\htdocs\twinzahra\app\Views\v1\products.php(3): include()
#2 C:\xampp\htdocs\twinzahra\system\View\View.php(246): include('C:\\xampp\\htdocs...')
#3 C:\xampp\htdocs\twinzahra\system\Common.php(1119): CodeIgniter\View\View->render('v1/products', Array, true)
#4 C:\xampp\htdocs\twinzahra\app\Controllers\V1.php(22): view('v1/products')
#5 C:\xampp\htdocs\twinzahra\system\CodeIgniter.php(922): App\Controllers\v1->products('sync_marketplac...')
#6 C:\xampp\htdocs\twinzahra\system\CodeIgniter.php(408): CodeIgniter\CodeIgniter->runController(Object(App\Controllers\v1))
#7 C:\xampp\htdocs\twinzahra\system\CodeIgniter.php(316): CodeIgniter\CodeIgniter->handleRequest(NULL, Object(Config\Cache), false)
#8 C:\xampp\htdocs\twinzahra\index.php(45): CodeIgniter\CodeIgniter->run()
#9 {main}
CRITICAL - 2020-10-22 10:23:22 --> include(../config/db_connection.php): failed to open stream: No such file or directory
#0 C:\xampp\htdocs\twinzahra\app\Views\v1\products.php(3): CodeIgniter\Debug\Exceptions->errorHandler(2, 'include(../conf...', 'C:\\xampp\\htdocs...', 3, Array)
#1 C:\xampp\htdocs\twinzahra\app\Views\v1\products.php(3): include()
#2 C:\xampp\htdocs\twinzahra\system\View\View.php(246): include('C:\\xampp\\htdocs...')
#3 C:\xampp\htdocs\twinzahra\system\Common.php(1119): CodeIgniter\View\View->render('v1/products', Array, true)
#4 C:\xampp\htdocs\twinzahra\app\Controllers\V1.php(22): view('v1/products')
#5 C:\xampp\htdocs\twinzahra\system\CodeIgniter.php(922): App\Controllers\v1->products()
#6 C:\xampp\htdocs\twinzahra\system\CodeIgniter.php(408): CodeIgniter\CodeIgniter->runController(Object(App\Controllers\v1))
#7 C:\xampp\htdocs\twinzahra\system\CodeIgniter.php(316): CodeIgniter\CodeIgniter->handleRequest(NULL, Object(Config\Cache), false)
#8 C:\xampp\htdocs\twinzahra\index.php(45): CodeIgniter\CodeIgniter->run()
#9 {main}
CRITICAL - 2020-10-22 10:26:23 --> include(App\Database\koneksi): failed to open stream: No such file or directory
#0 C:\xampp\htdocs\twinzahra\app\Views\v1\products.php(2): CodeIgniter\Debug\Exceptions->errorHandler(2, 'include(App\\Dat...', 'C:\\xampp\\htdocs...', 2, Array)
#1 C:\xampp\htdocs\twinzahra\app\Views\v1\products.php(2): include()
#2 C:\xampp\htdocs\twinzahra\system\View\View.php(246): include('C:\\xampp\\htdocs...')
#3 C:\xampp\htdocs\twinzahra\system\Common.php(1119): CodeIgniter\View\View->render('v1/products', Array, true)
#4 C:\xampp\htdocs\twinzahra\app\Controllers\V1.php(22): view('v1/products')
#5 C:\xampp\htdocs\twinzahra\system\CodeIgniter.php(922): App\Controllers\v1->products()
#6 C:\xampp\htdocs\twinzahra\system\CodeIgniter.php(408): CodeIgniter\CodeIgniter->runController(Object(App\Controllers\v1))
#7 C:\xampp\htdocs\twinzahra\system\CodeIgniter.php(316): CodeIgniter\CodeIgniter->handleRequest(NULL, Object(Config\Cache), false)
#8 C:\xampp\htdocs\twinzahra\index.php(45): CodeIgniter\CodeIgniter->run()
#9 {main}
CRITICAL - 2020-10-22 10:28:43 --> include(App\Database\koneksi): failed to open stream: No such file or directory
#0 C:\xampp\htdocs\twinzahra\app\Views\v1\products.php(2): CodeIgniter\Debug\Exceptions->errorHandler(2, 'include(App\\Dat...', 'C:\\xampp\\htdocs...', 2, Array)
#1 C:\xampp\htdocs\twinzahra\app\Views\v1\products.php(2): include()
#2 C:\xampp\htdocs\twinzahra\system\View\View.php(246): include('C:\\xampp\\htdocs...')
#3 C:\xampp\htdocs\twinzahra\system\Common.php(1119): CodeIgniter\View\View->render('v1/products', Array, true)
#4 C:\xampp\htdocs\twinzahra\app\Controllers\V1.php(22): view('v1/products')
#5 C:\xampp\htdocs\twinzahra\system\CodeIgniter.php(922): App\Controllers\v1->products()
#6 C:\xampp\htdocs\twinzahra\system\CodeIgniter.php(408): CodeIgniter\CodeIgniter->runController(Object(App\Controllers\v1))
#7 C:\xampp\htdocs\twinzahra\system\CodeIgniter.php(316): CodeIgniter\CodeIgniter->handleRequest(NULL, Object(Config\Cache), false)
#8 C:\xampp\htdocs\twinzahra\index.php(45): CodeIgniter\CodeIgniter->run()
#9 {main}
CRITICAL - 2020-10-22 10:28:49 --> Call to undefined function get_instance()
#0 C:\xampp\htdocs\twinzahra\system\View\View.php(246): include()
#1 C:\xampp\htdocs\twinzahra\system\Common.php(1119): CodeIgniter\View\View->render('v1/products', Array, true)
#2 C:\xampp\htdocs\twinzahra\app\Controllers\V1.php(22): view('v1/products')
#3 C:\xampp\htdocs\twinzahra\system\CodeIgniter.php(922): App\Controllers\v1->products()
#4 C:\xampp\htdocs\twinzahra\system\CodeIgniter.php(408): CodeIgniter\CodeIgniter->runController(Object(App\Controllers\v1))
#5 C:\xampp\htdocs\twinzahra\system\CodeIgniter.php(316): CodeIgniter\CodeIgniter->handleRequest(NULL, Object(Config\Cache), false)
#6 C:\xampp\htdocs\twinzahra\index.php(45): CodeIgniter\CodeIgniter->run()
#7 {main}
CRITICAL - 2020-10-22 10:29:53 --> syntax error, unexpected '->' (T_OBJECT_OPERATOR), expecting ',' or ';'
#0 C:\xampp\htdocs\twinzahra\system\Common.php(1119): CodeIgniter\View\View->render('v1/products', Array, true)
#1 C:\xampp\htdocs\twinzahra\app\Controllers\V1.php(22): view('v1/products')
#2 C:\xampp\htdocs\twinzahra\system\CodeIgniter.php(922): App\Controllers\v1->products()
#3 C:\xampp\htdocs\twinzahra\system\CodeIgniter.php(408): CodeIgniter\CodeIgniter->runController(Object(App\Controllers\v1))
#4 C:\xampp\htdocs\twinzahra\system\CodeIgniter.php(316): CodeIgniter\CodeIgniter->handleRequest(NULL, Object(Config\Cache), false)
#5 C:\xampp\htdocs\twinzahra\index.php(45): CodeIgniter\CodeIgniter->run()
#6 {main}
CRITICAL - 2020-10-22 10:30:42 --> Call to undefined function get_instance()
#0 C:\xampp\htdocs\twinzahra\system\View\View.php(246): include()
#1 C:\xampp\htdocs\twinzahra\system\Common.php(1119): CodeIgniter\View\View->render('v1/products', Array, true)
#2 C:\xampp\htdocs\twinzahra\app\Controllers\V1.php(22): view('v1/products')
#3 C:\xampp\htdocs\twinzahra\system\CodeIgniter.php(922): App\Controllers\v1->products()
#4 C:\xampp\htdocs\twinzahra\system\CodeIgniter.php(408): CodeIgniter\CodeIgniter->runController(Object(App\Controllers\v1))
#5 C:\xampp\htdocs\twinzahra\system\CodeIgniter.php(316): CodeIgniter\CodeIgniter->handleRequest(NULL, Object(Config\Cache), false)
#6 C:\xampp\htdocs\twinzahra\index.php(45): CodeIgniter\CodeIgniter->run()
#7 {main}
CRITICAL - 2020-10-22 20:17:50 --> syntax error, unexpected 'message' (T_STRING), expecting ',' or ';'
#0 C:\xampp\htdocs\twinzahra\system\Common.php(1119): CodeIgniter\View\View->render('products/view/l...', Array, true)
#1 C:\xampp\htdocs\twinzahra\app\Controllers\Products.php(13): view('products/view/l...')
#2 C:\xampp\htdocs\twinzahra\system\CodeIgniter.php(922): App\Controllers\Products->load_products()
#3 C:\xampp\htdocs\twinzahra\system\CodeIgniter.php(408): CodeIgniter\CodeIgniter->runController(Object(App\Controllers\Products))
#4 C:\xampp\htdocs\twinzahra\system\CodeIgniter.php(316): CodeIgniter\CodeIgniter->handleRequest(NULL, Object(Config\Cache), false)
#5 C:\xampp\htdocs\twinzahra\index.php(45): CodeIgniter\CodeIgniter->run()
#6 {main}
CRITICAL - 2020-10-22 20:18:34 --> syntax error, unexpected 'json_encode' (T_STRING), expecting ',' or ';'
#0 C:\xampp\htdocs\twinzahra\system\Common.php(1119): CodeIgniter\View\View->render('products/view/l...', Array, true)
#1 C:\xampp\htdocs\twinzahra\app\Controllers\Products.php(13): view('products/view/l...')
#2 C:\xampp\htdocs\twinzahra\system\CodeIgniter.php(922): App\Controllers\Products->load_products()
#3 C:\xampp\htdocs\twinzahra\system\CodeIgniter.php(408): CodeIgniter\CodeIgniter->runController(Object(App\Controllers\Products))
#4 C:\xampp\htdocs\twinzahra\system\CodeIgniter.php(316): CodeIgniter\CodeIgniter->handleRequest(NULL, Object(Config\Cache), false)
#5 C:\xampp\htdocs\twinzahra\index.php(45): CodeIgniter\CodeIgniter->run()
#6 {main}
CRITICAL - 2020-10-22 21:50:53 --> syntax error, unexpected '"SearchColor"' (T_CONSTANT_ENCAPSED_STRING), expecting ',' or ')'
#0 C:\xampp\htdocs\twinzahra\system\Common.php(1119): CodeIgniter\View\View->render('products/view/l...', Array, true)
#1 C:\xampp\htdocs\twinzahra\app\Controllers\Products.php(13): view('products/view/l...')
#2 C:\xampp\htdocs\twinzahra\system\CodeIgniter.php(922): App\Controllers\Products->load_products()
#3 C:\xampp\htdocs\twinzahra\system\CodeIgniter.php(408): CodeIgniter\CodeIgniter->runController(Object(App\Controllers\Products))
#4 C:\xampp\htdocs\twinzahra\system\CodeIgniter.php(316): CodeIgniter\CodeIgniter->handleRequest(NULL, Object(Config\Cache), false)
#5 C:\xampp\htdocs\twinzahra\index.php(45): CodeIgniter\CodeIgniter->run()
#6 {main}
CRITICAL - 2020-10-22 21:51:00 --> syntax error, unexpected '"SearchColor"' (T_CONSTANT_ENCAPSED_STRING), expecting ',' or ')'
#0 C:\xampp\htdocs\twinzahra\system\Common.php(1119): CodeIgniter\View\View->render('products/view/l...', Array, true)
#1 C:\xampp\htdocs\twinzahra\app\Controllers\Products.php(13): view('products/view/l...')
#2 C:\xampp\htdocs\twinzahra\system\CodeIgniter.php(922): App\Controllers\Products->load_products()
#3 C:\xampp\htdocs\twinzahra\system\CodeIgniter.php(408): CodeIgniter\CodeIgniter->runController(Object(App\Controllers\Products))
#4 C:\xampp\htdocs\twinzahra\system\CodeIgniter.php(316): CodeIgniter\CodeIgniter->handleRequest(NULL, Object(Config\Cache), false)
#5 C:\xampp\htdocs\twinzahra\index.php(45): CodeIgniter\CodeIgniter->run()
#6 {main}
CRITICAL - 2020-10-22 21:51:01 --> syntax error, unexpected '"SearchColor"' (T_CONSTANT_ENCAPSED_STRING), expecting ',' or ')'
#0 C:\xampp\htdocs\twinzahra\system\Common.php(1119): CodeIgniter\View\View->render('products/view/l...', Array, true)
#1 C:\xampp\htdocs\twinzahra\app\Controllers\Products.php(13): view('products/view/l...')
#2 C:\xampp\htdocs\twinzahra\system\CodeIgniter.php(922): App\Controllers\Products->load_products()
#3 C:\xampp\htdocs\twinzahra\system\CodeIgniter.php(408): CodeIgniter\CodeIgniter->runController(Object(App\Controllers\Products))
#4 C:\xampp\htdocs\twinzahra\system\CodeIgniter.php(316): CodeIgniter\CodeIgniter->handleRequest(NULL, Object(Config\Cache), false)
#5 C:\xampp\htdocs\twinzahra\index.php(45): CodeIgniter\CodeIgniter->run()
#6 {main}
CRITICAL - 2020-10-22 21:51:20 --> syntax error, unexpected '"SearchColor"' (T_CONSTANT_ENCAPSED_STRING), expecting ',' or ')'
#0 C:\xampp\htdocs\twinzahra\system\Common.php(1119): CodeIgniter\View\View->render('products/view/l...', Array, true)
#1 C:\xampp\htdocs\twinzahra\app\Controllers\Products.php(13): view('products/view/l...')
#2 C:\xampp\htdocs\twinzahra\system\CodeIgniter.php(922): App\Controllers\Products->load_products()
#3 C:\xampp\htdocs\twinzahra\system\CodeIgniter.php(408): CodeIgniter\CodeIgniter->runController(Object(App\Controllers\Products))
#4 C:\xampp\htdocs\twinzahra\system\CodeIgniter.php(316): CodeIgniter\CodeIgniter->handleRequest(NULL, Object(Config\Cache), false)
#5 C:\xampp\htdocs\twinzahra\index.php(45): CodeIgniter\CodeIgniter->run()
#6 {main}
CRITICAL - 2020-10-22 21:51:41 --> syntax error, unexpected '"SearchColor"' (T_CONSTANT_ENCAPSED_STRING), expecting ',' or ')'
#0 C:\xampp\htdocs\twinzahra\system\Common.php(1119): CodeIgniter\View\View->render('products/view/l...', Array, true)
#1 C:\xampp\htdocs\twinzahra\app\Controllers\Products.php(13): view('products/view/l...')
#2 C:\xampp\htdocs\twinzahra\system\CodeIgniter.php(922): App\Controllers\Products->load_products()
#3 C:\xampp\htdocs\twinzahra\system\CodeIgniter.php(408): CodeIgniter\CodeIgniter->runController(Object(App\Controllers\Products))
#4 C:\xampp\htdocs\twinzahra\system\CodeIgniter.php(316): CodeIgniter\CodeIgniter->handleRequest(NULL, Object(Config\Cache), false)
#5 C:\xampp\htdocs\twinzahra\index.php(45): CodeIgniter\CodeIgniter->run()
#6 {main}
CRITICAL - 2020-10-22 21:51:45 --> syntax error, unexpected '"SearchColor"' (T_CONSTANT_ENCAPSED_STRING), expecting ',' or ')'
#0 C:\xampp\htdocs\twinzahra\system\Common.php(1119): CodeIgniter\View\View->render('products/view/l...', Array, true)
#1 C:\xampp\htdocs\twinzahra\app\Controllers\Products.php(13): view('products/view/l...')
#2 C:\xampp\htdocs\twinzahra\system\CodeIgniter.php(922): App\Controllers\Products->load_products()
#3 C:\xampp\htdocs\twinzahra\system\CodeIgniter.php(408): CodeIgniter\CodeIgniter->runController(Object(App\Controllers\Products))
#4 C:\xampp\htdocs\twinzahra\system\CodeIgniter.php(316): CodeIgniter\CodeIgniter->handleRequest(NULL, Object(Config\Cache), false)
#5 C:\xampp\htdocs\twinzahra\index.php(45): CodeIgniter\CodeIgniter->run()
#6 {main}
CRITICAL - 2020-10-22 21:53:48 --> syntax error, unexpected '"SearchColor"' (T_CONSTANT_ENCAPSED_STRING), expecting ',' or ')'
#0 C:\xampp\htdocs\twinzahra\system\Common.php(1119): CodeIgniter\View\View->render('products/view/l...', Array, true)
#1 C:\xampp\htdocs\twinzahra\app\Controllers\Products.php(13): view('products/view/l...')
#2 C:\xampp\htdocs\twinzahra\system\CodeIgniter.php(922): App\Controllers\Products->load_products()
#3 C:\xampp\htdocs\twinzahra\system\CodeIgniter.php(408): CodeIgniter\CodeIgniter->runController(Object(App\Controllers\Products))
#4 C:\xampp\htdocs\twinzahra\system\CodeIgniter.php(316): CodeIgniter\CodeIgniter->handleRequest(NULL, Object(Config\Cache), false)
#5 C:\xampp\htdocs\twinzahra\index.php(45): CodeIgniter\CodeIgniter->run()
#6 {main}
CRITICAL - 2020-10-22 21:53:58 --> syntax error, unexpected '"SearchColor"' (T_CONSTANT_ENCAPSED_STRING), expecting ',' or ')'
#0 C:\xampp\htdocs\twinzahra\system\Common.php(1119): CodeIgniter\View\View->render('products/view/l...', Array, true)
#1 C:\xampp\htdocs\twinzahra\app\Controllers\Products.php(13): view('products/view/l...')
#2 C:\xampp\htdocs\twinzahra\system\CodeIgniter.php(922): App\Controllers\Products->load_products()
#3 C:\xampp\htdocs\twinzahra\system\CodeIgniter.php(408): CodeIgniter\CodeIgniter->runController(Object(App\Controllers\Products))
#4 C:\xampp\htdocs\twinzahra\system\CodeIgniter.php(316): CodeIgniter\CodeIgniter->handleRequest(NULL, Object(Config\Cache), false)
#5 C:\xampp\htdocs\twinzahra\index.php(45): CodeIgniter\CodeIgniter->run()
#6 {main}
CRITICAL - 2020-10-22 21:54:11 --> syntax error, unexpected '"SearchColor"' (T_CONSTANT_ENCAPSED_STRING), expecting ',' or ')'
#0 C:\xampp\htdocs\twinzahra\system\Common.php(1119): CodeIgniter\View\View->render('products/view/l...', Array, true)
#1 C:\xampp\htdocs\twinzahra\app\Controllers\Products.php(13): view('products/view/l...')
#2 C:\xampp\htdocs\twinzahra\system\CodeIgniter.php(922): App\Controllers\Products->load_products()
#3 C:\xampp\htdocs\twinzahra\system\CodeIgniter.php(408): CodeIgniter\CodeIgniter->runController(Object(App\Controllers\Products))
#4 C:\xampp\htdocs\twinzahra\system\CodeIgniter.php(316): CodeIgniter\CodeIgniter->handleRequest(NULL, Object(Config\Cache), false)
#5 C:\xampp\htdocs\twinzahra\index.php(45): CodeIgniter\CodeIgniter->run()
#6 {main}
CRITICAL - 2020-10-22 21:55:04 --> syntax error, unexpected '"SearchColor"' (T_CONSTANT_ENCAPSED_STRING), expecting ',' or ')'
#0 C:\xampp\htdocs\twinzahra\system\Common.php(1119): CodeIgniter\View\View->render('products/view/l...', Array, true)
#1 C:\xampp\htdocs\twinzahra\app\Controllers\Products.php(13): view('products/view/l...')
#2 C:\xampp\htdocs\twinzahra\system\CodeIgniter.php(922): App\Controllers\Products->load_products()
#3 C:\xampp\htdocs\twinzahra\system\CodeIgniter.php(408): CodeIgniter\CodeIgniter->runController(Object(App\Controllers\Products))
#4 C:\xampp\htdocs\twinzahra\system\CodeIgniter.php(316): CodeIgniter\CodeIgniter->handleRequest(NULL, Object(Config\Cache), false)
#5 C:\xampp\htdocs\twinzahra\index.php(45): CodeIgniter\CodeIgniter->run()
#6 {main}
CRITICAL - 2020-10-22 21:55:06 --> syntax error, unexpected '"SearchColor"' (T_CONSTANT_ENCAPSED_STRING), expecting ',' or ')'
#0 C:\xampp\htdocs\twinzahra\system\Common.php(1119): CodeIgniter\View\View->render('products/view/l...', Array, true)
#1 C:\xampp\htdocs\twinzahra\app\Controllers\Products.php(13): view('products/view/l...')
#2 C:\xampp\htdocs\twinzahra\system\CodeIgniter.php(922): App\Controllers\Products->load_products()
#3 C:\xampp\htdocs\twinzahra\system\CodeIgniter.php(408): CodeIgniter\CodeIgniter->runController(Object(App\Controllers\Products))
#4 C:\xampp\htdocs\twinzahra\system\CodeIgniter.php(316): CodeIgniter\CodeIgniter->handleRequest(NULL, Object(Config\Cache), false)
#5 C:\xampp\htdocs\twinzahra\index.php(45): CodeIgniter\CodeIgniter->run()
#6 {main}
CRITICAL - 2020-10-22 21:55:07 --> syntax error, unexpected '"SearchColor"' (T_CONSTANT_ENCAPSED_STRING), expecting ',' or ')'
#0 C:\xampp\htdocs\twinzahra\system\Common.php(1119): CodeIgniter\View\View->render('products/view/l...', Array, true)
#1 C:\xampp\htdocs\twinzahra\app\Controllers\Products.php(13): view('products/view/l...')
#2 C:\xampp\htdocs\twinzahra\system\CodeIgniter.php(922): App\Controllers\Products->load_products()
#3 C:\xampp\htdocs\twinzahra\system\CodeIgniter.php(408): CodeIgniter\CodeIgniter->runController(Object(App\Controllers\Products))
#4 C:\xampp\htdocs\twinzahra\system\CodeIgniter.php(316): CodeIgniter\CodeIgniter->handleRequest(NULL, Object(Config\Cache), false)
#5 C:\xampp\htdocs\twinzahra\index.php(45): CodeIgniter\CodeIgniter->run()
#6 {main}
CRITICAL - 2020-10-22 21:55:23 --> syntax error, unexpected ')'
#0 C:\xampp\htdocs\twinzahra\system\Common.php(1119): CodeIgniter\View\View->render('products/view/l...', Array, true)
#1 C:\xampp\htdocs\twinzahra\app\Controllers\Products.php(13): view('products/view/l...')
#2 C:\xampp\htdocs\twinzahra\system\CodeIgniter.php(922): App\Controllers\Products->load_products()
#3 C:\xampp\htdocs\twinzahra\system\CodeIgniter.php(408): CodeIgniter\CodeIgniter->runController(Object(App\Controllers\Products))
#4 C:\xampp\htdocs\twinzahra\system\CodeIgniter.php(316): CodeIgniter\CodeIgniter->handleRequest(NULL, Object(Config\Cache), false)
#5 C:\xampp\htdocs\twinzahra\index.php(45): CodeIgniter\CodeIgniter->run()
#6 {main}
CRITICAL - 2020-10-22 21:55:37 --> syntax error, unexpected ')'
#0 C:\xampp\htdocs\twinzahra\system\Common.php(1119): CodeIgniter\View\View->render('products/view/l...', Array, true)
#1 C:\xampp\htdocs\twinzahra\app\Controllers\Products.php(13): view('products/view/l...')
#2 C:\xampp\htdocs\twinzahra\system\CodeIgniter.php(922): App\Controllers\Products->load_products()
#3 C:\xampp\htdocs\twinzahra\system\CodeIgniter.php(408): CodeIgniter\CodeIgniter->runController(Object(App\Controllers\Products))
#4 C:\xampp\htdocs\twinzahra\system\CodeIgniter.php(316): CodeIgniter\CodeIgniter->handleRequest(NULL, Object(Config\Cache), false)
#5 C:\xampp\htdocs\twinzahra\index.php(45): CodeIgniter\CodeIgniter->run()
#6 {main}
