CRITICAL - 2020-10-23 00:25:00 --> Call to undefined function get_instance()
#0 C:\xampp\htdocs\twinzahra\system\View\View.php(246): include()
#1 C:\xampp\htdocs\twinzahra\system\Common.php(1119): CodeIgniter\View\View->render('v1/products', Array, true)
#2 C:\xampp\htdocs\twinzahra\app\Controllers\V1.php(22): view('v1/products')
#3 C:\xampp\htdocs\twinzahra\system\CodeIgniter.php(922): App\Controllers\v1->products('sync_marketplac...')
#4 C:\xampp\htdocs\twinzahra\system\CodeIgniter.php(408): CodeIgniter\CodeIgniter->runController(Object(App\Controllers\v1))
#5 C:\xampp\htdocs\twinzahra\system\CodeIgniter.php(316): CodeIgniter\CodeIgniter->handleRequest(NULL, Object(Config\Cache), false)
#6 C:\xampp\htdocs\twinzahra\index.php(45): CodeIgniter\CodeIgniter->run()
#7 {main}
CRITICAL - 2020-10-23 00:26:18 --> Call to undefined function get_instance()
#0 C:\xampp\htdocs\twinzahra\system\View\View.php(246): include()
#1 C:\xampp\htdocs\twinzahra\system\Common.php(1119): CodeIgniter\View\View->render('v1/products', Array, true)
#2 C:\xampp\htdocs\twinzahra\app\Controllers\V1.php(22): view('v1/products')
#3 C:\xampp\htdocs\twinzahra\system\CodeIgniter.php(922): App\Controllers\v1->products()
#4 C:\xampp\htdocs\twinzahra\system\CodeIgniter.php(408): CodeIgniter\CodeIgniter->runController(Object(App\Controllers\v1))
#5 C:\xampp\htdocs\twinzahra\system\CodeIgniter.php(316): CodeIgniter\CodeIgniter->handleRequest(NULL, Object(Config\Cache), false)
#6 C:\xampp\htdocs\twinzahra\index.php(45): CodeIgniter\CodeIgniter->run()
#7 {main}
CRITICAL - 2020-10-23 00:27:28 --> Call to undefined function get_instance()
#0 C:\xampp\htdocs\twinzahra\system\View\View.php(246): include()
#1 C:\xampp\htdocs\twinzahra\system\Common.php(1119): CodeIgniter\View\View->render('v1/products', Array, true)
#2 C:\xampp\htdocs\twinzahra\app\Controllers\V1.php(22): view('v1/products')
#3 C:\xampp\htdocs\twinzahra\system\CodeIgniter.php(922): App\Controllers\v1->products()
#4 C:\xampp\htdocs\twinzahra\system\CodeIgniter.php(408): CodeIgniter\CodeIgniter->runController(Object(App\Controllers\v1))
#5 C:\xampp\htdocs\twinzahra\system\CodeIgniter.php(316): CodeIgniter\CodeIgniter->handleRequest(NULL, Object(Config\Cache), false)
#6 C:\xampp\htdocs\twinzahra\index.php(45): CodeIgniter\CodeIgniter->run()
#7 {main}
CRITICAL - 2020-10-23 00:43:42 --> syntax error, unexpected '(', expecting identifier (T_STRING) or variable (T_VARIABLE) or '{' or '$'
#0 C:\xampp\htdocs\twinzahra\system\Common.php(1119): CodeIgniter\View\View->render('v1/products', Array, true)
#1 C:\xampp\htdocs\twinzahra\app\Controllers\V1.php(22): view('v1/products')
#2 C:\xampp\htdocs\twinzahra\system\CodeIgniter.php(922): App\Controllers\v1->products()
#3 C:\xampp\htdocs\twinzahra\system\CodeIgniter.php(408): CodeIgniter\CodeIgniter->runController(Object(App\Controllers\v1))
#4 C:\xampp\htdocs\twinzahra\system\CodeIgniter.php(316): CodeIgniter\CodeIgniter->handleRequest(NULL, Object(Config\Cache), false)
#5 C:\xampp\htdocs\twinzahra\index.php(45): CodeIgniter\CodeIgniter->run()
#6 {main}
CRITICAL - 2020-10-23 00:44:20 --> Undefined property: CodeIgniter\View\View::$load
#0 C:\xampp\htdocs\twinzahra\app\Views\v1\products.php(5): CodeIgniter\Debug\Exceptions->errorHandler(8, 'Undefined prope...', 'C:\\xampp\\htdocs...', 5, Array)
#1 C:\xampp\htdocs\twinzahra\system\View\View.php(246): include('C:\\xampp\\htdocs...')
#2 C:\xampp\htdocs\twinzahra\system\Common.php(1119): CodeIgniter\View\View->render('v1/products', Array, true)
#3 C:\xampp\htdocs\twinzahra\app\Controllers\V1.php(22): view('v1/products')
#4 C:\xampp\htdocs\twinzahra\system\CodeIgniter.php(922): App\Controllers\v1->products()
#5 C:\xampp\htdocs\twinzahra\system\CodeIgniter.php(408): CodeIgniter\CodeIgniter->runController(Object(App\Controllers\v1))
#6 C:\xampp\htdocs\twinzahra\system\CodeIgniter.php(316): CodeIgniter\CodeIgniter->handleRequest(NULL, Object(Config\Cache), false)
#7 C:\xampp\htdocs\twinzahra\index.php(45): CodeIgniter\CodeIgniter->run()
#8 {main}
CRITICAL - 2020-10-23 00:44:33 --> syntax error, unexpected '->' (T_OBJECT_OPERATOR)
#0 C:\xampp\htdocs\twinzahra\system\Common.php(1119): CodeIgniter\View\View->render('v1/products', Array, true)
#1 C:\xampp\htdocs\twinzahra\app\Controllers\V1.php(22): view('v1/products')
#2 C:\xampp\htdocs\twinzahra\system\CodeIgniter.php(922): App\Controllers\v1->products()
#3 C:\xampp\htdocs\twinzahra\system\CodeIgniter.php(408): CodeIgniter\CodeIgniter->runController(Object(App\Controllers\v1))
#4 C:\xampp\htdocs\twinzahra\system\CodeIgniter.php(316): CodeIgniter\CodeIgniter->handleRequest(NULL, Object(Config\Cache), false)
#5 C:\xampp\htdocs\twinzahra\index.php(45): CodeIgniter\CodeIgniter->run()
#6 {main}
CRITICAL - 2020-10-23 00:44:33 --> syntax error, unexpected '->' (T_OBJECT_OPERATOR)
#0 C:\xampp\htdocs\twinzahra\system\Common.php(1119): CodeIgniter\View\View->render('v1/products', Array, true)
#1 C:\xampp\htdocs\twinzahra\app\Controllers\V1.php(22): view('v1/products')
#2 C:\xampp\htdocs\twinzahra\system\CodeIgniter.php(922): App\Controllers\v1->products()
#3 C:\xampp\htdocs\twinzahra\system\CodeIgniter.php(408): CodeIgniter\CodeIgniter->runController(Object(App\Controllers\v1))
#4 C:\xampp\htdocs\twinzahra\system\CodeIgniter.php(316): CodeIgniter\CodeIgniter->handleRequest(NULL, Object(Config\Cache), false)
#5 C:\xampp\htdocs\twinzahra\index.php(45): CodeIgniter\CodeIgniter->run()
#6 {main}
CRITICAL - 2020-10-23 00:44:34 --> syntax error, unexpected '->' (T_OBJECT_OPERATOR)
#0 C:\xampp\htdocs\twinzahra\system\Common.php(1119): CodeIgniter\View\View->render('v1/products', Array, true)
#1 C:\xampp\htdocs\twinzahra\app\Controllers\V1.php(22): view('v1/products')
#2 C:\xampp\htdocs\twinzahra\system\CodeIgniter.php(922): App\Controllers\v1->products()
#3 C:\xampp\htdocs\twinzahra\system\CodeIgniter.php(408): CodeIgniter\CodeIgniter->runController(Object(App\Controllers\v1))
#4 C:\xampp\htdocs\twinzahra\system\CodeIgniter.php(316): CodeIgniter\CodeIgniter->handleRequest(NULL, Object(Config\Cache), false)
#5 C:\xampp\htdocs\twinzahra\index.php(45): CodeIgniter\CodeIgniter->run()
#6 {main}
CRITICAL - 2020-10-23 00:44:35 --> syntax error, unexpected '->' (T_OBJECT_OPERATOR)
#0 C:\xampp\htdocs\twinzahra\system\Common.php(1119): CodeIgniter\View\View->render('v1/products', Array, true)
#1 C:\xampp\htdocs\twinzahra\app\Controllers\V1.php(22): view('v1/products')
#2 C:\xampp\htdocs\twinzahra\system\CodeIgniter.php(922): App\Controllers\v1->products()
#3 C:\xampp\htdocs\twinzahra\system\CodeIgniter.php(408): CodeIgniter\CodeIgniter->runController(Object(App\Controllers\v1))
#4 C:\xampp\htdocs\twinzahra\system\CodeIgniter.php(316): CodeIgniter\CodeIgniter->handleRequest(NULL, Object(Config\Cache), false)
#5 C:\xampp\htdocs\twinzahra\index.php(45): CodeIgniter\CodeIgniter->run()
#6 {main}
CRITICAL - 2020-10-23 00:44:35 --> syntax error, unexpected '->' (T_OBJECT_OPERATOR)
#0 C:\xampp\htdocs\twinzahra\system\Common.php(1119): CodeIgniter\View\View->render('v1/products', Array, true)
#1 C:\xampp\htdocs\twinzahra\app\Controllers\V1.php(22): view('v1/products')
#2 C:\xampp\htdocs\twinzahra\system\CodeIgniter.php(922): App\Controllers\v1->products()
#3 C:\xampp\htdocs\twinzahra\system\CodeIgniter.php(408): CodeIgniter\CodeIgniter->runController(Object(App\Controllers\v1))
#4 C:\xampp\htdocs\twinzahra\system\CodeIgniter.php(316): CodeIgniter\CodeIgniter->handleRequest(NULL, Object(Config\Cache), false)
#5 C:\xampp\htdocs\twinzahra\index.php(45): CodeIgniter\CodeIgniter->run()
#6 {main}
CRITICAL - 2020-10-23 00:44:35 --> syntax error, unexpected '->' (T_OBJECT_OPERATOR)
#0 C:\xampp\htdocs\twinzahra\system\Common.php(1119): CodeIgniter\View\View->render('v1/products', Array, true)
#1 C:\xampp\htdocs\twinzahra\app\Controllers\V1.php(22): view('v1/products')
#2 C:\xampp\htdocs\twinzahra\system\CodeIgniter.php(922): App\Controllers\v1->products()
#3 C:\xampp\htdocs\twinzahra\system\CodeIgniter.php(408): CodeIgniter\CodeIgniter->runController(Object(App\Controllers\v1))
#4 C:\xampp\htdocs\twinzahra\system\CodeIgniter.php(316): CodeIgniter\CodeIgniter->handleRequest(NULL, Object(Config\Cache), false)
#5 C:\xampp\htdocs\twinzahra\index.php(45): CodeIgniter\CodeIgniter->run()
#6 {main}
CRITICAL - 2020-10-23 00:48:23 --> Undefined property: CodeIgniter\View\View::$load
#0 C:\xampp\htdocs\twinzahra\app\Views\v1\products.php(6): CodeIgniter\Debug\Exceptions->errorHandler(8, 'Undefined prope...', 'C:\\xampp\\htdocs...', 6, Array)
#1 C:\xampp\htdocs\twinzahra\system\View\View.php(246): include('C:\\xampp\\htdocs...')
#2 C:\xampp\htdocs\twinzahra\system\Common.php(1119): CodeIgniter\View\View->render('v1/products', Array, true)
#3 C:\xampp\htdocs\twinzahra\app\Controllers\V1.php(22): view('v1/products')
#4 C:\xampp\htdocs\twinzahra\system\CodeIgniter.php(922): App\Controllers\v1->products()
#5 C:\xampp\htdocs\twinzahra\system\CodeIgniter.php(408): CodeIgniter\CodeIgniter->runController(Object(App\Controllers\v1))
#6 C:\xampp\htdocs\twinzahra\system\CodeIgniter.php(316): CodeIgniter\CodeIgniter->handleRequest(NULL, Object(Config\Cache), false)
#7 C:\xampp\htdocs\twinzahra\index.php(45): CodeIgniter\CodeIgniter->run()
#8 {main}
CRITICAL - 2020-10-23 00:49:58 --> Undefined property: CodeIgniter\View\View::$load
#0 C:\xampp\htdocs\twinzahra\app\Views\v1\products.php(6): CodeIgniter\Debug\Exceptions->errorHandler(8, 'Undefined prope...', 'C:\\xampp\\htdocs...', 6, Array)
#1 C:\xampp\htdocs\twinzahra\system\View\View.php(246): include('C:\\xampp\\htdocs...')
#2 C:\xampp\htdocs\twinzahra\system\Common.php(1119): CodeIgniter\View\View->render('v1/products', Array, true)
#3 C:\xampp\htdocs\twinzahra\app\Controllers\V1.php(22): view('v1/products')
#4 C:\xampp\htdocs\twinzahra\system\CodeIgniter.php(922): App\Controllers\v1->products()
#5 C:\xampp\htdocs\twinzahra\system\CodeIgniter.php(408): CodeIgniter\CodeIgniter->runController(Object(App\Controllers\v1))
#6 C:\xampp\htdocs\twinzahra\system\CodeIgniter.php(316): CodeIgniter\CodeIgniter->handleRequest(NULL, Object(Config\Cache), false)
#7 C:\xampp\htdocs\twinzahra\index.php(45): CodeIgniter\CodeIgniter->run()
#8 {main}
CRITICAL - 2020-10-23 00:50:00 --> Undefined property: CodeIgniter\View\View::$load
#0 C:\xampp\htdocs\twinzahra\app\Views\v1\products.php(6): CodeIgniter\Debug\Exceptions->errorHandler(8, 'Undefined prope...', 'C:\\xampp\\htdocs...', 6, Array)
#1 C:\xampp\htdocs\twinzahra\system\View\View.php(246): include('C:\\xampp\\htdocs...')
#2 C:\xampp\htdocs\twinzahra\system\Common.php(1119): CodeIgniter\View\View->render('v1/products', Array, true)
#3 C:\xampp\htdocs\twinzahra\app\Controllers\V1.php(22): view('v1/products')
#4 C:\xampp\htdocs\twinzahra\system\CodeIgniter.php(922): App\Controllers\v1->products()
#5 C:\xampp\htdocs\twinzahra\system\CodeIgniter.php(408): CodeIgniter\CodeIgniter->runController(Object(App\Controllers\v1))
#6 C:\xampp\htdocs\twinzahra\system\CodeIgniter.php(316): CodeIgniter\CodeIgniter->handleRequest(NULL, Object(Config\Cache), false)
#7 C:\xampp\htdocs\twinzahra\index.php(45): CodeIgniter\CodeIgniter->run()
#8 {main}
CRITICAL - 2020-10-23 00:50:05 --> include(../config/model.php): failed to open stream: No such file or directory
#0 C:\xampp\htdocs\twinzahra\app\Views\v1\products.php(35): CodeIgniter\Debug\Exceptions->errorHandler(2, 'include(../conf...', 'C:\\xampp\\htdocs...', 35, Array)
#1 C:\xampp\htdocs\twinzahra\app\Views\v1\products.php(35): include()
#2 C:\xampp\htdocs\twinzahra\system\View\View.php(246): include('C:\\xampp\\htdocs...')
#3 C:\xampp\htdocs\twinzahra\system\Common.php(1119): CodeIgniter\View\View->render('v1/products', Array, true)
#4 C:\xampp\htdocs\twinzahra\app\Controllers\V1.php(22): view('v1/products')
#5 C:\xampp\htdocs\twinzahra\system\CodeIgniter.php(922): App\Controllers\v1->products()
#6 C:\xampp\htdocs\twinzahra\system\CodeIgniter.php(408): CodeIgniter\CodeIgniter->runController(Object(App\Controllers\v1))
#7 C:\xampp\htdocs\twinzahra\system\CodeIgniter.php(316): CodeIgniter\CodeIgniter->handleRequest(NULL, Object(Config\Cache), false)
#8 C:\xampp\htdocs\twinzahra\index.php(45): CodeIgniter\CodeIgniter->run()
#9 {main}
CRITICAL - 2020-10-23 00:53:29 --> Class 'Model_user' not found
#0 C:\xampp\htdocs\twinzahra\system\View\View.php(246): include()
#1 C:\xampp\htdocs\twinzahra\system\Common.php(1119): CodeIgniter\View\View->render('v1/products', Array, true)
#2 C:\xampp\htdocs\twinzahra\app\Controllers\V1.php(22): view('v1/products')
#3 C:\xampp\htdocs\twinzahra\system\CodeIgniter.php(922): App\Controllers\v1->products()
#4 C:\xampp\htdocs\twinzahra\system\CodeIgniter.php(408): CodeIgniter\CodeIgniter->runController(Object(App\Controllers\v1))
#5 C:\xampp\htdocs\twinzahra\system\CodeIgniter.php(316): CodeIgniter\CodeIgniter->handleRequest(NULL, Object(Config\Cache), false)
#6 C:\xampp\htdocs\twinzahra\index.php(45): CodeIgniter\CodeIgniter->run()
#7 {main}
CRITICAL - 2020-10-23 00:53:55 --> syntax error, unexpected 'if' (T_IF), expecting function (T_FUNCTION) or const (T_CONST)
#0 C:\xampp\htdocs\twinzahra\system\Autoloader\Autoloader.php(340): CodeIgniter\Autoloader\Autoloader->requireFile('C:\\xampp\\htdocs...')
#1 C:\xampp\htdocs\twinzahra\system\Autoloader\Autoloader.php(264): CodeIgniter\Autoloader\Autoloader->loadLegacy('Products_Model....')
#2 [internal function]: CodeIgniter\Autoloader\Autoloader->loadClass('Products_Model')
#3 C:\xampp\htdocs\twinzahra\app\Views\v1\products.php(33): spl_autoload_call('Products_Model')
#4 C:\xampp\htdocs\twinzahra\system\View\View.php(246): include('C:\\xampp\\htdocs...')
#5 C:\xampp\htdocs\twinzahra\system\Common.php(1119): CodeIgniter\View\View->render('v1/products', Array, true)
#6 C:\xampp\htdocs\twinzahra\app\Controllers\V1.php(22): view('v1/products')
#7 C:\xampp\htdocs\twinzahra\system\CodeIgniter.php(922): App\Controllers\v1->products()
#8 C:\xampp\htdocs\twinzahra\system\CodeIgniter.php(408): CodeIgniter\CodeIgniter->runController(Object(App\Controllers\v1))
#9 C:\xampp\htdocs\twinzahra\system\CodeIgniter.php(316): CodeIgniter\CodeIgniter->handleRequest(NULL, Object(Config\Cache), false)
#10 C:\xampp\htdocs\twinzahra\index.php(45): CodeIgniter\CodeIgniter->run()
#11 {main}
CRITICAL - 2020-10-23 00:54:37 --> include(db_connection.php): failed to open stream: No such file or directory
#0 C:\xampp\htdocs\twinzahra\app\Models\Products_Model.php(11): CodeIgniter\Debug\Exceptions->errorHandler(2, 'include(db_conn...', 'C:\\xampp\\htdocs...', 11, Array)
#1 C:\xampp\htdocs\twinzahra\app\Models\Products_Model.php(11): include()
#2 C:\xampp\htdocs\twinzahra\app\Views\v1\products.php(33): Products_Model->__construct()
#3 C:\xampp\htdocs\twinzahra\system\View\View.php(246): include('C:\\xampp\\htdocs...')
#4 C:\xampp\htdocs\twinzahra\system\Common.php(1119): CodeIgniter\View\View->render('v1/products', Array, true)
#5 C:\xampp\htdocs\twinzahra\app\Controllers\V1.php(22): view('v1/products')
#6 C:\xampp\htdocs\twinzahra\system\CodeIgniter.php(922): App\Controllers\v1->products()
#7 C:\xampp\htdocs\twinzahra\system\CodeIgniter.php(408): CodeIgniter\CodeIgniter->runController(Object(App\Controllers\v1))
#8 C:\xampp\htdocs\twinzahra\system\CodeIgniter.php(316): CodeIgniter\CodeIgniter->handleRequest(NULL, Object(Config\Cache), false)
#9 C:\xampp\htdocs\twinzahra\index.php(45): CodeIgniter\CodeIgniter->run()
#10 {main}
CRITICAL - 2020-10-23 00:56:56 --> include(db_connection.php): failed to open stream: No such file or directory
#0 C:\xampp\htdocs\twinzahra\app\Models\Products_Model.php(11): CodeIgniter\Debug\Exceptions->errorHandler(2, 'include(db_conn...', 'C:\\xampp\\htdocs...', 11, Array)
#1 C:\xampp\htdocs\twinzahra\app\Models\Products_Model.php(11): include()
#2 C:\xampp\htdocs\twinzahra\app\Views\v1\products.php(33): Products_Model->__construct()
#3 C:\xampp\htdocs\twinzahra\system\View\View.php(246): include('C:\\xampp\\htdocs...')
#4 C:\xampp\htdocs\twinzahra\system\Common.php(1119): CodeIgniter\View\View->render('v1/products', Array, true)
#5 C:\xampp\htdocs\twinzahra\app\Controllers\V1.php(22): view('v1/products')
#6 C:\xampp\htdocs\twinzahra\system\CodeIgniter.php(922): App\Controllers\v1->products()
#7 C:\xampp\htdocs\twinzahra\system\CodeIgniter.php(408): CodeIgniter\CodeIgniter->runController(Object(App\Controllers\v1))
#8 C:\xampp\htdocs\twinzahra\system\CodeIgniter.php(316): CodeIgniter\CodeIgniter->handleRequest(NULL, Object(Config\Cache), false)
#9 C:\xampp\htdocs\twinzahra\index.php(45): CodeIgniter\CodeIgniter->run()
#10 {main}
CRITICAL - 2020-10-23 00:57:50 --> include(db_connection.php): failed to open stream: No such file or directory
#0 C:\xampp\htdocs\twinzahra\app\Models\Products_Model.php(11): CodeIgniter\Debug\Exceptions->errorHandler(2, 'include(db_conn...', 'C:\\xampp\\htdocs...', 11, Array)
#1 C:\xampp\htdocs\twinzahra\app\Models\Products_Model.php(11): include()
#2 C:\xampp\htdocs\twinzahra\app\Views\v1\products.php(33): Products_Model->__construct()
#3 C:\xampp\htdocs\twinzahra\system\View\View.php(246): include('C:\\xampp\\htdocs...')
#4 C:\xampp\htdocs\twinzahra\system\Common.php(1119): CodeIgniter\View\View->render('v1/products', Array, true)
#5 C:\xampp\htdocs\twinzahra\app\Controllers\V1.php(22): view('v1/products')
#6 C:\xampp\htdocs\twinzahra\system\CodeIgniter.php(922): App\Controllers\v1->products()
#7 C:\xampp\htdocs\twinzahra\system\CodeIgniter.php(408): CodeIgniter\CodeIgniter->runController(Object(App\Controllers\v1))
#8 C:\xampp\htdocs\twinzahra\system\CodeIgniter.php(316): CodeIgniter\CodeIgniter->handleRequest(NULL, Object(Config\Cache), false)
#9 C:\xampp\htdocs\twinzahra\index.php(45): CodeIgniter\CodeIgniter->run()
#10 {main}
CRITICAL - 2020-10-23 00:57:56 --> Undefined variable: conn
#0 C:\xampp\htdocs\twinzahra\app\Models\Products_Model.php(13): CodeIgniter\Debug\Exceptions->errorHandler(8, 'Undefined varia...', 'C:\\xampp\\htdocs...', 13, Array)
#1 C:\xampp\htdocs\twinzahra\app\Views\v1\products.php(33): Products_Model->__construct()
#2 C:\xampp\htdocs\twinzahra\system\View\View.php(246): include('C:\\xampp\\htdocs...')
#3 C:\xampp\htdocs\twinzahra\system\Common.php(1119): CodeIgniter\View\View->render('v1/products', Array, true)
#4 C:\xampp\htdocs\twinzahra\app\Controllers\V1.php(22): view('v1/products')
#5 C:\xampp\htdocs\twinzahra\system\CodeIgniter.php(922): App\Controllers\v1->products()
#6 C:\xampp\htdocs\twinzahra\system\CodeIgniter.php(408): CodeIgniter\CodeIgniter->runController(Object(App\Controllers\v1))
#7 C:\xampp\htdocs\twinzahra\system\CodeIgniter.php(316): CodeIgniter\CodeIgniter->handleRequest(NULL, Object(Config\Cache), false)
#8 C:\xampp\htdocs\twinzahra\index.php(45): CodeIgniter\CodeIgniter->run()
#9 {main}
CRITICAL - 2020-10-23 01:01:59 --> Class 'Products_Model' not found
#0 C:\xampp\htdocs\twinzahra\system\View\View.php(246): include()
#1 C:\xampp\htdocs\twinzahra\system\Common.php(1119): CodeIgniter\View\View->render('v1/products', Array, true)
#2 C:\xampp\htdocs\twinzahra\app\Controllers\V1.php(22): view('v1/products')
#3 C:\xampp\htdocs\twinzahra\system\CodeIgniter.php(922): App\Controllers\v1->products()
#4 C:\xampp\htdocs\twinzahra\system\CodeIgniter.php(408): CodeIgniter\CodeIgniter->runController(Object(App\Controllers\v1))
#5 C:\xampp\htdocs\twinzahra\system\CodeIgniter.php(316): CodeIgniter\CodeIgniter->handleRequest(NULL, Object(Config\Cache), false)
#6 C:\xampp\htdocs\twinzahra\index.php(45): CodeIgniter\CodeIgniter->run()
#7 {main}
CRITICAL - 2020-10-23 01:03:24 --> Undefined index: HTTP_TOKEN
#0 C:\xampp\htdocs\twinzahra\app\Views\v1\products.php(404): CodeIgniter\Debug\Exceptions->errorHandler(8, 'Undefined index...', 'C:\\xampp\\htdocs...', 404, Array)
#1 C:\xampp\htdocs\twinzahra\system\View\View.php(246): include('C:\\xampp\\htdocs...')
#2 C:\xampp\htdocs\twinzahra\system\Common.php(1119): CodeIgniter\View\View->render('v1/products', Array, true)
#3 C:\xampp\htdocs\twinzahra\app\Controllers\V1.php(22): view('v1/products')
#4 C:\xampp\htdocs\twinzahra\system\CodeIgniter.php(922): App\Controllers\v1->products()
#5 C:\xampp\htdocs\twinzahra\system\CodeIgniter.php(408): CodeIgniter\CodeIgniter->runController(Object(App\Controllers\v1))
#6 C:\xampp\htdocs\twinzahra\system\CodeIgniter.php(316): CodeIgniter\CodeIgniter->handleRequest(NULL, Object(Config\Cache), false)
#7 C:\xampp\htdocs\twinzahra\index.php(45): CodeIgniter\CodeIgniter->run()
#8 {main}
CRITICAL - 2020-10-23 01:04:07 --> Undefined property: App\Controllers\Products::$load
#0 C:\xampp\htdocs\twinzahra\app\Controllers\Products.php(13): CodeIgniter\Debug\Exceptions->errorHandler(8, 'Undefined prope...', 'C:\\xampp\\htdocs...', 13, Array)
#1 C:\xampp\htdocs\twinzahra\system\CodeIgniter.php(922): App\Controllers\Products->load_products()
#2 C:\xampp\htdocs\twinzahra\system\CodeIgniter.php(408): CodeIgniter\CodeIgniter->runController(Object(App\Controllers\Products))
#3 C:\xampp\htdocs\twinzahra\system\CodeIgniter.php(316): CodeIgniter\CodeIgniter->handleRequest(NULL, Object(Config\Cache), false)
#4 C:\xampp\htdocs\twinzahra\index.php(45): CodeIgniter\CodeIgniter->run()
#5 {main}
CRITICAL - 2020-10-23 01:04:12 --> Undefined index: HTTP_TOKEN
#0 C:\xampp\htdocs\twinzahra\app\Views\v1\products.php(404): CodeIgniter\Debug\Exceptions->errorHandler(8, 'Undefined index...', 'C:\\xampp\\htdocs...', 404, Array)
#1 C:\xampp\htdocs\twinzahra\system\View\View.php(246): include('C:\\xampp\\htdocs...')
#2 C:\xampp\htdocs\twinzahra\system\Common.php(1119): CodeIgniter\View\View->render('v1/products', Array, true)
#3 C:\xampp\htdocs\twinzahra\app\Controllers\V1.php(22): view('v1/products')
#4 C:\xampp\htdocs\twinzahra\system\CodeIgniter.php(922): App\Controllers\v1->products()
#5 C:\xampp\htdocs\twinzahra\system\CodeIgniter.php(408): CodeIgniter\CodeIgniter->runController(Object(App\Controllers\v1))
#6 C:\xampp\htdocs\twinzahra\system\CodeIgniter.php(316): CodeIgniter\CodeIgniter->handleRequest(NULL, Object(Config\Cache), false)
#7 C:\xampp\htdocs\twinzahra\index.php(45): CodeIgniter\CodeIgniter->run()
#8 {main}
CRITICAL - 2020-10-23 01:07:57 --> Undefined property: App\Controllers\v1::$load
#0 C:\xampp\htdocs\twinzahra\app\Controllers\V1.php(21): CodeIgniter\Debug\Exceptions->errorHandler(8, 'Undefined prope...', 'C:\\xampp\\htdocs...', 21, Array)
#1 C:\xampp\htdocs\twinzahra\system\CodeIgniter.php(922): App\Controllers\v1->products()
#2 C:\xampp\htdocs\twinzahra\system\CodeIgniter.php(408): CodeIgniter\CodeIgniter->runController(Object(App\Controllers\v1))
#3 C:\xampp\htdocs\twinzahra\system\CodeIgniter.php(316): CodeIgniter\CodeIgniter->handleRequest(NULL, Object(Config\Cache), false)
#4 C:\xampp\htdocs\twinzahra\index.php(45): CodeIgniter\CodeIgniter->run()
#5 {main}
CRITICAL - 2020-10-23 01:08:13 --> Undefined index: HTTP_TOKEN
#0 C:\xampp\htdocs\twinzahra\app\Views\v1\products.php(404): CodeIgniter\Debug\Exceptions->errorHandler(8, 'Undefined index...', 'C:\\xampp\\htdocs...', 404, Array)
#1 C:\xampp\htdocs\twinzahra\system\View\View.php(246): include('C:\\xampp\\htdocs...')
#2 C:\xampp\htdocs\twinzahra\system\Common.php(1119): CodeIgniter\View\View->render('v1/products', Array, true)
#3 C:\xampp\htdocs\twinzahra\app\Controllers\V1.php(21): view('v1/products')
#4 C:\xampp\htdocs\twinzahra\system\CodeIgniter.php(922): App\Controllers\v1->products()
#5 C:\xampp\htdocs\twinzahra\system\CodeIgniter.php(408): CodeIgniter\CodeIgniter->runController(Object(App\Controllers\v1))
#6 C:\xampp\htdocs\twinzahra\system\CodeIgniter.php(316): CodeIgniter\CodeIgniter->handleRequest(NULL, Object(Config\Cache), false)
#7 C:\xampp\htdocs\twinzahra\index.php(45): CodeIgniter\CodeIgniter->run()
#8 {main}
CRITICAL - 2020-10-23 01:10:50 --> include(../config/model.php): failed to open stream: No such file or directory
#0 C:\xampp\htdocs\twinzahra\app\Views\v1\products.php(35): CodeIgniter\Debug\Exceptions->errorHandler(2, 'include(../conf...', 'C:\\xampp\\htdocs...', 35, Array)
#1 C:\xampp\htdocs\twinzahra\app\Views\v1\products.php(35): include()
#2 C:\xampp\htdocs\twinzahra\system\View\View.php(246): include('C:\\xampp\\htdocs...')
#3 C:\xampp\htdocs\twinzahra\system\Common.php(1119): CodeIgniter\View\View->render('v1/products', Array, true)
#4 C:\xampp\htdocs\twinzahra\app\Controllers\V1.php(21): view('v1/products')
#5 C:\xampp\htdocs\twinzahra\system\CodeIgniter.php(922): App\Controllers\v1->products()
#6 C:\xampp\htdocs\twinzahra\system\CodeIgniter.php(408): CodeIgniter\CodeIgniter->runController(Object(App\Controllers\v1))
#7 C:\xampp\htdocs\twinzahra\system\CodeIgniter.php(316): CodeIgniter\CodeIgniter->handleRequest(NULL, Object(Config\Cache), false)
#8 C:\xampp\htdocs\twinzahra\index.php(45): CodeIgniter\CodeIgniter->run()
#9 {main}
CRITICAL - 2020-10-23 01:12:25 --> syntax error, unexpected '"'
#0 C:\xampp\htdocs\twinzahra\system\Common.php(1119): CodeIgniter\View\View->render('v1/products', Array, true)
#1 C:\xampp\htdocs\twinzahra\app\Controllers\V1.php(21): view('v1/products')
#2 C:\xampp\htdocs\twinzahra\system\CodeIgniter.php(922): App\Controllers\v1->products()
#3 C:\xampp\htdocs\twinzahra\system\CodeIgniter.php(408): CodeIgniter\CodeIgniter->runController(Object(App\Controllers\v1))
#4 C:\xampp\htdocs\twinzahra\system\CodeIgniter.php(316): CodeIgniter\CodeIgniter->handleRequest(NULL, Object(Config\Cache), false)
#5 C:\xampp\htdocs\twinzahra\index.php(45): CodeIgniter\CodeIgniter->run()
#6 {main}
CRITICAL - 2020-10-23 01:13:10 --> include(): http:// wrapper is disabled in the server configuration by allow_url_include=0
#0 C:\xampp\htdocs\twinzahra\app\Views\v1\products.php(6): CodeIgniter\Debug\Exceptions->errorHandler(2, 'include(): http...', 'C:\\xampp\\htdocs...', 6, Array)
#1 C:\xampp\htdocs\twinzahra\app\Views\v1\products.php(6): include()
#2 C:\xampp\htdocs\twinzahra\system\View\View.php(246): include('C:\\xampp\\htdocs...')
#3 C:\xampp\htdocs\twinzahra\system\Common.php(1119): CodeIgniter\View\View->render('v1/products', Array, true)
#4 C:\xampp\htdocs\twinzahra\app\Controllers\V1.php(21): view('v1/products')
#5 C:\xampp\htdocs\twinzahra\system\CodeIgniter.php(922): App\Controllers\v1->products()
#6 C:\xampp\htdocs\twinzahra\system\CodeIgniter.php(408): CodeIgniter\CodeIgniter->runController(Object(App\Controllers\v1))
#7 C:\xampp\htdocs\twinzahra\system\CodeIgniter.php(316): CodeIgniter\CodeIgniter->handleRequest(NULL, Object(Config\Cache), false)
#8 C:\xampp\htdocs\twinzahra\index.php(45): CodeIgniter\CodeIgniter->run()
#9 {main}
CRITICAL - 2020-10-23 01:14:00 --> include(): http:// wrapper is disabled in the server configuration by allow_url_include=0
#0 C:\xampp\htdocs\twinzahra\app\Views\v1\products.php(37): CodeIgniter\Debug\Exceptions->errorHandler(2, 'include(): http...', 'C:\\xampp\\htdocs...', 37, Array)
#1 C:\xampp\htdocs\twinzahra\app\Views\v1\products.php(37): include()
#2 C:\xampp\htdocs\twinzahra\system\View\View.php(246): include('C:\\xampp\\htdocs...')
#3 C:\xampp\htdocs\twinzahra\system\Common.php(1119): CodeIgniter\View\View->render('v1/products', Array, true)
#4 C:\xampp\htdocs\twinzahra\app\Controllers\V1.php(21): view('v1/products')
#5 C:\xampp\htdocs\twinzahra\system\CodeIgniter.php(922): App\Controllers\v1->products()
#6 C:\xampp\htdocs\twinzahra\system\CodeIgniter.php(408): CodeIgniter\CodeIgniter->runController(Object(App\Controllers\v1))
#7 C:\xampp\htdocs\twinzahra\system\CodeIgniter.php(316): CodeIgniter\CodeIgniter->handleRequest(NULL, Object(Config\Cache), false)
#8 C:\xampp\htdocs\twinzahra\index.php(45): CodeIgniter\CodeIgniter->run()
#9 {main}
CRITICAL - 2020-10-23 01:14:18 --> include(public/models/Products_Model): failed to open stream: No such file or directory
#0 C:\xampp\htdocs\twinzahra\app\Views\v1\products.php(37): CodeIgniter\Debug\Exceptions->errorHandler(2, 'include(public/...', 'C:\\xampp\\htdocs...', 37, Array)
#1 C:\xampp\htdocs\twinzahra\app\Views\v1\products.php(37): include()
#2 C:\xampp\htdocs\twinzahra\system\View\View.php(246): include('C:\\xampp\\htdocs...')
#3 C:\xampp\htdocs\twinzahra\system\Common.php(1119): CodeIgniter\View\View->render('v1/products', Array, true)
#4 C:\xampp\htdocs\twinzahra\app\Controllers\V1.php(21): view('v1/products')
#5 C:\xampp\htdocs\twinzahra\system\CodeIgniter.php(922): App\Controllers\v1->products()
#6 C:\xampp\htdocs\twinzahra\system\CodeIgniter.php(408): CodeIgniter\CodeIgniter->runController(Object(App\Controllers\v1))
#7 C:\xampp\htdocs\twinzahra\system\CodeIgniter.php(316): CodeIgniter\CodeIgniter->handleRequest(NULL, Object(Config\Cache), false)
#8 C:\xampp\htdocs\twinzahra\index.php(45): CodeIgniter\CodeIgniter->run()
#9 {main}
CRITICAL - 2020-10-23 01:14:31 --> include(db_connection.php): failed to open stream: No such file or directory
#0 C:\xampp\htdocs\twinzahra\public\models\Products_Model.php(12): CodeIgniter\Debug\Exceptions->errorHandler(2, 'include(db_conn...', 'C:\\xampp\\htdocs...', 12, Array)
#1 C:\xampp\htdocs\twinzahra\public\models\Products_Model.php(12): include()
#2 C:\xampp\htdocs\twinzahra\app\Views\v1\products.php(39): Products_Model->__construct()
#3 C:\xampp\htdocs\twinzahra\system\View\View.php(246): include('C:\\xampp\\htdocs...')
#4 C:\xampp\htdocs\twinzahra\system\Common.php(1119): CodeIgniter\View\View->render('v1/products', Array, true)
#5 C:\xampp\htdocs\twinzahra\app\Controllers\V1.php(21): view('v1/products')
#6 C:\xampp\htdocs\twinzahra\system\CodeIgniter.php(922): App\Controllers\v1->products()
#7 C:\xampp\htdocs\twinzahra\system\CodeIgniter.php(408): CodeIgniter\CodeIgniter->runController(Object(App\Controllers\v1))
#8 C:\xampp\htdocs\twinzahra\system\CodeIgniter.php(316): CodeIgniter\CodeIgniter->handleRequest(NULL, Object(Config\Cache), false)
#9 C:\xampp\htdocs\twinzahra\index.php(45): CodeIgniter\CodeIgniter->run()
#10 {main}
CRITICAL - 2020-10-23 13:15:15 --> Undefined index: HTTP_TOKEN
#0 C:\xampp\htdocs\twinzahra\app\Views\v1\products.php(410): CodeIgniter\Debug\Exceptions->errorHandler(8, 'Undefined index...', 'C:\\xampp\\htdocs...', 410, Array)
#1 C:\xampp\htdocs\twinzahra\system\View\View.php(246): include('C:\\xampp\\htdocs...')
#2 C:\xampp\htdocs\twinzahra\system\Common.php(1119): CodeIgniter\View\View->render('v1/products', Array, true)
#3 C:\xampp\htdocs\twinzahra\app\Controllers\V1.php(21): view('v1/products')
#4 C:\xampp\htdocs\twinzahra\system\CodeIgniter.php(922): App\Controllers\v1->products()
#5 C:\xampp\htdocs\twinzahra\system\CodeIgniter.php(408): CodeIgniter\CodeIgniter->runController(Object(App\Controllers\v1))
#6 C:\xampp\htdocs\twinzahra\system\CodeIgniter.php(316): CodeIgniter\CodeIgniter->handleRequest(NULL, Object(Config\Cache), false)
#7 C:\xampp\htdocs\twinzahra\index.php(45): CodeIgniter\CodeIgniter->run()
#8 {main}
CRITICAL - 2020-10-23 01:19:58 --> Undefined index: request
#0 C:\xampp\htdocs\twinzahra\app\Views\v1\products.php(31): CodeIgniter\Debug\Exceptions->errorHandler(8, 'Undefined index...', 'C:\\xampp\\htdocs...', 31, Array)
#1 C:\xampp\htdocs\twinzahra\system\View\View.php(246): include('C:\\xampp\\htdocs...')
#2 C:\xampp\htdocs\twinzahra\system\Common.php(1119): CodeIgniter\View\View->render('v1/products', Array, true)
#3 C:\xampp\htdocs\twinzahra\app\Controllers\V1.php(21): view('v1/products')
#4 C:\xampp\htdocs\twinzahra\system\CodeIgniter.php(922): App\Controllers\v1->products()
#5 C:\xampp\htdocs\twinzahra\system\CodeIgniter.php(408): CodeIgniter\CodeIgniter->runController(Object(App\Controllers\v1))
#6 C:\xampp\htdocs\twinzahra\system\CodeIgniter.php(316): CodeIgniter\CodeIgniter->handleRequest(NULL, Object(Config\Cache), false)
#7 C:\xampp\htdocs\twinzahra\index.php(45): CodeIgniter\CodeIgniter->run()
#8 {main}
CRITICAL - 2020-10-23 01:22:58 --> Undefined index: request
#0 C:\xampp\htdocs\twinzahra\app\Views\v1\products.php(31): CodeIgniter\Debug\Exceptions->errorHandler(8, 'Undefined index...', 'C:\\xampp\\htdocs...', 31, Array)
#1 C:\xampp\htdocs\twinzahra\system\View\View.php(246): include('C:\\xampp\\htdocs...')
#2 C:\xampp\htdocs\twinzahra\system\Common.php(1119): CodeIgniter\View\View->render('v1/products', Array, true)
#3 C:\xampp\htdocs\twinzahra\app\Controllers\V1.php(21): view('v1/products')
#4 C:\xampp\htdocs\twinzahra\system\CodeIgniter.php(922): App\Controllers\v1->products()
#5 C:\xampp\htdocs\twinzahra\system\CodeIgniter.php(408): CodeIgniter\CodeIgniter->runController(Object(App\Controllers\v1))
#6 C:\xampp\htdocs\twinzahra\system\CodeIgniter.php(316): CodeIgniter\CodeIgniter->handleRequest(NULL, Object(Config\Cache), false)
#7 C:\xampp\htdocs\twinzahra\index.php(45): CodeIgniter\CodeIgniter->run()
#8 {main}
CRITICAL - 2020-10-23 13:23:13 --> Too few arguments to function Products_Model::getDataProduct(), 5 passed in C:\xampp\htdocs\twinzahra\app\Views\v1\products.php on line 132 and exactly 7 expected
#0 C:\xampp\htdocs\twinzahra\app\Views\v1\products.php(132): Products_Model->getDataProduct(5, 1, 1, 10, NULL)
#1 C:\xampp\htdocs\twinzahra\system\View\View.php(246): include('C:\\xampp\\htdocs...')
#2 C:\xampp\htdocs\twinzahra\system\Common.php(1119): CodeIgniter\View\View->render('v1/products', Array, true)
#3 C:\xampp\htdocs\twinzahra\app\Controllers\V1.php(21): view('v1/products')
#4 C:\xampp\htdocs\twinzahra\system\CodeIgniter.php(922): App\Controllers\v1->products()
#5 C:\xampp\htdocs\twinzahra\system\CodeIgniter.php(408): CodeIgniter\CodeIgniter->runController(Object(App\Controllers\v1))
#6 C:\xampp\htdocs\twinzahra\system\CodeIgniter.php(316): CodeIgniter\CodeIgniter->handleRequest(NULL, Object(Config\Cache), false)
#7 C:\xampp\htdocs\twinzahra\index.php(45): CodeIgniter\CodeIgniter->run()
#8 {main}
CRITICAL - 2020-10-23 13:25:05 --> Too few arguments to function Products_Model::getDataProduct(), 5 passed in C:\xampp\htdocs\twinzahra\app\Views\v1\products.php on line 132 and exactly 7 expected
#0 C:\xampp\htdocs\twinzahra\app\Views\v1\products.php(132): Products_Model->getDataProduct(5, 1, 1, 10, NULL)
#1 C:\xampp\htdocs\twinzahra\system\View\View.php(246): include('C:\\xampp\\htdocs...')
#2 C:\xampp\htdocs\twinzahra\system\Common.php(1119): CodeIgniter\View\View->render('v1/products', Array, true)
#3 C:\xampp\htdocs\twinzahra\app\Controllers\V1.php(21): view('v1/products')
#4 C:\xampp\htdocs\twinzahra\system\CodeIgniter.php(922): App\Controllers\v1->products()
#5 C:\xampp\htdocs\twinzahra\system\CodeIgniter.php(408): CodeIgniter\CodeIgniter->runController(Object(App\Controllers\v1))
#6 C:\xampp\htdocs\twinzahra\system\CodeIgniter.php(316): CodeIgniter\CodeIgniter->handleRequest(NULL, Object(Config\Cache), false)
#7 C:\xampp\htdocs\twinzahra\index.php(45): CodeIgniter\CodeIgniter->run()
#8 {main}
CRITICAL - 2020-10-23 01:28:02 --> Undefined index: request
#0 C:\xampp\htdocs\twinzahra\app\Views\v1\products.php(31): CodeIgniter\Debug\Exceptions->errorHandler(8, 'Undefined index...', 'C:\\xampp\\htdocs...', 31, Array)
#1 C:\xampp\htdocs\twinzahra\system\View\View.php(246): include('C:\\xampp\\htdocs...')
#2 C:\xampp\htdocs\twinzahra\system\Common.php(1119): CodeIgniter\View\View->render('v1/products', Array, true)
#3 C:\xampp\htdocs\twinzahra\app\Controllers\V1.php(21): view('v1/products')
#4 C:\xampp\htdocs\twinzahra\system\CodeIgniter.php(922): App\Controllers\v1->products()
#5 C:\xampp\htdocs\twinzahra\system\CodeIgniter.php(408): CodeIgniter\CodeIgniter->runController(Object(App\Controllers\v1))
#6 C:\xampp\htdocs\twinzahra\system\CodeIgniter.php(316): CodeIgniter\CodeIgniter->handleRequest(NULL, Object(Config\Cache), false)
#7 C:\xampp\htdocs\twinzahra\index.php(45): CodeIgniter\CodeIgniter->run()
#8 {main}
CRITICAL - 2020-10-23 01:28:54 --> Undefined index: request
#0 C:\xampp\htdocs\twinzahra\app\Views\v1\products.php(31): CodeIgniter\Debug\Exceptions->errorHandler(8, 'Undefined index...', 'C:\\xampp\\htdocs...', 31, Array)
#1 C:\xampp\htdocs\twinzahra\system\View\View.php(246): include('C:\\xampp\\htdocs...')
#2 C:\xampp\htdocs\twinzahra\system\Common.php(1119): CodeIgniter\View\View->render('v1/products', Array, true)
#3 C:\xampp\htdocs\twinzahra\app\Controllers\V1.php(21): view('v1/products')
#4 C:\xampp\htdocs\twinzahra\system\CodeIgniter.php(922): App\Controllers\v1->products()
#5 C:\xampp\htdocs\twinzahra\system\CodeIgniter.php(408): CodeIgniter\CodeIgniter->runController(Object(App\Controllers\v1))
#6 C:\xampp\htdocs\twinzahra\system\CodeIgniter.php(316): CodeIgniter\CodeIgniter->handleRequest(NULL, Object(Config\Cache), false)
#7 C:\xampp\htdocs\twinzahra\index.php(45): CodeIgniter\CodeIgniter->run()
#8 {main}
CRITICAL - 2020-10-23 13:31:10 --> Call to undefined method Products_Model::getDataLazada()
#0 C:\xampp\htdocs\twinzahra\system\View\View.php(246): include()
#1 C:\xampp\htdocs\twinzahra\system\Common.php(1119): CodeIgniter\View\View->render('v1/products', Array, true)
#2 C:\xampp\htdocs\twinzahra\app\Controllers\V1.php(21): view('v1/products')
#3 C:\xampp\htdocs\twinzahra\system\CodeIgniter.php(922): App\Controllers\v1->products()
#4 C:\xampp\htdocs\twinzahra\system\CodeIgniter.php(408): CodeIgniter\CodeIgniter->runController(Object(App\Controllers\v1))
#5 C:\xampp\htdocs\twinzahra\system\CodeIgniter.php(316): CodeIgniter\CodeIgniter->handleRequest(NULL, Object(Config\Cache), false)
#6 C:\xampp\htdocs\twinzahra\index.php(45): CodeIgniter\CodeIgniter->run()
#7 {main}
CRITICAL - 2020-10-23 13:31:35 --> Call to undefined method Products_Model::getDataLazada()
#0 C:\xampp\htdocs\twinzahra\system\View\View.php(246): include()
#1 C:\xampp\htdocs\twinzahra\system\Common.php(1119): CodeIgniter\View\View->render('v1/products', Array, true)
#2 C:\xampp\htdocs\twinzahra\app\Controllers\V1.php(21): view('v1/products')
#3 C:\xampp\htdocs\twinzahra\system\CodeIgniter.php(922): App\Controllers\v1->products()
#4 C:\xampp\htdocs\twinzahra\system\CodeIgniter.php(408): CodeIgniter\CodeIgniter->runController(Object(App\Controllers\v1))
#5 C:\xampp\htdocs\twinzahra\system\CodeIgniter.php(316): CodeIgniter\CodeIgniter->handleRequest(NULL, Object(Config\Cache), false)
#6 C:\xampp\htdocs\twinzahra\index.php(45): CodeIgniter\CodeIgniter->run()
#7 {main}
CRITICAL - 2020-10-23 01:31:41 --> syntax error, unexpected ':', expecting ',' or ')'
#0 C:\xampp\htdocs\twinzahra\system\Common.php(1119): CodeIgniter\View\View->render('products/index', Array, true)
#1 C:\xampp\htdocs\twinzahra\app\Controllers\Products.php(7): view('products/index')
#2 C:\xampp\htdocs\twinzahra\system\CodeIgniter.php(922): App\Controllers\Products->index()
#3 C:\xampp\htdocs\twinzahra\system\CodeIgniter.php(408): CodeIgniter\CodeIgniter->runController(Object(App\Controllers\Products))
#4 C:\xampp\htdocs\twinzahra\system\CodeIgniter.php(316): CodeIgniter\CodeIgniter->handleRequest(NULL, Object(Config\Cache), false)
#5 C:\xampp\htdocs\twinzahra\index.php(45): CodeIgniter\CodeIgniter->run()
#6 {main}
CRITICAL - 2020-10-23 01:31:43 --> syntax error, unexpected ':', expecting ',' or ')'
#0 C:\xampp\htdocs\twinzahra\system\Common.php(1119): CodeIgniter\View\View->render('products/index', Array, true)
#1 C:\xampp\htdocs\twinzahra\app\Controllers\Products.php(7): view('products/index')
#2 C:\xampp\htdocs\twinzahra\system\CodeIgniter.php(922): App\Controllers\Products->index()
#3 C:\xampp\htdocs\twinzahra\system\CodeIgniter.php(408): CodeIgniter\CodeIgniter->runController(Object(App\Controllers\Products))
#4 C:\xampp\htdocs\twinzahra\system\CodeIgniter.php(316): CodeIgniter\CodeIgniter->handleRequest(NULL, Object(Config\Cache), false)
#5 C:\xampp\htdocs\twinzahra\index.php(45): CodeIgniter\CodeIgniter->run()
#6 {main}
CRITICAL - 2020-10-23 13:31:59 --> Call to undefined method Products_Model::getDataLazada()
#0 C:\xampp\htdocs\twinzahra\system\View\View.php(246): include()
#1 C:\xampp\htdocs\twinzahra\system\Common.php(1119): CodeIgniter\View\View->render('v1/products', Array, true)
#2 C:\xampp\htdocs\twinzahra\app\Controllers\V1.php(21): view('v1/products')
#3 C:\xampp\htdocs\twinzahra\system\CodeIgniter.php(922): App\Controllers\v1->products()
#4 C:\xampp\htdocs\twinzahra\system\CodeIgniter.php(408): CodeIgniter\CodeIgniter->runController(Object(App\Controllers\v1))
#5 C:\xampp\htdocs\twinzahra\system\CodeIgniter.php(316): CodeIgniter\CodeIgniter->handleRequest(NULL, Object(Config\Cache), false)
#6 C:\xampp\htdocs\twinzahra\index.php(45): CodeIgniter\CodeIgniter->run()
#7 {main}
CRITICAL - 2020-10-23 13:32:02 --> Call to undefined method Products_Model::getDataLazada()
#0 C:\xampp\htdocs\twinzahra\system\View\View.php(246): include()
#1 C:\xampp\htdocs\twinzahra\system\Common.php(1119): CodeIgniter\View\View->render('v1/products', Array, true)
#2 C:\xampp\htdocs\twinzahra\app\Controllers\V1.php(21): view('v1/products')
#3 C:\xampp\htdocs\twinzahra\system\CodeIgniter.php(922): App\Controllers\v1->products()
#4 C:\xampp\htdocs\twinzahra\system\CodeIgniter.php(408): CodeIgniter\CodeIgniter->runController(Object(App\Controllers\v1))
#5 C:\xampp\htdocs\twinzahra\system\CodeIgniter.php(316): CodeIgniter\CodeIgniter->handleRequest(NULL, Object(Config\Cache), false)
#6 C:\xampp\htdocs\twinzahra\index.php(45): CodeIgniter\CodeIgniter->run()
#7 {main}
CRITICAL - 2020-10-23 13:34:35 --> Call to undefined method Products_Model::getConfigLazada()
#0 C:\xampp\htdocs\twinzahra\system\View\View.php(246): include()
#1 C:\xampp\htdocs\twinzahra\system\Common.php(1119): CodeIgniter\View\View->render('v1/products', Array, true)
#2 C:\xampp\htdocs\twinzahra\app\Controllers\V1.php(21): view('v1/products')
#3 C:\xampp\htdocs\twinzahra\system\CodeIgniter.php(922): App\Controllers\v1->products()
#4 C:\xampp\htdocs\twinzahra\system\CodeIgniter.php(408): CodeIgniter\CodeIgniter->runController(Object(App\Controllers\v1))
#5 C:\xampp\htdocs\twinzahra\system\CodeIgniter.php(316): CodeIgniter\CodeIgniter->handleRequest(NULL, Object(Config\Cache), false)
#6 C:\xampp\htdocs\twinzahra\index.php(45): CodeIgniter\CodeIgniter->run()
#7 {main}
CRITICAL - 2020-10-23 13:34:45 --> Call to undefined method Products_Model::getProductIDByUserID()
#0 C:\xampp\htdocs\twinzahra\system\View\View.php(246): include()
#1 C:\xampp\htdocs\twinzahra\system\Common.php(1119): CodeIgniter\View\View->render('v1/products', Array, true)
#2 C:\xampp\htdocs\twinzahra\app\Controllers\V1.php(21): view('v1/products')
#3 C:\xampp\htdocs\twinzahra\system\CodeIgniter.php(922): App\Controllers\v1->products()
#4 C:\xampp\htdocs\twinzahra\system\CodeIgniter.php(408): CodeIgniter\CodeIgniter->runController(Object(App\Controllers\v1))
#5 C:\xampp\htdocs\twinzahra\system\CodeIgniter.php(316): CodeIgniter\CodeIgniter->handleRequest(NULL, Object(Config\Cache), false)
#6 C:\xampp\htdocs\twinzahra\index.php(45): CodeIgniter\CodeIgniter->run()
#7 {main}
CRITICAL - 2020-10-23 13:36:53 --> mysqli_num_rows() expects parameter 1 to be mysqli_result, boolean given
#0 [internal function]: CodeIgniter\Debug\Exceptions->errorHandler(2, 'mysqli_num_rows...', 'C:\\xampp\\htdocs...', 185, Array)
#1 C:\xampp\htdocs\twinzahra\public\models\Products_Model.php(185): mysqli_num_rows(false)
#2 C:\xampp\htdocs\twinzahra\app\Views\v1\products.php(477): Products_Model->getProductItem(5, '12')
#3 C:\xampp\htdocs\twinzahra\system\View\View.php(246): include('C:\\xampp\\htdocs...')
#4 C:\xampp\htdocs\twinzahra\system\Common.php(1119): CodeIgniter\View\View->render('v1/products', Array, true)
#5 C:\xampp\htdocs\twinzahra\app\Controllers\V1.php(21): view('v1/products')
#6 C:\xampp\htdocs\twinzahra\system\CodeIgniter.php(922): App\Controllers\v1->products()
#7 C:\xampp\htdocs\twinzahra\system\CodeIgniter.php(408): CodeIgniter\CodeIgniter->runController(Object(App\Controllers\v1))
#8 C:\xampp\htdocs\twinzahra\system\CodeIgniter.php(316): CodeIgniter\CodeIgniter->handleRequest(NULL, Object(Config\Cache), false)
#9 C:\xampp\htdocs\twinzahra\index.php(45): CodeIgniter\CodeIgniter->run()
#10 {main}
CRITICAL - 2020-10-23 13:38:13 --> Undefined index: PriceSale
#0 C:\xampp\htdocs\twinzahra\app\Views\v1\products.php(488): CodeIgniter\Debug\Exceptions->errorHandler(8, 'Undefined index...', 'C:\\xampp\\htdocs...', 488, Array)
#1 C:\xampp\htdocs\twinzahra\system\View\View.php(246): include('C:\\xampp\\htdocs...')
#2 C:\xampp\htdocs\twinzahra\system\Common.php(1119): CodeIgniter\View\View->render('v1/products', Array, true)
#3 C:\xampp\htdocs\twinzahra\app\Controllers\V1.php(21): view('v1/products')
#4 C:\xampp\htdocs\twinzahra\system\CodeIgniter.php(922): App\Controllers\v1->products()
#5 C:\xampp\htdocs\twinzahra\system\CodeIgniter.php(408): CodeIgniter\CodeIgniter->runController(Object(App\Controllers\v1))
#6 C:\xampp\htdocs\twinzahra\system\CodeIgniter.php(316): CodeIgniter\CodeIgniter->handleRequest(NULL, Object(Config\Cache), false)
#7 C:\xampp\htdocs\twinzahra\index.php(45): CodeIgniter\CodeIgniter->run()
#8 {main}
CRITICAL - 2020-10-23 13:38:31 --> Undefined property: stdClass::$message
#0 C:\xampp\htdocs\twinzahra\app\Views\v1\products.php(513): CodeIgniter\Debug\Exceptions->errorHandler(8, 'Undefined prope...', 'C:\\xampp\\htdocs...', 513, Array)
#1 C:\xampp\htdocs\twinzahra\system\View\View.php(246): include('C:\\xampp\\htdocs...')
#2 C:\xampp\htdocs\twinzahra\system\Common.php(1119): CodeIgniter\View\View->render('v1/products', Array, true)
#3 C:\xampp\htdocs\twinzahra\app\Controllers\V1.php(21): view('v1/products')
#4 C:\xampp\htdocs\twinzahra\system\CodeIgniter.php(922): App\Controllers\v1->products()
#5 C:\xampp\htdocs\twinzahra\system\CodeIgniter.php(408): CodeIgniter\CodeIgniter->runController(Object(App\Controllers\v1))
#6 C:\xampp\htdocs\twinzahra\system\CodeIgniter.php(316): CodeIgniter\CodeIgniter->handleRequest(NULL, Object(Config\Cache), false)
#7 C:\xampp\htdocs\twinzahra\index.php(45): CodeIgniter\CodeIgniter->run()
#8 {main}
CRITICAL - 2020-10-23 01:41:45 --> syntax error, unexpected 'else' (T_ELSE)
#0 C:\xampp\htdocs\twinzahra\system\Common.php(1119): CodeIgniter\View\View->render('v1/products', Array, true)
#1 C:\xampp\htdocs\twinzahra\app\Controllers\V1.php(21): view('v1/products')
#2 C:\xampp\htdocs\twinzahra\system\CodeIgniter.php(922): App\Controllers\v1->products()
#3 C:\xampp\htdocs\twinzahra\system\CodeIgniter.php(408): CodeIgniter\CodeIgniter->runController(Object(App\Controllers\v1))
#4 C:\xampp\htdocs\twinzahra\system\CodeIgniter.php(316): CodeIgniter\CodeIgniter->handleRequest(NULL, Object(Config\Cache), false)
#5 C:\xampp\htdocs\twinzahra\index.php(45): CodeIgniter\CodeIgniter->run()
#6 {main}
CRITICAL - 2020-10-23 01:42:28 --> syntax error, unexpected end of file
#0 C:\xampp\htdocs\twinzahra\system\Common.php(1119): CodeIgniter\View\View->render('v1/products', Array, true)
#1 C:\xampp\htdocs\twinzahra\app\Controllers\V1.php(21): view('v1/products')
#2 C:\xampp\htdocs\twinzahra\system\CodeIgniter.php(922): App\Controllers\v1->products()
#3 C:\xampp\htdocs\twinzahra\system\CodeIgniter.php(408): CodeIgniter\CodeIgniter->runController(Object(App\Controllers\v1))
#4 C:\xampp\htdocs\twinzahra\system\CodeIgniter.php(316): CodeIgniter\CodeIgniter->handleRequest(NULL, Object(Config\Cache), false)
#5 C:\xampp\htdocs\twinzahra\index.php(45): CodeIgniter\CodeIgniter->run()
#6 {main}
CRITICAL - 2020-10-23 13:43:52 --> Call to undefined method Products_Model::getDataLazada()
#0 C:\xampp\htdocs\twinzahra\system\View\View.php(246): include()
#1 C:\xampp\htdocs\twinzahra\system\Common.php(1119): CodeIgniter\View\View->render('v1/products', Array, true)
#2 C:\xampp\htdocs\twinzahra\app\Controllers\V1.php(21): view('v1/products')
#3 C:\xampp\htdocs\twinzahra\system\CodeIgniter.php(922): App\Controllers\v1->products()
#4 C:\xampp\htdocs\twinzahra\system\CodeIgniter.php(408): CodeIgniter\CodeIgniter->runController(Object(App\Controllers\v1))
#5 C:\xampp\htdocs\twinzahra\system\CodeIgniter.php(316): CodeIgniter\CodeIgniter->handleRequest(NULL, Object(Config\Cache), false)
#6 C:\xampp\htdocs\twinzahra\index.php(45): CodeIgniter\CodeIgniter->run()
#7 {main}
CRITICAL - 2020-10-23 13:45:21 --> Call to undefined method Products_Model::getDataLazada()
#0 C:\xampp\htdocs\twinzahra\system\View\View.php(246): include()
#1 C:\xampp\htdocs\twinzahra\system\Common.php(1119): CodeIgniter\View\View->render('v1/products', Array, true)
#2 C:\xampp\htdocs\twinzahra\app\Controllers\V1.php(21): view('v1/products')
#3 C:\xampp\htdocs\twinzahra\system\CodeIgniter.php(922): App\Controllers\v1->products()
#4 C:\xampp\htdocs\twinzahra\system\CodeIgniter.php(408): CodeIgniter\CodeIgniter->runController(Object(App\Controllers\v1))
#5 C:\xampp\htdocs\twinzahra\system\CodeIgniter.php(316): CodeIgniter\CodeIgniter->handleRequest(NULL, Object(Config\Cache), false)
#6 C:\xampp\htdocs\twinzahra\index.php(45): CodeIgniter\CodeIgniter->run()
#7 {main}
