CRITICAL - 2020-10-21 00:40:00 --> Invalid file: {0}
#0 C:\xampp\htdocs\twinzahra\system\View\View.php(228): CodeIgniter\Exceptions\FrameworkException::forInvalidFile('include/header....')
#1 C:\xampp\htdocs\twinzahra\system\View\View.php(525): CodeIgniter\View\View->render('include/header', NULL, true)
#2 C:\xampp\htdocs\twinzahra\app\Views\index.php(3): CodeIgniter\View\View->include('include/header')
#3 C:\xampp\htdocs\twinzahra\system\View\View.php(246): include('C:\\xampp\\htdocs...')
#4 C:\xampp\htdocs\twinzahra\system\Common.php(1119): CodeIgniter\View\View->render('index', Array, true)
#5 C:\xampp\htdocs\twinzahra\app\Controllers\Home.php(7): view('index')
#6 C:\xampp\htdocs\twinzahra\system\CodeIgniter.php(922): App\Controllers\Home->index()
#7 C:\xampp\htdocs\twinzahra\system\CodeIgniter.php(408): CodeIgniter\CodeIgniter->runController(Object(App\Controllers\Home))
#8 C:\xampp\htdocs\twinzahra\system\CodeIgniter.php(316): CodeIgniter\CodeIgniter->handleRequest(NULL, Object(Config\Cache), false)
#9 C:\xampp\htdocs\twinzahra\public\index.php(45): CodeIgniter\CodeIgniter->run()
#10 {main}
CRITICAL - 2020-10-21 00:42:00 --> Invalid file: {0}
#0 C:\xampp\htdocs\twinzahra\system\View\View.php(228): CodeIgniter\Exceptions\FrameworkException::forInvalidFile('include/header....')
#1 C:\xampp\htdocs\twinzahra\system\View\View.php(525): CodeIgniter\View\View->render('include/header', NULL, true)
#2 C:\xampp\htdocs\twinzahra\app\Views\index.php(3): CodeIgniter\View\View->include('include/header')
#3 C:\xampp\htdocs\twinzahra\system\View\View.php(246): include('C:\\xampp\\htdocs...')
#4 C:\xampp\htdocs\twinzahra\system\Common.php(1119): CodeIgniter\View\View->render('index', Array, true)
#5 C:\xampp\htdocs\twinzahra\app\Controllers\Home.php(7): view('index')
#6 C:\xampp\htdocs\twinzahra\system\CodeIgniter.php(922): App\Controllers\Home->index()
#7 C:\xampp\htdocs\twinzahra\system\CodeIgniter.php(408): CodeIgniter\CodeIgniter->runController(Object(App\Controllers\Home))
#8 C:\xampp\htdocs\twinzahra\system\CodeIgniter.php(316): CodeIgniter\CodeIgniter->handleRequest(NULL, Object(Config\Cache), false)
#9 C:\xampp\htdocs\twinzahra\public\index.php(45): CodeIgniter\CodeIgniter->run()
#10 {main}
CRITICAL - 2020-10-21 00:42:27 --> include(include/header): failed to open stream: No such file or directory
#0 C:\xampp\htdocs\twinzahra\app\Views\index.php(2): CodeIgniter\Debug\Exceptions->errorHandler(2, 'include(include...', 'C:\\xampp\\htdocs...', 2, Array)
#1 C:\xampp\htdocs\twinzahra\app\Views\index.php(2): include()
#2 C:\xampp\htdocs\twinzahra\system\View\View.php(246): include('C:\\xampp\\htdocs...')
#3 C:\xampp\htdocs\twinzahra\system\Common.php(1119): CodeIgniter\View\View->render('index', Array, true)
#4 C:\xampp\htdocs\twinzahra\app\Controllers\Home.php(7): view('index')
#5 C:\xampp\htdocs\twinzahra\system\CodeIgniter.php(922): App\Controllers\Home->index()
#6 C:\xampp\htdocs\twinzahra\system\CodeIgniter.php(408): CodeIgniter\CodeIgniter->runController(Object(App\Controllers\Home))
#7 C:\xampp\htdocs\twinzahra\system\CodeIgniter.php(316): CodeIgniter\CodeIgniter->handleRequest(NULL, Object(Config\Cache), false)
#8 C:\xampp\htdocs\twinzahra\public\index.php(45): CodeIgniter\CodeIgniter->run()
#9 {main}
CRITICAL - 2020-10-21 00:42:41 --> syntax error, unexpected '->' (T_OBJECT_OPERATOR)
#0 C:\xampp\htdocs\twinzahra\system\Common.php(1119): CodeIgniter\View\View->render('index', Array, true)
#1 C:\xampp\htdocs\twinzahra\app\Controllers\Home.php(7): view('index')
#2 C:\xampp\htdocs\twinzahra\system\CodeIgniter.php(922): App\Controllers\Home->index()
#3 C:\xampp\htdocs\twinzahra\system\CodeIgniter.php(408): CodeIgniter\CodeIgniter->runController(Object(App\Controllers\Home))
#4 C:\xampp\htdocs\twinzahra\system\CodeIgniter.php(316): CodeIgniter\CodeIgniter->handleRequest(NULL, Object(Config\Cache), false)
#5 C:\xampp\htdocs\twinzahra\public\index.php(45): CodeIgniter\CodeIgniter->run()
#6 {main}
CRITICAL - 2020-10-21 00:44:23 --> syntax error, unexpected '->' (T_OBJECT_OPERATOR)
#0 C:\xampp\htdocs\twinzahra\system\Common.php(1119): CodeIgniter\View\View->render('index', Array, true)
#1 C:\xampp\htdocs\twinzahra\app\Controllers\Home.php(7): view('index')
#2 C:\xampp\htdocs\twinzahra\system\CodeIgniter.php(922): App\Controllers\Home->index()
#3 C:\xampp\htdocs\twinzahra\system\CodeIgniter.php(408): CodeIgniter\CodeIgniter->runController(Object(App\Controllers\Home))
#4 C:\xampp\htdocs\twinzahra\system\CodeIgniter.php(316): CodeIgniter\CodeIgniter->handleRequest(NULL, Object(Config\Cache), false)
#5 C:\xampp\htdocs\twinzahra\public\index.php(45): CodeIgniter\CodeIgniter->run()
#6 {main}
CRITICAL - 2020-10-21 00:44:33 --> include(include/head): failed to open stream: No such file or directory
#0 C:\xampp\htdocs\twinzahra\app\Views\index.php(2): CodeIgniter\Debug\Exceptions->errorHandler(2, 'include(include...', 'C:\\xampp\\htdocs...', 2, Array)
#1 C:\xampp\htdocs\twinzahra\app\Views\index.php(2): include()
#2 C:\xampp\htdocs\twinzahra\system\View\View.php(246): include('C:\\xampp\\htdocs...')
#3 C:\xampp\htdocs\twinzahra\system\Common.php(1119): CodeIgniter\View\View->render('index', Array, true)
#4 C:\xampp\htdocs\twinzahra\app\Controllers\Home.php(7): view('index')
#5 C:\xampp\htdocs\twinzahra\system\CodeIgniter.php(922): App\Controllers\Home->index()
#6 C:\xampp\htdocs\twinzahra\system\CodeIgniter.php(408): CodeIgniter\CodeIgniter->runController(Object(App\Controllers\Home))
#7 C:\xampp\htdocs\twinzahra\system\CodeIgniter.php(316): CodeIgniter\CodeIgniter->handleRequest(NULL, Object(Config\Cache), false)
#8 C:\xampp\htdocs\twinzahra\public\index.php(45): CodeIgniter\CodeIgniter->run()
#9 {main}
CRITICAL - 2020-10-21 00:45:27 --> include(include/head): failed to open stream: No such file or directory
#0 C:\xampp\htdocs\twinzahra\app\Views\index.php(2): CodeIgniter\Debug\Exceptions->errorHandler(2, 'include(include...', 'C:\\xampp\\htdocs...', 2, Array)
#1 C:\xampp\htdocs\twinzahra\app\Views\index.php(2): include()
#2 C:\xampp\htdocs\twinzahra\system\View\View.php(246): include('C:\\xampp\\htdocs...')
#3 C:\xampp\htdocs\twinzahra\system\Common.php(1119): CodeIgniter\View\View->render('index', Array, true)
#4 C:\xampp\htdocs\twinzahra\app\Controllers\Home.php(7): view('index')
#5 C:\xampp\htdocs\twinzahra\system\CodeIgniter.php(922): App\Controllers\Home->index()
#6 C:\xampp\htdocs\twinzahra\system\CodeIgniter.php(408): CodeIgniter\CodeIgniter->runController(Object(App\Controllers\Home))
#7 C:\xampp\htdocs\twinzahra\system\CodeIgniter.php(316): CodeIgniter\CodeIgniter->handleRequest(NULL, Object(Config\Cache), false)
#8 C:\xampp\htdocs\twinzahra\public\index.php(45): CodeIgniter\CodeIgniter->run()
#9 {main}
CRITICAL - 2020-10-21 01:02:00 --> Call to undefined function config_item()
#0 C:\xampp\htdocs\twinzahra\system\View\View.php(246): include()
#1 C:\xampp\htdocs\twinzahra\system\View\View.php(525): CodeIgniter\View\View->render('slidebar', NULL, true)
#2 C:\xampp\htdocs\twinzahra\app\Views\layout.php(2): CodeIgniter\View\View->include('slidebar')
#3 C:\xampp\htdocs\twinzahra\system\View\View.php(246): include('C:\\xampp\\htdocs...')
#4 C:\xampp\htdocs\twinzahra\system\Common.php(1119): CodeIgniter\View\View->render('layout', Array, true)
#5 C:\xampp\htdocs\twinzahra\app\Controllers\Home.php(7): view('layout')
#6 C:\xampp\htdocs\twinzahra\system\CodeIgniter.php(922): App\Controllers\Home->index()
#7 C:\xampp\htdocs\twinzahra\system\CodeIgniter.php(408): CodeIgniter\CodeIgniter->runController(Object(App\Controllers\Home))
#8 C:\xampp\htdocs\twinzahra\system\CodeIgniter.php(316): CodeIgniter\CodeIgniter->handleRequest(NULL, Object(Config\Cache), false)
#9 C:\xampp\htdocs\twinzahra\public\index.php(45): CodeIgniter\CodeIgniter->run()
#10 {main}
CRITICAL - 2020-10-21 01:46:14 --> syntax error, unexpected ''products/products/index) ?>" ' (T_ENCAPSED_AND_WHITESPACE)
#0 C:\xampp\htdocs\twinzahra\system\View\View.php(525): CodeIgniter\View\View->render('navbar', NULL, true)
#1 C:\xampp\htdocs\twinzahra\app\Views\layout.php(157): CodeIgniter\View\View->include('navbar')
#2 C:\xampp\htdocs\twinzahra\system\View\View.php(246): include('C:\\xampp\\htdocs...')
#3 C:\xampp\htdocs\twinzahra\system\View\View.php(257): CodeIgniter\View\View->render('layout', Array, true)
#4 C:\xampp\htdocs\twinzahra\system\Common.php(1119): CodeIgniter\View\View->render('page', Array, true)
#5 C:\xampp\htdocs\twinzahra\app\Controllers\Home.php(7): view('page')
#6 C:\xampp\htdocs\twinzahra\system\CodeIgniter.php(922): App\Controllers\Home->index()
#7 C:\xampp\htdocs\twinzahra\system\CodeIgniter.php(408): CodeIgniter\CodeIgniter->runController(Object(App\Controllers\Home))
#8 C:\xampp\htdocs\twinzahra\system\CodeIgniter.php(316): CodeIgniter\CodeIgniter->handleRequest(NULL, Object(Config\Cache), false)
#9 C:\xampp\htdocs\twinzahra\public\index.php(45): CodeIgniter\CodeIgniter->run()
#10 {main}
CRITICAL - 2020-10-21 01:46:27 --> include(../config/db_connection.php): failed to open stream: No such file or directory
#0 C:\xampp\htdocs\twinzahra\app\Views\products\index.php(6): CodeIgniter\Debug\Exceptions->errorHandler(2, 'include(../conf...', 'C:\\xampp\\htdocs...', 6, Array)
#1 C:\xampp\htdocs\twinzahra\app\Views\products\index.php(6): include()
#2 C:\xampp\htdocs\twinzahra\system\View\View.php(246): include('C:\\xampp\\htdocs...')
#3 C:\xampp\htdocs\twinzahra\system\Common.php(1119): CodeIgniter\View\View->render('products/index', Array, true)
#4 C:\xampp\htdocs\twinzahra\app\Controllers\Products.php(7): view('products/index')
#5 C:\xampp\htdocs\twinzahra\system\CodeIgniter.php(922): App\Controllers\Products->products('index')
#6 C:\xampp\htdocs\twinzahra\system\CodeIgniter.php(408): CodeIgniter\CodeIgniter->runController(Object(App\Controllers\Products))
#7 C:\xampp\htdocs\twinzahra\system\CodeIgniter.php(316): CodeIgniter\CodeIgniter->handleRequest(NULL, Object(Config\Cache), false)
#8 C:\xampp\htdocs\twinzahra\public\index.php(45): CodeIgniter\CodeIgniter->run()
#9 {main}
CRITICAL - 2020-10-21 01:47:31 --> include(../config/db_connection.php): failed to open stream: No such file or directory
#0 C:\xampp\htdocs\twinzahra\app\Views\products\index.php(6): CodeIgniter\Debug\Exceptions->errorHandler(2, 'include(../conf...', 'C:\\xampp\\htdocs...', 6, Array)
#1 C:\xampp\htdocs\twinzahra\app\Views\products\index.php(6): include()
#2 C:\xampp\htdocs\twinzahra\system\View\View.php(246): include('C:\\xampp\\htdocs...')
#3 C:\xampp\htdocs\twinzahra\system\Common.php(1119): CodeIgniter\View\View->render('products/index', Array, true)
#4 C:\xampp\htdocs\twinzahra\app\Controllers\Products.php(7): view('products/index')
#5 C:\xampp\htdocs\twinzahra\system\CodeIgniter.php(922): App\Controllers\Products->products()
#6 C:\xampp\htdocs\twinzahra\system\CodeIgniter.php(408): CodeIgniter\CodeIgniter->runController(Object(App\Controllers\Products))
#7 C:\xampp\htdocs\twinzahra\system\CodeIgniter.php(316): CodeIgniter\CodeIgniter->handleRequest(NULL, Object(Config\Cache), false)
#8 C:\xampp\htdocs\twinzahra\public\index.php(45): CodeIgniter\CodeIgniter->run()
#9 {main}
CRITICAL - 2020-10-21 01:52:10 --> include(../config/db_connection.php): failed to open stream: No such file or directory
#0 C:\xampp\htdocs\twinzahra\app\Views\products.php(6): CodeIgniter\Debug\Exceptions->errorHandler(2, 'include(../conf...', 'C:\\xampp\\htdocs...', 6, Array)
#1 C:\xampp\htdocs\twinzahra\app\Views\products.php(6): include()
#2 C:\xampp\htdocs\twinzahra\system\View\View.php(246): include('C:\\xampp\\htdocs...')
#3 C:\xampp\htdocs\twinzahra\system\Common.php(1119): CodeIgniter\View\View->render('products', Array, true)
#4 C:\xampp\htdocs\twinzahra\app\Controllers\Products.php(7): view('products')
#5 C:\xampp\htdocs\twinzahra\system\CodeIgniter.php(922): App\Controllers\Products->index()
#6 C:\xampp\htdocs\twinzahra\system\CodeIgniter.php(408): CodeIgniter\CodeIgniter->runController(Object(App\Controllers\Products))
#7 C:\xampp\htdocs\twinzahra\system\CodeIgniter.php(316): CodeIgniter\CodeIgniter->handleRequest(NULL, Object(Config\Cache), false)
#8 C:\xampp\htdocs\twinzahra\public\index.php(45): CodeIgniter\CodeIgniter->run()
#9 {main}
CRITICAL - 2020-10-21 01:52:15 --> include(../config/db_connection.php): failed to open stream: No such file or directory
#0 C:\xampp\htdocs\twinzahra\app\Views\products.php(6): CodeIgniter\Debug\Exceptions->errorHandler(2, 'include(../conf...', 'C:\\xampp\\htdocs...', 6, Array)
#1 C:\xampp\htdocs\twinzahra\app\Views\products.php(6): include()
#2 C:\xampp\htdocs\twinzahra\system\View\View.php(246): include('C:\\xampp\\htdocs...')
#3 C:\xampp\htdocs\twinzahra\system\Common.php(1119): CodeIgniter\View\View->render('products', Array, true)
#4 C:\xampp\htdocs\twinzahra\app\Controllers\Products.php(7): view('products')
#5 C:\xampp\htdocs\twinzahra\system\CodeIgniter.php(922): App\Controllers\Products->index()
#6 C:\xampp\htdocs\twinzahra\system\CodeIgniter.php(408): CodeIgniter\CodeIgniter->runController(Object(App\Controllers\Products))
#7 C:\xampp\htdocs\twinzahra\system\CodeIgniter.php(316): CodeIgniter\CodeIgniter->handleRequest(NULL, Object(Config\Cache), false)
#8 C:\xampp\htdocs\twinzahra\public\index.php(45): CodeIgniter\CodeIgniter->run()
#9 {main}
CRITICAL - 2020-10-21 01:52:32 --> include(../config/db_connection.php): failed to open stream: No such file or directory
#0 C:\xampp\htdocs\twinzahra\app\Views\products.php(6): CodeIgniter\Debug\Exceptions->errorHandler(2, 'include(../conf...', 'C:\\xampp\\htdocs...', 6, Array)
#1 C:\xampp\htdocs\twinzahra\app\Views\products.php(6): include()
#2 C:\xampp\htdocs\twinzahra\system\View\View.php(246): include('C:\\xampp\\htdocs...')
#3 C:\xampp\htdocs\twinzahra\system\Common.php(1119): CodeIgniter\View\View->render('products', Array, true)
#4 C:\xampp\htdocs\twinzahra\app\Controllers\Products.php(7): view('products')
#5 C:\xampp\htdocs\twinzahra\system\CodeIgniter.php(922): App\Controllers\Products->index()
#6 C:\xampp\htdocs\twinzahra\system\CodeIgniter.php(408): CodeIgniter\CodeIgniter->runController(Object(App\Controllers\Products))
#7 C:\xampp\htdocs\twinzahra\system\CodeIgniter.php(316): CodeIgniter\CodeIgniter->handleRequest(NULL, Object(Config\Cache), false)
#8 C:\xampp\htdocs\twinzahra\public\index.php(45): CodeIgniter\CodeIgniter->run()
#9 {main}
CRITICAL - 2020-10-21 01:52:56 --> CodeIgniter\View\View::main(): Failed opening required '../include/modal/index.php' (include_path='C:\xampp\php\PEAR')
#0 [internal function]: CodeIgniter\Debug\Exceptions->shutdownHandler()
#1 {main}
CRITICAL - 2020-10-21 01:54:58 --> syntax error, unexpected '}', expecting end of file
#0 C:\xampp\htdocs\twinzahra\system\Common.php(1119): CodeIgniter\View\View->render('products', Array, true)
#1 C:\xampp\htdocs\twinzahra\app\Controllers\Products.php(7): view('products')
#2 C:\xampp\htdocs\twinzahra\system\CodeIgniter.php(922): App\Controllers\Products->index()
#3 C:\xampp\htdocs\twinzahra\system\CodeIgniter.php(408): CodeIgniter\CodeIgniter->runController(Object(App\Controllers\Products))
#4 C:\xampp\htdocs\twinzahra\system\CodeIgniter.php(316): CodeIgniter\CodeIgniter->handleRequest(NULL, Object(Config\Cache), false)
#5 C:\xampp\htdocs\twinzahra\public\index.php(45): CodeIgniter\CodeIgniter->run()
#6 {main}
CRITICAL - 2020-10-21 11:33:15 --> syntax error, unexpected '?'
#0 C:\xampp\htdocs\twinzahra\system\View\View.php(257): CodeIgniter\View\View->render('layout', Array, true)
#1 C:\xampp\htdocs\twinzahra\system\Common.php(1119): CodeIgniter\View\View->render('page', Array, true)
#2 C:\xampp\htdocs\twinzahra\app\Controllers\Home.php(7): view('page')
#3 C:\xampp\htdocs\twinzahra\system\CodeIgniter.php(922): App\Controllers\Home->index()
#4 C:\xampp\htdocs\twinzahra\system\CodeIgniter.php(408): CodeIgniter\CodeIgniter->runController(Object(App\Controllers\Home))
#5 C:\xampp\htdocs\twinzahra\system\CodeIgniter.php(316): CodeIgniter\CodeIgniter->handleRequest(NULL, Object(Config\Cache), false)
#6 C:\xampp\htdocs\twinzahra\index.php(45): CodeIgniter\CodeIgniter->run()
#7 {main}
CRITICAL - 2020-10-21 12:49:07 --> include(../config/db_connection.php): failed to open stream: No such file or directory
#0 C:\xampp\htdocs\twinzahra\app\Views\products\index.php(6): CodeIgniter\Debug\Exceptions->errorHandler(2, 'include(../conf...', 'C:\\xampp\\htdocs...', 6, Array)
#1 C:\xampp\htdocs\twinzahra\app\Views\products\index.php(6): include()
#2 C:\xampp\htdocs\twinzahra\system\View\View.php(246): include('C:\\xampp\\htdocs...')
#3 C:\xampp\htdocs\twinzahra\system\Common.php(1119): CodeIgniter\View\View->render('products/index', Array, true)
#4 C:\xampp\htdocs\twinzahra\app\Controllers\Products.php(7): view('products/index')
#5 C:\xampp\htdocs\twinzahra\system\CodeIgniter.php(922): App\Controllers\Products->index()
#6 C:\xampp\htdocs\twinzahra\system\CodeIgniter.php(408): CodeIgniter\CodeIgniter->runController(Object(App\Controllers\Products))
#7 C:\xampp\htdocs\twinzahra\system\CodeIgniter.php(316): CodeIgniter\CodeIgniter->handleRequest(NULL, Object(Config\Cache), false)
#8 C:\xampp\htdocs\twinzahra\index.php(45): CodeIgniter\CodeIgniter->run()
#9 {main}
CRITICAL - 2020-10-21 12:49:22 --> CodeIgniter\View\View::main(): Failed opening required '../include/modal/index.php' (include_path='C:\xampp\php\PEAR')
#0 [internal function]: CodeIgniter\Debug\Exceptions->shutdownHandler()
#1 {main}
CRITICAL - 2020-10-21 12:50:22 --> syntax error, unexpected '<', expecting end of file
#0 C:\xampp\htdocs\twinzahra\system\Common.php(1119): CodeIgniter\View\View->render('products/index', Array, true)
#1 C:\xampp\htdocs\twinzahra\app\Controllers\Products.php(7): view('products/index')
#2 C:\xampp\htdocs\twinzahra\system\CodeIgniter.php(922): App\Controllers\Products->index()
#3 C:\xampp\htdocs\twinzahra\system\CodeIgniter.php(408): CodeIgniter\CodeIgniter->runController(Object(App\Controllers\Products))
#4 C:\xampp\htdocs\twinzahra\system\CodeIgniter.php(316): CodeIgniter\CodeIgniter->handleRequest(NULL, Object(Config\Cache), false)
#5 C:\xampp\htdocs\twinzahra\index.php(45): CodeIgniter\CodeIgniter->run()
#6 {main}
CRITICAL - 2020-10-21 12:50:43 --> syntax error, unexpected '}', expecting end of file
#0 C:\xampp\htdocs\twinzahra\system\Common.php(1119): CodeIgniter\View\View->render('products/index', Array, true)
#1 C:\xampp\htdocs\twinzahra\app\Controllers\Products.php(7): view('products/index')
#2 C:\xampp\htdocs\twinzahra\system\CodeIgniter.php(922): App\Controllers\Products->index()
#3 C:\xampp\htdocs\twinzahra\system\CodeIgniter.php(408): CodeIgniter\CodeIgniter->runController(Object(App\Controllers\Products))
#4 C:\xampp\htdocs\twinzahra\system\CodeIgniter.php(316): CodeIgniter\CodeIgniter->handleRequest(NULL, Object(Config\Cache), false)
#5 C:\xampp\htdocs\twinzahra\index.php(45): CodeIgniter\CodeIgniter->run()
#6 {main}
CRITICAL - 2020-10-21 13:18:33 --> Undefined property: CodeIgniter\View\View::$load
#0 C:\xampp\htdocs\twinzahra\app\Views\products\index.php(58): CodeIgniter\Debug\Exceptions->errorHandler(8, 'Undefined prope...', 'C:\\xampp\\htdocs...', 58, Array)
#1 C:\xampp\htdocs\twinzahra\system\View\View.php(246): include('C:\\xampp\\htdocs...')
#2 C:\xampp\htdocs\twinzahra\system\Common.php(1119): CodeIgniter\View\View->render('products/index', Array, true)
#3 C:\xampp\htdocs\twinzahra\app\Controllers\Products.php(7): view('products/index')
#4 C:\xampp\htdocs\twinzahra\system\CodeIgniter.php(922): App\Controllers\Products->index()
#5 C:\xampp\htdocs\twinzahra\system\CodeIgniter.php(408): CodeIgniter\CodeIgniter->runController(Object(App\Controllers\Products))
#6 C:\xampp\htdocs\twinzahra\system\CodeIgniter.php(316): CodeIgniter\CodeIgniter->handleRequest(NULL, Object(Config\Cache), false)
#7 C:\xampp\htdocs\twinzahra\index.php(45): CodeIgniter\CodeIgniter->run()
#8 {main}
CRITICAL - 2020-10-21 13:19:32 --> Undefined variable: BASE_URL
#0 C:\xampp\htdocs\twinzahra\app\Views\products\tab_database.php(53): CodeIgniter\Debug\Exceptions->errorHandler(8, 'Undefined varia...', 'C:\\xampp\\htdocs...', 53, Array)
#1 C:\xampp\htdocs\twinzahra\system\View\View.php(246): include('C:\\xampp\\htdocs...')
#2 C:\xampp\htdocs\twinzahra\system\View\View.php(525): CodeIgniter\View\View->render('products/tab_da...', NULL, true)
#3 C:\xampp\htdocs\twinzahra\app\Views\products\index.php(60): CodeIgniter\View\View->include('products/tab_da...')
#4 C:\xampp\htdocs\twinzahra\system\View\View.php(246): include('C:\\xampp\\htdocs...')
#5 C:\xampp\htdocs\twinzahra\system\Common.php(1119): CodeIgniter\View\View->render('products/index', Array, true)
#6 C:\xampp\htdocs\twinzahra\app\Controllers\Products.php(7): view('products/index')
#7 C:\xampp\htdocs\twinzahra\system\CodeIgniter.php(922): App\Controllers\Products->index()
#8 C:\xampp\htdocs\twinzahra\system\CodeIgniter.php(408): CodeIgniter\CodeIgniter->runController(Object(App\Controllers\Products))
#9 C:\xampp\htdocs\twinzahra\system\CodeIgniter.php(316): CodeIgniter\CodeIgniter->handleRequest(NULL, Object(Config\Cache), false)
#10 C:\xampp\htdocs\twinzahra\index.php(45): CodeIgniter\CodeIgniter->run()
#11 {main}
CRITICAL - 2020-10-21 13:53:23 --> Call to undefined function baseurl()
#0 C:\xampp\htdocs\twinzahra\system\View\View.php(246): include()
#1 C:\xampp\htdocs\twinzahra\system\Common.php(1119): CodeIgniter\View\View->render('products/index', Array, true)
#2 C:\xampp\htdocs\twinzahra\app\Controllers\Products.php(7): view('products/index')
#3 C:\xampp\htdocs\twinzahra\system\CodeIgniter.php(922): App\Controllers\Products->index()
#4 C:\xampp\htdocs\twinzahra\system\CodeIgniter.php(408): CodeIgniter\CodeIgniter->runController(Object(App\Controllers\Products))
#5 C:\xampp\htdocs\twinzahra\system\CodeIgniter.php(316): CodeIgniter\CodeIgniter->handleRequest(NULL, Object(Config\Cache), false)
#6 C:\xampp\htdocs\twinzahra\index.php(45): CodeIgniter\CodeIgniter->run()
#7 {main}
CRITICAL - 2020-10-21 13:58:53 --> View themes, no current section.
#0 C:\xampp\htdocs\twinzahra\app\Views\products\index.php(395): CodeIgniter\View\View->endSection()
#1 C:\xampp\htdocs\twinzahra\system\View\View.php(246): include('C:\\xampp\\htdocs...')
#2 C:\xampp\htdocs\twinzahra\system\Common.php(1119): CodeIgniter\View\View->render('products/index', Array, true)
#3 C:\xampp\htdocs\twinzahra\app\Controllers\Products.php(7): view('products/index')
#4 C:\xampp\htdocs\twinzahra\system\CodeIgniter.php(922): App\Controllers\Products->index()
#5 C:\xampp\htdocs\twinzahra\system\CodeIgniter.php(408): CodeIgniter\CodeIgniter->runController(Object(App\Controllers\Products))
#6 C:\xampp\htdocs\twinzahra\system\CodeIgniter.php(316): CodeIgniter\CodeIgniter->handleRequest(NULL, Object(Config\Cache), false)
#7 C:\xampp\htdocs\twinzahra\index.php(45): CodeIgniter\CodeIgniter->run()
#8 {main}
CRITICAL - 2020-10-21 14:08:19 --> Invalid file: {0}
#0 C:\xampp\htdocs\twinzahra\system\View\View.php(228): CodeIgniter\Exceptions\FrameworkException::forInvalidFile('products.php')
#1 C:\xampp\htdocs\twinzahra\system\Common.php(1119): CodeIgniter\View\View->render('products', Array, true)
#2 C:\xampp\htdocs\twinzahra\app\Views\products\index.php(219): view('products')
#3 C:\xampp\htdocs\twinzahra\system\View\View.php(246): include('C:\\xampp\\htdocs...')
#4 C:\xampp\htdocs\twinzahra\system\Common.php(1119): CodeIgniter\View\View->render('products/index', Array, true)
#5 C:\xampp\htdocs\twinzahra\app\Controllers\Products.php(7): view('products/index')
#6 C:\xampp\htdocs\twinzahra\system\CodeIgniter.php(922): App\Controllers\Products->index()
#7 C:\xampp\htdocs\twinzahra\system\CodeIgniter.php(408): CodeIgniter\CodeIgniter->runController(Object(App\Controllers\Products))
#8 C:\xampp\htdocs\twinzahra\system\CodeIgniter.php(316): CodeIgniter\CodeIgniter->handleRequest(NULL, Object(Config\Cache), false)
#9 C:\xampp\htdocs\twinzahra\index.php(45): CodeIgniter\CodeIgniter->run()
#10 {main}
CRITICAL - 2020-10-21 14:11:46 --> Invalid file: {0}
#0 C:\xampp\htdocs\twinzahra\system\View\View.php(228): CodeIgniter\Exceptions\FrameworkException::forInvalidFile('products/tab_da...')
#1 C:\xampp\htdocs\twinzahra\system\Common.php(1119): CodeIgniter\View\View->render('products/tab_da...', Array, true)
#2 C:\xampp\htdocs\twinzahra\app\Views\products\index.php(219): view('products/tab_da...')
#3 C:\xampp\htdocs\twinzahra\system\View\View.php(246): include('C:\\xampp\\htdocs...')
#4 C:\xampp\htdocs\twinzahra\system\Common.php(1119): CodeIgniter\View\View->render('products/index', Array, true)
#5 C:\xampp\htdocs\twinzahra\app\Controllers\Products.php(7): view('products/index')
#6 C:\xampp\htdocs\twinzahra\system\CodeIgniter.php(922): App\Controllers\Products->index()
#7 C:\xampp\htdocs\twinzahra\system\CodeIgniter.php(408): CodeIgniter\CodeIgniter->runController(Object(App\Controllers\Products))
#8 C:\xampp\htdocs\twinzahra\system\CodeIgniter.php(316): CodeIgniter\CodeIgniter->handleRequest(NULL, Object(Config\Cache), false)
#9 C:\xampp\htdocs\twinzahra\index.php(45): CodeIgniter\CodeIgniter->run()
#10 {main}
CRITICAL - 2020-10-21 14:15:11 --> Invalid file: {0}
#0 C:\xampp\htdocs\twinzahra\system\View\View.php(228): CodeIgniter\Exceptions\FrameworkException::forInvalidFile('products.php')
#1 C:\xampp\htdocs\twinzahra\system\Common.php(1119): CodeIgniter\View\View->render('products', Array, true)
#2 C:\xampp\htdocs\twinzahra\app\Views\products\index.php(219): view('products')
#3 C:\xampp\htdocs\twinzahra\system\View\View.php(246): include('C:\\xampp\\htdocs...')
#4 C:\xampp\htdocs\twinzahra\system\Common.php(1119): CodeIgniter\View\View->render('products/index', Array, true)
#5 C:\xampp\htdocs\twinzahra\app\Controllers\Products.php(7): view('products/index')
#6 C:\xampp\htdocs\twinzahra\system\CodeIgniter.php(922): App\Controllers\Products->index()
#7 C:\xampp\htdocs\twinzahra\system\CodeIgniter.php(408): CodeIgniter\CodeIgniter->runController(Object(App\Controllers\Products))
#8 C:\xampp\htdocs\twinzahra\system\CodeIgniter.php(316): CodeIgniter\CodeIgniter->handleRequest(NULL, Object(Config\Cache), false)
#9 C:\xampp\htdocs\twinzahra\index.php(45): CodeIgniter\CodeIgniter->run()
#10 {main}
CRITICAL - 2020-10-21 14:16:28 --> Invalid file: {0}
#0 C:\xampp\htdocs\twinzahra\system\View\View.php(228): CodeIgniter\Exceptions\FrameworkException::forInvalidFile('products.php')
#1 C:\xampp\htdocs\twinzahra\system\Common.php(1119): CodeIgniter\View\View->render('products', Array, true)
#2 C:\xampp\htdocs\twinzahra\app\Views\products\index.php(219): view('products')
#3 C:\xampp\htdocs\twinzahra\system\View\View.php(246): include('C:\\xampp\\htdocs...')
#4 C:\xampp\htdocs\twinzahra\system\Common.php(1119): CodeIgniter\View\View->render('products/index', Array, true)
#5 C:\xampp\htdocs\twinzahra\app\Controllers\Products.php(7): view('products/index')
#6 C:\xampp\htdocs\twinzahra\system\CodeIgniter.php(922): App\Controllers\Products->index()
#7 C:\xampp\htdocs\twinzahra\system\CodeIgniter.php(408): CodeIgniter\CodeIgniter->runController(Object(App\Controllers\Products))
#8 C:\xampp\htdocs\twinzahra\system\CodeIgniter.php(316): CodeIgniter\CodeIgniter->handleRequest(NULL, Object(Config\Cache), false)
#9 C:\xampp\htdocs\twinzahra\index.php(45): CodeIgniter\CodeIgniter->run()
#10 {main}
CRITICAL - 2020-10-21 14:22:01 --> Too few arguments to function view(), 0 passed in C:\xampp\htdocs\twinzahra\app\Views\products\index.php on line 219 and at least 1 expected
#0 C:\xampp\htdocs\twinzahra\app\Views\products\index.php(219): view()
#1 C:\xampp\htdocs\twinzahra\system\View\View.php(246): include('C:\\xampp\\htdocs...')
#2 C:\xampp\htdocs\twinzahra\system\Common.php(1119): CodeIgniter\View\View->render('products/index', Array, true)
#3 C:\xampp\htdocs\twinzahra\app\Controllers\Products.php(7): view('products/index')
#4 C:\xampp\htdocs\twinzahra\system\CodeIgniter.php(922): App\Controllers\Products->index()
#5 C:\xampp\htdocs\twinzahra\system\CodeIgniter.php(408): CodeIgniter\CodeIgniter->runController(Object(App\Controllers\Products))
#6 C:\xampp\htdocs\twinzahra\system\CodeIgniter.php(316): CodeIgniter\CodeIgniter->handleRequest(NULL, Object(Config\Cache), false)
#7 C:\xampp\htdocs\twinzahra\index.php(45): CodeIgniter\CodeIgniter->run()
#8 {main}
CRITICAL - 2020-10-21 14:22:32 --> syntax error, unexpected '',' (T_CONSTANT_ENCAPSED_STRING), expecting ',' or ';'
#0 C:\xampp\htdocs\twinzahra\system\Common.php(1119): CodeIgniter\View\View->render('products/index', Array, true)
#1 C:\xampp\htdocs\twinzahra\app\Controllers\Products.php(7): view('products/index')
#2 C:\xampp\htdocs\twinzahra\system\CodeIgniter.php(922): App\Controllers\Products->index()
#3 C:\xampp\htdocs\twinzahra\system\CodeIgniter.php(408): CodeIgniter\CodeIgniter->runController(Object(App\Controllers\Products))
#4 C:\xampp\htdocs\twinzahra\system\CodeIgniter.php(316): CodeIgniter\CodeIgniter->handleRequest(NULL, Object(Config\Cache), false)
#5 C:\xampp\htdocs\twinzahra\index.php(45): CodeIgniter\CodeIgniter->run()
#6 {main}
CRITICAL - 2020-10-21 14:22:57 --> syntax error, unexpected '',' (T_CONSTANT_ENCAPSED_STRING), expecting ',' or ';'
#0 C:\xampp\htdocs\twinzahra\system\Common.php(1119): CodeIgniter\View\View->render('products/index', Array, true)
#1 C:\xampp\htdocs\twinzahra\app\Controllers\Products.php(7): view('products/index')
#2 C:\xampp\htdocs\twinzahra\system\CodeIgniter.php(922): App\Controllers\Products->index()
#3 C:\xampp\htdocs\twinzahra\system\CodeIgniter.php(408): CodeIgniter\CodeIgniter->runController(Object(App\Controllers\Products))
#4 C:\xampp\htdocs\twinzahra\system\CodeIgniter.php(316): CodeIgniter\CodeIgniter->handleRequest(NULL, Object(Config\Cache), false)
#5 C:\xampp\htdocs\twinzahra\index.php(45): CodeIgniter\CodeIgniter->run()
#6 {main}
CRITICAL - 2020-10-21 14:23:53 --> syntax error, unexpected '',' (T_CONSTANT_ENCAPSED_STRING), expecting ',' or ';'
#0 C:\xampp\htdocs\twinzahra\system\Common.php(1119): CodeIgniter\View\View->render('products/index', Array, true)
#1 C:\xampp\htdocs\twinzahra\app\Controllers\Products.php(7): view('products/index')
#2 C:\xampp\htdocs\twinzahra\system\CodeIgniter.php(922): App\Controllers\Products->index()
#3 C:\xampp\htdocs\twinzahra\system\CodeIgniter.php(408): CodeIgniter\CodeIgniter->runController(Object(App\Controllers\Products))
#4 C:\xampp\htdocs\twinzahra\system\CodeIgniter.php(316): CodeIgniter\CodeIgniter->handleRequest(NULL, Object(Config\Cache), false)
#5 C:\xampp\htdocs\twinzahra\index.php(45): CodeIgniter\CodeIgniter->run()
#6 {main}
CRITICAL - 2020-10-21 15:06:02 --> Trying to get property 'total_rows' of non-object
#0 C:\xampp\htdocs\twinzahra\app\Views\products\tab_database.php(110): CodeIgniter\Debug\Exceptions->errorHandler(8, 'Trying to get p...', 'C:\\xampp\\htdocs...', 110, Array)
#1 C:\xampp\htdocs\twinzahra\system\View\View.php(246): include('C:\\xampp\\htdocs...')
#2 C:\xampp\htdocs\twinzahra\system\View\View.php(525): CodeIgniter\View\View->render('products/tab_da...', NULL, true)
#3 C:\xampp\htdocs\twinzahra\app\Views\products\index.php(88): CodeIgniter\View\View->include('products/tab_da...')
#4 C:\xampp\htdocs\twinzahra\system\View\View.php(246): include('C:\\xampp\\htdocs...')
#5 C:\xampp\htdocs\twinzahra\system\Common.php(1119): CodeIgniter\View\View->render('products/index', Array, true)
#6 C:\xampp\htdocs\twinzahra\app\Controllers\Products.php(7): view('products/index')
#7 C:\xampp\htdocs\twinzahra\system\CodeIgniter.php(922): App\Controllers\Products->index()
#8 C:\xampp\htdocs\twinzahra\system\CodeIgniter.php(408): CodeIgniter\CodeIgniter->runController(Object(App\Controllers\Products))
#9 C:\xampp\htdocs\twinzahra\system\CodeIgniter.php(316): CodeIgniter\CodeIgniter->handleRequest(NULL, Object(Config\Cache), false)
#10 C:\xampp\htdocs\twinzahra\index.php(45): CodeIgniter\CodeIgniter->run()
#11 {main}
CRITICAL - 2020-10-21 15:06:04 --> Trying to get property 'total_rows' of non-object
#0 C:\xampp\htdocs\twinzahra\app\Views\products\tab_database.php(110): CodeIgniter\Debug\Exceptions->errorHandler(8, 'Trying to get p...', 'C:\\xampp\\htdocs...', 110, Array)
#1 C:\xampp\htdocs\twinzahra\system\View\View.php(246): include('C:\\xampp\\htdocs...')
#2 C:\xampp\htdocs\twinzahra\system\View\View.php(525): CodeIgniter\View\View->render('products/tab_da...', NULL, true)
#3 C:\xampp\htdocs\twinzahra\app\Views\products\index.php(88): CodeIgniter\View\View->include('products/tab_da...')
#4 C:\xampp\htdocs\twinzahra\system\View\View.php(246): include('C:\\xampp\\htdocs...')
#5 C:\xampp\htdocs\twinzahra\system\Common.php(1119): CodeIgniter\View\View->render('products/index', Array, true)
#6 C:\xampp\htdocs\twinzahra\app\Controllers\Products.php(7): view('products/index')
#7 C:\xampp\htdocs\twinzahra\system\CodeIgniter.php(922): App\Controllers\Products->index()
#8 C:\xampp\htdocs\twinzahra\system\CodeIgniter.php(408): CodeIgniter\CodeIgniter->runController(Object(App\Controllers\Products))
#9 C:\xampp\htdocs\twinzahra\system\CodeIgniter.php(316): CodeIgniter\CodeIgniter->handleRequest(NULL, Object(Config\Cache), false)
#10 C:\xampp\htdocs\twinzahra\index.php(45): CodeIgniter\CodeIgniter->run()
#11 {main}
CRITICAL - 2020-10-21 15:07:02 --> Trying to get property 'total_rows' of non-object
#0 C:\xampp\htdocs\twinzahra\app\Views\products\tab_database.php(110): CodeIgniter\Debug\Exceptions->errorHandler(8, 'Trying to get p...', 'C:\\xampp\\htdocs...', 110, Array)
#1 C:\xampp\htdocs\twinzahra\system\View\View.php(246): include('C:\\xampp\\htdocs...')
#2 C:\xampp\htdocs\twinzahra\system\View\View.php(525): CodeIgniter\View\View->render('products/tab_da...', NULL, true)
#3 C:\xampp\htdocs\twinzahra\app\Views\products\index.php(88): CodeIgniter\View\View->include('products/tab_da...')
#4 C:\xampp\htdocs\twinzahra\system\View\View.php(246): include('C:\\xampp\\htdocs...')
#5 C:\xampp\htdocs\twinzahra\system\Common.php(1119): CodeIgniter\View\View->render('products/index', Array, true)
#6 C:\xampp\htdocs\twinzahra\app\Controllers\Products.php(7): view('products/index')
#7 C:\xampp\htdocs\twinzahra\system\CodeIgniter.php(922): App\Controllers\Products->index()
#8 C:\xampp\htdocs\twinzahra\system\CodeIgniter.php(408): CodeIgniter\CodeIgniter->runController(Object(App\Controllers\Products))
#9 C:\xampp\htdocs\twinzahra\system\CodeIgniter.php(316): CodeIgniter\CodeIgniter->handleRequest(NULL, Object(Config\Cache), false)
#10 C:\xampp\htdocs\twinzahra\index.php(45): CodeIgniter\CodeIgniter->run()
#11 {main}
CRITICAL - 2020-10-21 15:07:25 --> Trying to get property 'total_rows' of non-object
#0 C:\xampp\htdocs\twinzahra\app\Views\products\tab_database.php(110): CodeIgniter\Debug\Exceptions->errorHandler(8, 'Trying to get p...', 'C:\\xampp\\htdocs...', 110, Array)
#1 C:\xampp\htdocs\twinzahra\system\View\View.php(246): include('C:\\xampp\\htdocs...')
#2 C:\xampp\htdocs\twinzahra\system\View\View.php(525): CodeIgniter\View\View->render('products/tab_da...', NULL, true)
#3 C:\xampp\htdocs\twinzahra\app\Views\products\index.php(88): CodeIgniter\View\View->include('products/tab_da...')
#4 C:\xampp\htdocs\twinzahra\system\View\View.php(246): include('C:\\xampp\\htdocs...')
#5 C:\xampp\htdocs\twinzahra\system\Common.php(1119): CodeIgniter\View\View->render('products/index', Array, true)
#6 C:\xampp\htdocs\twinzahra\app\Controllers\Products.php(7): view('products/index')
#7 C:\xampp\htdocs\twinzahra\system\CodeIgniter.php(922): App\Controllers\Products->index()
#8 C:\xampp\htdocs\twinzahra\system\CodeIgniter.php(408): CodeIgniter\CodeIgniter->runController(Object(App\Controllers\Products))
#9 C:\xampp\htdocs\twinzahra\system\CodeIgniter.php(316): CodeIgniter\CodeIgniter->handleRequest(NULL, Object(Config\Cache), false)
#10 C:\xampp\htdocs\twinzahra\index.php(45): CodeIgniter\CodeIgniter->run()
#11 {main}
CRITICAL - 2020-10-21 22:26:48 --> Trying to get property 'total_rows' of non-object
#0 C:\xampp\htdocs\twinzahra\app\Views\products\tab_database.php(110): CodeIgniter\Debug\Exceptions->errorHandler(8, 'Trying to get p...', 'C:\\xampp\\htdocs...', 110, Array)
#1 C:\xampp\htdocs\twinzahra\system\View\View.php(246): include('C:\\xampp\\htdocs...')
#2 C:\xampp\htdocs\twinzahra\system\View\View.php(525): CodeIgniter\View\View->render('products/tab_da...', NULL, true)
#3 C:\xampp\htdocs\twinzahra\app\Views\products\index.php(88): CodeIgniter\View\View->include('products/tab_da...')
#4 C:\xampp\htdocs\twinzahra\system\View\View.php(246): include('C:\\xampp\\htdocs...')
#5 C:\xampp\htdocs\twinzahra\system\Common.php(1119): CodeIgniter\View\View->render('products/index', Array, true)
#6 C:\xampp\htdocs\twinzahra\app\Controllers\Products.php(7): view('products/index')
#7 C:\xampp\htdocs\twinzahra\system\CodeIgniter.php(922): App\Controllers\Products->index()
#8 C:\xampp\htdocs\twinzahra\system\CodeIgniter.php(408): CodeIgniter\CodeIgniter->runController(Object(App\Controllers\Products))
#9 C:\xampp\htdocs\twinzahra\system\CodeIgniter.php(316): CodeIgniter\CodeIgniter->handleRequest(NULL, Object(Config\Cache), false)
#10 C:\xampp\htdocs\twinzahra\index.php(45): CodeIgniter\CodeIgniter->run()
#11 {main}
CRITICAL - 2020-10-21 22:39:07 --> syntax error, unexpected '<', expecting end of file
#0 C:\xampp\htdocs\twinzahra\system\Common.php(1119): CodeIgniter\View\View->render('products/index', Array, true)
#1 C:\xampp\htdocs\twinzahra\app\Controllers\Products.php(7): view('products/index')
#2 C:\xampp\htdocs\twinzahra\system\CodeIgniter.php(922): App\Controllers\Products->index()
#3 C:\xampp\htdocs\twinzahra\system\CodeIgniter.php(408): CodeIgniter\CodeIgniter->runController(Object(App\Controllers\Products))
#4 C:\xampp\htdocs\twinzahra\system\CodeIgniter.php(316): CodeIgniter\CodeIgniter->handleRequest(NULL, Object(Config\Cache), false)
#5 C:\xampp\htdocs\twinzahra\index.php(45): CodeIgniter\CodeIgniter->run()
#6 {main}
CRITICAL - 2020-10-21 22:39:40 --> syntax error, unexpected '<', expecting end of file
#0 C:\xampp\htdocs\twinzahra\system\Common.php(1119): CodeIgniter\View\View->render('products/index', Array, true)
#1 C:\xampp\htdocs\twinzahra\app\Controllers\Products.php(7): view('products/index')
#2 C:\xampp\htdocs\twinzahra\system\CodeIgniter.php(922): App\Controllers\Products->index()
#3 C:\xampp\htdocs\twinzahra\system\CodeIgniter.php(408): CodeIgniter\CodeIgniter->runController(Object(App\Controllers\Products))
#4 C:\xampp\htdocs\twinzahra\system\CodeIgniter.php(316): CodeIgniter\CodeIgniter->handleRequest(NULL, Object(Config\Cache), false)
#5 C:\xampp\htdocs\twinzahra\index.php(45): CodeIgniter\CodeIgniter->run()
#6 {main}
CRITICAL - 2020-10-21 23:13:09 --> Trying to get property 'total_rows' of non-object
#0 C:\xampp\htdocs\twinzahra\app\Views\products\tab_database.php(110): CodeIgniter\Debug\Exceptions->errorHandler(8, 'Trying to get p...', 'C:\\xampp\\htdocs...', 110, Array)
#1 C:\xampp\htdocs\twinzahra\system\View\View.php(246): include('C:\\xampp\\htdocs...')
#2 C:\xampp\htdocs\twinzahra\system\Common.php(1119): CodeIgniter\View\View->render('products/tab_da...', Array, true)
#3 C:\xampp\htdocs\twinzahra\app\Controllers\Tab_database_product.php(7): view('products/tab_da...')
#4 C:\xampp\htdocs\twinzahra\system\CodeIgniter.php(922): App\Controllers\Tab_database_product->index()
#5 C:\xampp\htdocs\twinzahra\system\CodeIgniter.php(408): CodeIgniter\CodeIgniter->runController(Object(App\Controllers\Tab_database_product))
#6 C:\xampp\htdocs\twinzahra\system\CodeIgniter.php(316): CodeIgniter\CodeIgniter->handleRequest(NULL, Object(Config\Cache), false)
#7 C:\xampp\htdocs\twinzahra\index.php(45): CodeIgniter\CodeIgniter->run()
#8 {main}
CRITICAL - 2020-10-21 23:14:08 --> Trying to get property 'total_rows' of non-object
#0 C:\xampp\htdocs\twinzahra\app\Views\products\tab_database.php(110): CodeIgniter\Debug\Exceptions->errorHandler(8, 'Trying to get p...', 'C:\\xampp\\htdocs...', 110, Array)
#1 C:\xampp\htdocs\twinzahra\system\View\View.php(246): include('C:\\xampp\\htdocs...')
#2 C:\xampp\htdocs\twinzahra\system\Common.php(1119): CodeIgniter\View\View->render('products/tab_da...', Array, true)
#3 C:\xampp\htdocs\twinzahra\app\Controllers\Tab_database_product.php(7): view('products/tab_da...')
#4 C:\xampp\htdocs\twinzahra\system\CodeIgniter.php(922): App\Controllers\Tab_database_product->index()
#5 C:\xampp\htdocs\twinzahra\system\CodeIgniter.php(408): CodeIgniter\CodeIgniter->runController(Object(App\Controllers\Tab_database_product))
#6 C:\xampp\htdocs\twinzahra\system\CodeIgniter.php(316): CodeIgniter\CodeIgniter->handleRequest(NULL, Object(Config\Cache), false)
#7 C:\xampp\htdocs\twinzahra\index.php(45): CodeIgniter\CodeIgniter->run()
#8 {main}
CRITICAL - 2020-10-21 23:14:08 --> Uncaught CodeIgniter\Format\Exceptions\FormatException: Failed to parse json string, error: "{0}". in C:\xampp\htdocs\twinzahra\system\Format\Exceptions\FormatException.php:9
Stack trace:
#0 C:\xampp\htdocs\twinzahra\system\Format\JSONFormatter.php(71): CodeIgniter\Format\Exceptions\FormatException::forInvalidJSON('Type is not sup...')
#1 C:\xampp\htdocs\twinzahra\system\API\ResponseTrait.php(414): CodeIgniter\Format\JSONFormatter->format(Array)
#2 C:\xampp\htdocs\twinzahra\system\API\ResponseTrait.php(134): CodeIgniter\Debug\Exceptions->format(Array)
#3 C:\xampp\htdocs\twinzahra\system\Debug\Exceptions.php(168): CodeIgniter\Debug\Exceptions->respond(Array, 500)
#4 [internal function]: CodeIgniter\Debug\Exceptions->exceptionHandler(Object(ErrorException))
#5 {main}
  thrown
#0 [internal function]: CodeIgniter\Debug\Exceptions->shutdownHandler()
#1 {main}
CRITICAL - 2020-10-21 23:14:26 --> Trying to get property 'total_rows' of non-object
#0 C:\xampp\htdocs\twinzahra\app\Views\products\tab_database.php(110): CodeIgniter\Debug\Exceptions->errorHandler(8, 'Trying to get p...', 'C:\\xampp\\htdocs...', 110, Array)
#1 C:\xampp\htdocs\twinzahra\system\View\View.php(246): include('C:\\xampp\\htdocs...')
#2 C:\xampp\htdocs\twinzahra\system\Common.php(1119): CodeIgniter\View\View->render('products/tab_da...', Array, true)
#3 C:\xampp\htdocs\twinzahra\app\Controllers\Tab_database_product.php(7): view('products/tab_da...')
#4 C:\xampp\htdocs\twinzahra\system\CodeIgniter.php(922): App\Controllers\Tab_database_product->index()
#5 C:\xampp\htdocs\twinzahra\system\CodeIgniter.php(408): CodeIgniter\CodeIgniter->runController(Object(App\Controllers\Tab_database_product))
#6 C:\xampp\htdocs\twinzahra\system\CodeIgniter.php(316): CodeIgniter\CodeIgniter->handleRequest(NULL, Object(Config\Cache), false)
#7 C:\xampp\htdocs\twinzahra\index.php(45): CodeIgniter\CodeIgniter->run()
#8 {main}
